#
# A fatal error has been detected by the Java Runtime Environment:
#
#  SIGSEGV (0xb) at pc=0x00007fb791069eba, pid=11763, tid=0x00007fb784a25700
#
# JRE version: Java(TM) SE Runtime Environment (8.0_201-b09) (build 1.8.0_201-b09)
# Java VM: Java HotSpot(TM) 64-Bit Server VM (25.201-b09 mixed mode linux-amd64 compressed oops)
# Problematic frame:
# v  ~BufferBlob::jni_fast_GetLongField
#
# Failed to write core dump. Core dumps have been disabled. To enable core dumping, try "ulimit -c unlimited" before starting Java again
#
# If you would like to submit a bug report, please visit:
#   http://bugreport.java.com/bugreport/crash.jsp
# The crash happened outside the Java Virtual Machine in native code.
# See problematic frame for where to report the bug.
#

---------------  T H R E A D  ---------------

Current thread (0x00007fb7a02db800):  JavaThread "AWT-XAWT" daemon [_thread_in_native, id=11781, stack(0x00007fb784925000,0x00007fb784a26000)]

siginfo: si_signo: 11 (SIGSEGV), si_code: 1 (SEGV_MAPERR), si_addr: 0x0000000000000000

Registers:
RAX=0x00007fb7a7cda400, RBX=0x00007fb7a02db9f8, RCX=0x0000000000000001, RDX=0x0000000000000042
RSP=0x00007fb784a247f8, RBP=0x00007fb784a24820, RSI=0x0000000000000000, RDI=0x00007fb7a02db9f8
R8 =0x00007fb786273ab0, R9 =0x0000000000000000, R10=0x0000000000000014, R11=0x00007fb7a770cdb0
R12=0x0000000000000000, R13=0x0000000000000000, R14=0x00007fb7869b7b00, R15=0x00007fb7a02db800
RIP=0x00007fb791069eba, EFLAGS=0x0000000000010246, CSGSFS=0x002b000000000033, ERR=0x0000000000000004
  TRAPNO=0x000000000000000e

Top of Stack: (sp=0x00007fb784a247f8)
0x00007fb784a247f8:   00007fb786795f24 00007fb78cfd0688
0x00007fb784a24808:   0000000000000000 00007fb78cfd0688
0x00007fb784a24818:   00007fb784a24908 00007fb73800c1d0
0x00007fb784a24828:   00007fb78627bc4d 00007fb78cfd0688
0x00007fb784a24838:   00007fb784a24860 0000000000000000
0x00007fb784a24848:   00007fb786273ad3 00007fb78cfd0688
0x00007fb784a24858:   00007fb78678e2af 00007fb784a248d0
0x00007fb784a24868:   00007fb7910186c7 00007fb784a24950
0x00007fb784a24878:   00007fb79122dbcc 00007fb784a24950
0x00007fb784a24888:   00007fb79121dfa4 00007fb784a24890
0x00007fb784a24898:   0000000000000000 00007fb784a24908
0x00007fb784a248a8:   00007fb78cfd4d18 0000000000000000
0x00007fb784a248b8:   00007fb78cfd0688 0000000000000000
0x00007fb784a248c8:   00007fb784a248f0 00007fb784a24950
0x00007fb784a248d8:   00007fb791007a90 00000000d7de4210
0x00007fb784a248e8:   00007fb791011d00 0000000000000000
0x00007fb784a248f8:   00007fb784a24950 00007fb740001260
0x00007fb784a24908:   00000000d7fcb9e0 00007fb784a24910
0x00007fb784a24918:   00007fb78d0abaa4 00007fb784a24998
0x00007fb784a24928:   00007fb78d0b4a20 0000000000000000
0x00007fb784a24938:   00007fb78d0abbe0 00007fb784a248f0
0x00007fb784a24948:   00007fb784a24990 00007fb784a249e0
0x00007fb784a24958:   00007fb7910082bd 0000000000000000
0x00007fb784a24968:   00000000d82615c0 0000000000000000
0x00007fb784a24978:   0000000000000000 0000000000000000
0x00007fb784a24988:   00000000d7fcb9e0 0000000000000000
0x00007fb784a24998:   00000000d7edd460 00007fb784a249a0
0x00007fb784a249a8:   00007fb78d0ab8e5 00007fb784a249f0
0x00007fb784a249b8:   00007fb78d0b4a20 0000000000000000
0x00007fb784a249c8:   00007fb78d0ab8f0 00007fb784a24990
0x00007fb784a249d8:   00007fb784a249f0 00007fb784a24a38
0x00007fb784a249e8:   00007fb791008302 00000000d7edd460 

Instructions: (pc=0x00007fb791069eba)
0x00007fb791069e9a:   00 00 00 00 00 00 44 8b 15 95 00 cb 16 4c 8b ce
0x00007fb791069eaa:   41 f6 c2 01 0f 85 2e 00 00 00 4d 33 ca 4d 33 ca
0x00007fb791069eba:   4d 8b 09 4c 8b da 49 c1 eb 02 4b 8b 04 19 49 bb
0x00007fb791069eca:   3c 9f d1 a7 b7 7f 00 00 4c 33 d8 4c 33 d8 45 3b 

Register to memory mapping:

RAX=0x00007fb7a7cda400: <offset 0xf8d400> in /usr/lib/jvm/java-8-oracle/jre/lib/amd64/server/libjvm.so at 0x00007fb7a6d4d000
RBX=0x00007fb7a02db9f8 is an unknown value
RCX=0x0000000000000001 is an unknown value
RDX=0x0000000000000042 is an unknown value
RSP=0x00007fb784a247f8 is pointing into the stack for thread: 0x00007fb7a02db800
RBP=0x00007fb784a24820 is pointing into the stack for thread: 0x00007fb7a02db800
RSI=0x0000000000000000 is an unknown value
RDI=0x00007fb7a02db9f8 is an unknown value
R8 =0x00007fb786273ab0: <offset 0x5cab0> in /usr/lib/x86_64-linux-gnu/libX11.so.6 at 0x00007fb786217000
R9 =0x0000000000000000 is an unknown value
R10=0x0000000000000014 is an unknown value
R11=0x00007fb7a770cdb0: <offset 0x9bfdb0> in /usr/lib/jvm/java-8-oracle/jre/lib/amd64/server/libjvm.so at 0x00007fb7a6d4d000
R12=0x0000000000000000 is an unknown value
R13=0x0000000000000000 is an unknown value
R14=0x00007fb7869b7b00: <offset 0x256b00> in /usr/lib/jvm/java-8-oracle/jre/lib/amd64/libawt_xawt.so at 0x00007fb786761000
R15=0x00007fb7a02db800 is a thread


Stack: [0x00007fb784925000,0x00007fb784a26000],  sp=0x00007fb784a247f8,  free space=1021k
Native frames: (J=compiled Java code, j=interpreted, Vv=VM code, C=native code)
v  ~BufferBlob::jni_fast_GetLongField
C  [libX11.so.6+0x64c4d]  _XimServerDestroy+0x3d

Java frames: (J=compiled Java code, j=interpreted, Vv=VM code)
j  sun.awt.X11.XlibWrapper.XFilterEvent(JJ)Z+0
j  sun.awt.X11.XToolkit.run(Z)V+300
j  sun.awt.X11.XToolkit.run()V+5
j  java.lang.Thread.run()V+11
v  ~StubRoutines::call_stub

---------------  P R O C E S S  ---------------

Java Threads: ( => current thread )
  0x00007fb760001000 JavaThread "Attach Listener" daemon [_thread_blocked, id=11788, stack(0x00007fb77fbfe000,0x00007fb77fcff000)]
  0x00007fb738014000 JavaThread "TimerQueue" daemon [_thread_blocked, id=11784, stack(0x00007fb77fcff000,0x00007fb77fe00000)]
  0x00007fb7a000c800 JavaThread "DestroyJavaVM" [_thread_blocked, id=11764, stack(0x00007fb7a885a000,0x00007fb7a895a000)]
  0x00007fb7a03cd000 JavaThread "AWT-EventQueue-0" [_thread_blocked, id=11783, stack(0x00007fb78409e000,0x00007fb78419f000)]
  0x00007fb7a034c800 JavaThread "AWT-Shutdown" [_thread_blocked, id=11782, stack(0x00007fb784624000,0x00007fb784725000)]
=>0x00007fb7a02db800 JavaThread "AWT-XAWT" daemon [_thread_in_native, id=11781, stack(0x00007fb784925000,0x00007fb784a26000)]
  0x00007fb7a02bc000 JavaThread "Java2D Disposer" daemon [_thread_blocked, id=11780, stack(0x00007fb784e36000,0x00007fb784f37000)]
  0x00007fb7a01f3000 JavaThread "Service Thread" daemon [_thread_blocked, id=11777, stack(0x00007fb786d89000,0x00007fb786e8a000)]
  0x00007fb7a01ee000 JavaThread "C1 CompilerThread2" daemon [_thread_blocked, id=11776, stack(0x00007fb786e8b000,0x00007fb786f8b000)]
  0x00007fb7a01ec000 JavaThread "C2 CompilerThread1" daemon [_thread_blocked, id=11775, stack(0x00007fb786f8c000,0x00007fb78708c000)]
  0x00007fb7a01ea000 JavaThread "C2 CompilerThread0" daemon [_thread_blocked, id=11774, stack(0x00007fb7872a5000,0x00007fb7873a5000)]
  0x00007fb7a01e8000 JavaThread "Monitor Ctrl-Break" daemon [_thread_in_native, id=11773, stack(0x00007fb7873a5000,0x00007fb7874a6000)]
  0x00007fb7a0181000 JavaThread "Signal Dispatcher" daemon [_thread_blocked, id=11772, stack(0x00007fb7874a6000,0x00007fb7875a7000)]
  0x00007fb7a014e000 JavaThread "Finalizer" daemon [_thread_blocked, id=11771, stack(0x00007fb787afb000,0x00007fb787bfc000)]
  0x00007fb7a014b800 JavaThread "Reference Handler" daemon [_thread_blocked, id=11770, stack(0x00007fb787bfc000,0x00007fb787cfd000)]

Other Threads:
  0x00007fb7a0142000 VMThread [stack: 0x00007fb787cfe000,0x00007fb787dfe000] [id=11769]
  0x00007fb7a01f6000 WatcherThread [stack: 0x00007fb786c89000,0x00007fb786d89000] [id=11778]

VM state:not at safepoint (normal execution)

VM Mutex/Monitor currently owned by a thread: None

OutOfMemory and StackOverflow Exception counts:
OutOfMemoryError java_heap_errors=2

heap address: 0x0000000086a00000, size: 1942 MB, Compressed Oops mode: 32-bit
Narrow klass base: 0x0000000000000000, Narrow klass shift: 3
Compressed class space size: 1073741824 Address: 0x0000000100000000

Heap:
 PSYoungGen      total 36352K, used 28342K [0x00000000d7900000, 0x00000000da180000, 0x0000000100000000)
  eden space 31232K, 90% used [0x00000000d7900000,0x00000000d94ad910,0x00000000d9780000)
  from space 5120K, 0% used [0x00000000d9c80000,0x00000000d9c80000,0x00000000da180000)
  to   space 5120K, 0% used [0x00000000d9780000,0x00000000d9780000,0x00000000d9c80000)
 ParOldGen       total 83456K, used 41727K [0x0000000086a00000, 0x000000008bb80000, 0x00000000d7900000)
  object space 83456K, 49% used [0x0000000086a00000,0x00000000892bfd88,0x000000008bb80000)
 Metaspace       used 14472K, capacity 14730K, committed 14976K, reserved 1062912K
  class space    used 1791K, capacity 1882K, committed 1920K, reserved 1048576K

Card table byte_map: [0x00007fb7a4f74000,0x00007fb7a5340000] byte_map_base: 0x00007fb7a4b3f000

Marking Bits: (ParMarkBitMap*) 0x00007fb7a7d18d80
 Begin Bits: [0x00007fb78d350000, 0x00007fb78f1a8000)
 End Bits:   [0x00007fb78f1a8000, 0x00007fb791000000)

Polling page: 0x00007fb7a8988000

CodeCache: size=245760Kb used=4087Kb max_used=4096Kb free=241672Kb
 bounds [0x00007fb791000000, 0x00007fb791410000, 0x00007fb7a0000000]
 total_blobs=1834 nmethods=1267 adapters=480
 compilation: enabled

Compilation events (10 events):
Event: 7,277 Thread 0x00007fb7a01ee000 1268 %     3       javax.swing.plaf.metal.MetalUtils$GradientPainter::paintImage @ 27 (157 bytes)
Event: 7,279 Thread 0x00007fb7a01ee000 nmethod 1268% 0x00007fb7913f6e50 code [0x00007fb7913f7040, 0x00007fb7913f7b78]
Event: 7,280 Thread 0x00007fb7a01ee000 1269       3       javax.swing.plaf.metal.MetalUtils$GradientPainter::paintImage (157 bytes)
Event: 7,281 Thread 0x00007fb7a01ee000 nmethod 1269 0x00007fb7913fa310 code [0x00007fb7913fa500, 0x00007fb7913faf18]
Event: 7,347 Thread 0x00007fb7a01ea000 1270 %     4       javax.swing.plaf.metal.MetalUtils$GradientPainter::paintImage @ 27 (157 bytes)
Event: 7,351 Thread 0x00007fb7a01ea000 nmethod 1270% 0x00007fb7913fbf10 code [0x00007fb7913fc080, 0x00007fb7913fc2c8]
Event: 7,500 Thread 0x00007fb7a01ee000 1272       3       sun.awt.XSettings$Update::getINT32 (175 bytes)
Event: 7,501 Thread 0x00007fb7a01ee000 nmethod 1272 0x00007fb7913efcd0 code [0x00007fb7913efe60, 0x00007fb7913f01c8]
Event: 7,501 Thread 0x00007fb7a01ee000 1271       1       sun.awt.X11.XPropertyCache::isCachingSupported (2 bytes)
Event: 7,501 Thread 0x00007fb7a01ee000 nmethod 1271 0x00007fb7913f6b10 code [0x00007fb7913f6c60, 0x00007fb7913f6d50]

GC Heap History (0 events):
No events

Deoptimization events (5 events):
Event: 2,561 Thread 0x00007fb7a03cd000 Uncommon trap: reason=class_check action=maybe_recompile pc=0x00007fb791162528 method=java.lang.String.equals(Ljava/lang/Object;)Z @ 8
Event: 2,561 Thread 0x00007fb7a03cd000 Uncommon trap: reason=class_check action=maybe_recompile pc=0x00007fb791162528 method=java.lang.String.equals(Ljava/lang/Object;)Z @ 8
Event: 2,686 Thread 0x00007fb7a03cd000 Uncommon trap: reason=class_check action=maybe_recompile pc=0x00007fb791162528 method=java.lang.String.equals(Ljava/lang/Object;)Z @ 8
Event: 2,686 Thread 0x00007fb7a03cd000 Uncommon trap: reason=class_check action=maybe_recompile pc=0x00007fb791162528 method=java.lang.String.equals(Ljava/lang/Object;)Z @ 8
Event: 5,446 Thread 0x00007fb7a03cd000 Uncommon trap: reason=unstable_if action=reinterpret pc=0x00007fb791309950 method=java.nio.Buffer.nextGetIndex()I @ 8

Classes redefined (0 events):
No events

Internal exceptions (10 events):
Event: 0,167 Thread 0x00007fb7a000c800 Exception <a 'java/security/PrivilegedActionException'> (0x00000000d7a1dd80) thrown at [/HUDSON/workspace/8-2-build-linux-amd64/jdk8u201/12317/hotspot/src/share/vm/prims/jvm.cpp, line 1502]
Event: 0,167 Thread 0x00007fb7a000c800 Exception <a 'java/security/PrivilegedActionException'> (0x00000000d7a201e8) thrown at [/HUDSON/workspace/8-2-build-linux-amd64/jdk8u201/12317/hotspot/src/share/vm/prims/jvm.cpp, line 1502]
Event: 0,167 Thread 0x00007fb7a000c800 Exception <a 'java/security/PrivilegedActionException'> (0x00000000d7a203f8) thrown at [/HUDSON/workspace/8-2-build-linux-amd64/jdk8u201/12317/hotspot/src/share/vm/prims/jvm.cpp, line 1502]
Event: 0,278 Thread 0x00007fb7a000c800 Exception <a 'java/lang/NoSuchFieldError': method resolution failed> (0x00000000d7c90198) thrown at [/HUDSON/workspace/8-2-build-linux-amd64/jdk8u201/12317/hotspot/src/share/vm/prims/methodHandles.cpp, line 1167]
Event: 0,285 Thread 0x00007fb7a000c800 Exception <a 'java/lang/NoSuchFieldError': method resolution failed> (0x00000000d7c9e410) thrown at [/HUDSON/workspace/8-2-build-linux-amd64/jdk8u201/12317/hotspot/src/share/vm/prims/methodHandles.cpp, line 1167]
Event: 0,361 Thread 0x00007fb7a000c800 Exception <a 'java/io/FileNotFoundException'> (0x00000000d7d45fc8) thrown at [/HUDSON/workspace/8-2-build-linux-amd64/jdk8u201/12317/hotspot/src/share/vm/prims/jni.cpp, line 709]
Event: 0,361 Thread 0x00007fb7a000c800 Exception <a 'java/io/FileNotFoundException'> (0x00000000d7d46a68) thrown at [/HUDSON/workspace/8-2-build-linux-amd64/jdk8u201/12317/hotspot/src/share/vm/prims/jni.cpp, line 709]
Event: 1,258 Thread 0x00007fb7a03cd000 Exception <a 'java/lang/UnsupportedOperationException': > (0x00000000d85ccad0) thrown at [/HUDSON/workspace/8-2-build-linux-amd64/jdk8u201/12317/hotspot/src/share/vm/prims/jni.cpp, line 735]
Event: 6,610 Thread 0x00007fb7a03cd000 Exception <a 'java/lang/OutOfMemoryError': Can't create offscreen surface> (0x00000000d9460748) thrown at [/HUDSON/workspace/8-2-build-linux-amd64/jdk8u201/12317/hotspot/src/share/vm/prims/jni.cpp, line 735]
Event: 6,657 Thread 0x00007fb7a03cd000 Exception <a 'java/lang/OutOfMemoryError': Can't create offscreen surface> (0x00000000d947a4f0) thrown at [/HUDSON/workspace/8-2-build-linux-amd64/jdk8u201/12317/hotspot/src/share/vm/prims/jni.cpp, line 735]

Events (10 events):
Event: 6,645 loading class java/awt/image/BufferedImage$1
Event: 6,645 loading class java/awt/image/BufferedImage$1 done
Event: 6,645 loading class sun/awt/image/BufImgSurfaceData
Event: 6,645 loading class sun/awt/image/BufImgSurfaceData done
Event: 6,645 loading class sun/awt/image/BufImgSurfaceData$ICMColorData
Event: 6,645 loading class sun/awt/image/BufImgSurfaceData$ICMColorData done
Event: 7,168 loading class sun/awt/X11/XAWTXSettings$1
Event: 7,169 loading class sun/awt/X11/XAWTXSettings$1 done
Event: 7,362 Thread 0x00007fb7a03cd000 DEOPT PACKING pc=0x00007fb7913f7a27 sp=0x00007fb78419ad00
Event: 7,362 Thread 0x00007fb7a03cd000 DEOPT UNPACKING pc=0x00007fb791047784 sp=0x00007fb78419aaf8 mode 0


Dynamic libraries:
00400000-00401000 r-xp 00000000 08:02 17964053                           /usr/lib/jvm/java-8-oracle/bin/java
00600000-00601000 r--p 00000000 08:02 17964053                           /usr/lib/jvm/java-8-oracle/bin/java
00601000-00602000 rw-p 00001000 08:02 17964053                           /usr/lib/jvm/java-8-oracle/bin/java
01348000-01369000 rw-p 00000000 00:00 0                                  [heap]
86a00000-8bb80000 rw-p 00000000 00:00 0 
8bb80000-d7900000 ---p 00000000 00:00 0 
d7900000-da180000 rw-p 00000000 00:00 0 
da180000-100000000 ---p 00000000 00:00 0 
100000000-1001e0000 rw-p 00000000 00:00 0 
1001e0000-140000000 ---p 00000000 00:00 0 
7fb730000000-7fb730021000 rw-p 00000000 00:00 0 
7fb730021000-7fb734000000 ---p 00000000 00:00 0 
7fb738000000-7fb7382b6000 rw-p 00000000 00:00 0 
7fb7382b6000-7fb73c000000 ---p 00000000 00:00 0 
7fb73c000000-7fb73c021000 rw-p 00000000 00:00 0 
7fb73c021000-7fb740000000 ---p 00000000 00:00 0 
7fb740000000-7fb740030000 rw-p 00000000 00:00 0 
7fb740030000-7fb744000000 ---p 00000000 00:00 0 
7fb744000000-7fb744021000 rw-p 00000000 00:00 0 
7fb744021000-7fb748000000 ---p 00000000 00:00 0 
7fb748000000-7fb748021000 rw-p 00000000 00:00 0 
7fb748021000-7fb74c000000 ---p 00000000 00:00 0 
7fb74c000000-7fb74c021000 rw-p 00000000 00:00 0 
7fb74c021000-7fb750000000 ---p 00000000 00:00 0 
7fb750000000-7fb75044f000 rw-p 00000000 00:00 0 
7fb75044f000-7fb754000000 ---p 00000000 00:00 0 
7fb754000000-7fb754021000 rw-p 00000000 00:00 0 
7fb754021000-7fb758000000 ---p 00000000 00:00 0 
7fb758000000-7fb758369000 rw-p 00000000 00:00 0 
7fb758369000-7fb75c000000 ---p 00000000 00:00 0 
7fb75c000000-7fb75c4fd000 rw-p 00000000 00:00 0 
7fb75c4fd000-7fb760000000 ---p 00000000 00:00 0 
7fb760000000-7fb760021000 rw-p 00000000 00:00 0 
7fb760021000-7fb764000000 ---p 00000000 00:00 0 
7fb764000000-7fb764045000 rw-p 00000000 00:00 0 
7fb764045000-7fb768000000 ---p 00000000 00:00 0 
7fb768000000-7fb768021000 rw-p 00000000 00:00 0 
7fb768021000-7fb76c000000 ---p 00000000 00:00 0 
7fb76c000000-7fb76c021000 rw-p 00000000 00:00 0 
7fb76c021000-7fb770000000 ---p 00000000 00:00 0 
7fb770000000-7fb770021000 rw-p 00000000 00:00 0 
7fb770021000-7fb774000000 ---p 00000000 00:00 0 
7fb774000000-7fb774021000 rw-p 00000000 00:00 0 
7fb774021000-7fb778000000 ---p 00000000 00:00 0 
7fb778000000-7fb778021000 rw-p 00000000 00:00 0 
7fb778021000-7fb77c000000 ---p 00000000 00:00 0 
7fb77ecc6000-7fb77ed86000 rw-p 00000000 00:00 0 
7fb77ed86000-7fb77eec6000 ---p 00000000 00:00 0 
7fb77eec6000-7fb77eecf000 r--s 00000000 08:02 20715837                   /usr/share/texlive/texmf-dist/fonts/type1/bitstrea/charter/bchbi8a.pfb
7fb77eecf000-7fb77eede000 r--s 00000000 08:02 18879472                   /usr/share/texlive/texmf-dist/fonts/type1/adobe/courier/pcrro8a.pfb
7fb77eede000-7fb77eee7000 r--s 00000000 08:02 20715838                   /usr/share/texlive/texmf-dist/fonts/type1/bitstrea/charter/bchr8a.pfb
7fb77eee7000-7fb77eef0000 r--s 00000000 08:02 20715839                   /usr/share/texlive/texmf-dist/fonts/type1/bitstrea/charter/bchri8a.pfb
7fb77eef0000-7fb77ef00000 r--s 00000000 08:02 18879469                   /usr/share/texlive/texmf-dist/fonts/type1/adobe/courier/pcrbo8a.pfb
7fb77ef00000-7fb77ef09000 r--s 00000000 08:02 18879474                   /usr/share/texlive/texmf-dist/fonts/type1/adobe/utopia/putb8a.pfb
7fb77ef09000-7fb77ef12000 r--s 00000000 08:02 18879476                   /usr/share/texlive/texmf-dist/fonts/type1/adobe/utopia/putr8a.pfb
7fb77ef12000-7fb77ef22000 r--s 00000000 08:02 18879471                   /usr/share/texlive/texmf-dist/fonts/type1/adobe/courier/pcrr8a.pfb
7fb77ef22000-7fb77ef2b000 r--s 00000000 08:02 20715836                   /usr/share/texlive/texmf-dist/fonts/type1/bitstrea/charter/bchb8a.pfb
7fb77ef2b000-7fb77ef3b000 r--s 00000000 08:02 18879467                   /usr/share/texlive/texmf-dist/fonts/type1/adobe/courier/pcrb8a.pfb
7fb77ef3b000-7fb77ef45000 r--s 00000000 08:02 18879477                   /usr/share/texlive/texmf-dist/fonts/type1/adobe/utopia/putri8a.pfb
7fb77ef45000-7fb77ef4f000 r--s 00000000 08:02 18879475                   /usr/share/texlive/texmf-dist/fonts/type1/adobe/utopia/putbi8a.pfb
7fb77ef4f000-7fb77ef70000 r--s 00000000 08:02 21769488                   /usr/share/texmf/fonts/type1/public/lm/lmcsco10.pfb
7fb77ef70000-7fb77ef79000 r--s 00000000 08:02 19137668                   /usr/share/fonts/X11/Type1/c0633bt_.pfb
7fb77ef79000-7fb77ef9a000 r--s 00000000 08:02 21759957                   /usr/share/texmf/fonts/type1/public/tex-gyre/qcsbi.pfb
7fb77ef9a000-7fb77efb2000 r--s 00000000 08:02 21769447                   /usr/share/texmf/fonts/type1/public/lm/lmss10.pfb
7fb77efb2000-7fb77efb9000 r--s 00000000 08:02 162297                     /var/cache/fontconfig/4be9850f182b35c1350b6bbf2e42601c-le64.cache-7
7fb77efb9000-7fb77efba000 r--s 00000000 08:02 162376                     /var/cache/fontconfig/087e1975ba9a574b140bb1df193bf770-le64.cache-7
7fb77efba000-7fb77efc0000 r--s 00000000 08:02 158423                     /var/cache/fontconfig/6fe8b0d39a161d19087fe931545dda13-le64.cache-7
7fb77efc0000-7fb77efc4000 r--s 00000000 08:02 162366                     /var/cache/fontconfig/6aa41aa22e18b8fa06a12da28ea9c28b-le64.cache-7
7fb77efc4000-7fb77efcf000 r--s 00000000 08:02 158422                     /var/cache/fontconfig/945677eb7aeaf62f1d50efc3fb3ec7d8-le64.cache-7
7fb77efcf000-7fb77efd6000 r--s 00000000 08:02 162364                     /var/cache/fontconfig/63c7aca0c1b0a3f740ee470c2e28e675-le64.cache-7
7fb77efd6000-7fb77efdf000 r--s 00000000 08:02 162363                     /var/cache/fontconfig/a6d8cf8e4ec09cdbc8633c31745a07dd-le64.cache-7
7fb77efdf000-7fb77efe4000 r--s 00000000 08:02 162362                     /var/cache/fontconfig/2300eef321c393bfd76478a5c0e95b23-le64.cache-7
7fb77efe4000-7fb77efe5000 r--s 00000000 08:02 162361                     /var/cache/fontconfig/0d8c3b2ac0904cb8a57a757ad11a4a08-le64.cache-7
7fb77efe5000-7fb77effa000 r--s 00000000 08:02 162360                     /var/cache/fontconfig/04aabc0a78ac019cf9454389977116d2-le64.cache-7
7fb77effa000-7fb77effb000 r--s 00000000 08:02 162347                     /var/cache/fontconfig/1ac9eb803944fde146138c791f5cc56a-le64.cache-7
7fb77effb000-7fb77effc000 r--s 00000000 08:02 162346                     /var/cache/fontconfig/b95bc8ffbebda2bbdae4265e45b8178d-le64.cache-7
7fb77effc000-7fb77f000000 r--s 00000000 08:02 162345                     /var/cache/fontconfig/385c0604a188198f04d133e54aba7fe7-le64.cache-7
7fb77f000000-7fb77f001000 r--s 00000000 08:02 162344                     /var/cache/fontconfig/9c956a7723ca69a44b382d9179c9802f-le64.cache-7
7fb77f001000-7fb77f002000 r--s 00000000 08:02 162304                     /var/cache/fontconfig/dc05db6664285cc2f12bf69c139ae4c3-le64.cache-7
7fb77f002000-7fb77f004000 r--s 00000000 08:02 162302                     /var/cache/fontconfig/14a5e22175779b556eaa434240950366-le64.cache-7
7fb77f004000-7fb77f005000 r--s 00000000 08:02 162301                     /var/cache/fontconfig/660208299946a285a940457d1287da33-le64.cache-7
7fb77f005000-7fb77f006000 r--s 00000000 08:02 162295                     /var/cache/fontconfig/5d1cca7074f29429a8d18692746c2426-le64.cache-7
7fb77f006000-7fb77f008000 r--s 00000000 08:02 162265                     /var/cache/fontconfig/4f3e3037c9980c83b53a9351efadef62-le64.cache-7
7fb77f008000-7fb77f00a000 r--s 00000000 08:02 162248                     /var/cache/fontconfig/767a8244fc0220cfb567a839d0392e0b-le64.cache-7
7fb77f00a000-7fb77f00b000 r--s 00000000 08:02 169128                     /var/cache/fontconfig/4794a0821666d79190d59a36cb4f44b5-le64.cache-7
7fb77f00b000-7fb77f010000 r--s 00000000 08:02 162220                     /var/cache/fontconfig/bbd3eebb6912613e2596f2fd46535a95-le64.cache-7
7fb77f010000-7fb77f011000 r--s 00000000 08:02 162211                     /var/cache/fontconfig/9eae20f1ff8cc0a7d125749e875856bd-le64.cache-7
7fb77f011000-7fb77f04a000 r--s 00000000 08:02 173404                     /var/cache/fontconfig/0bd3dc0958fa2205aaaa8ebb13e2872b-le64.cache-7
7fb77f04a000-7fb77f04d000 r--s 00000000 08:02 162175                     /var/cache/fontconfig/bf2c1853a9e9b00bb02fe2e9bcf1e201-le64.cache-7
7fb77f04d000-7fb77f054000 r--s 00000000 08:02 162165                     /var/cache/fontconfig/8801497958630a81b71ace7c5f9b32a8-le64.cache-7
7fb77f054000-7fb77f059000 r--s 00000000 08:02 162163                     /var/cache/fontconfig/def309198bfa603429122923fa2bb2d4-le64.cache-7
7fb77f059000-7fb77f05a000 r--s 00000000 08:02 162162                     /var/cache/fontconfig/b872e6e592da6075ffa4ab0a1fcc0c75-le64.cache-7
7fb77f05a000-7fb77f05b000 r--s 00000000 08:02 162161                     /var/cache/fontconfig/f6d4eedfaab2589bde49f7a3ff831d22-le64.cache-7
7fb77f05b000-7fb77f05c000 r--s 00000000 08:02 162160                     /var/cache/fontconfig/589f83ef4c36d296ce6e1c846f468f08-le64.cache-7
7fb77f05c000-7fb77f05d000 r--s 00000000 08:02 162141                     /var/cache/fontconfig/bab58bb527bb656aaa9f116d68a48d89-le64.cache-7
7fb77f05d000-7fb77f05e000 r--s 00000000 08:02 162139                     /var/cache/fontconfig/2171a34dccabdb6bcbbc728186263178-le64.cache-7
7fb77f05e000-7fb77f05f000 r--s 00000000 08:02 162138                     /var/cache/fontconfig/c5c45a61289222e0d30b1a26ef4effbe-le64.cache-7
7fb77f05f000-7fb77f060000 r--s 00000000 08:02 162137                     /var/cache/fontconfig/aec30016f93e1b46d1a973dce0d74068-le64.cache-7
7fb77f060000-7fb77f061000 r--s 00000000 08:02 162121                     /var/cache/fontconfig/3f589640d34b7dc9042c8d453f7c8b9c-le64.cache-7
7fb77f061000-7fb77f062000 r--s 00000000 08:02 162067                     /var/cache/fontconfig/16c2fda60d1b4b719f4b3d06fd951d25-le64.cache-7
7fb77f062000-7fb77f063000 r--s 00000000 08:02 161574                     /var/cache/fontconfig/a48eab177a16e4f3713381162db2f3e9-le64.cache-7
7fb77f063000-7fb77f064000 r--s 00000000 08:02 161573                     /var/cache/fontconfig/564b2e68ac9bc4e36a6f7f6d6125ec1c-le64.cache-7
7fb77f064000-7fb77f069000 r--s 00000000 08:02 169124                     /var/cache/fontconfig/9d2451b1fd30e5bffe8383fd27c35478-le64.cache-7
7fb77f069000-7fb77f06f000 r--s 00000000 08:02 161539                     /var/cache/fontconfig/3047814df9a2f067bd2d96a2b9c36e5a-le64.cache-7
7fb77f06f000-7fb77f077000 r--s 00000000 08:02 161536                     /var/cache/fontconfig/bf3b770c553c462765856025a94f1ce6-le64.cache-7
7fb77f077000-7fb77f078000 r--s 00000000 08:02 161535                     /var/cache/fontconfig/56cf4f4769d0f4abc89a4895d7bd3ae1-le64.cache-7
7fb77f078000-7fb77f079000 r--s 00000000 08:02 161532                     /var/cache/fontconfig/b9d506c9ac06c20b433354fa67a72993-le64.cache-7
7fb77f079000-7fb77f07f000 r--s 00000000 08:02 161531                     /var/cache/fontconfig/b47c4e1ecd0709278f4910c18777a504-le64.cache-7
7fb77f07f000-7fb77f082000 r--s 00000000 08:02 161528                     /var/cache/fontconfig/14d493b97896515cad3840ba4896e372-le64.cache-7
7fb77f082000-7fb77f084000 r--s 00000000 08:02 161526                     /var/cache/fontconfig/715927c029ee5789f7bcbe92036c8d73-le64.cache-7
7fb77f085000-7fb77f089000 rw-s 00000000 00:05 269680646                  /SYSV00000000 (deleted)
7fb77f089000-7fb77f099000 r--s 00000000 08:02 19139290                   /usr/share/fonts/type1/gsfonts/a010013l.pfb
7fb77f099000-7fb77f0b4000 r--s 00000000 08:02 21759946                   /usr/share/texmf/fonts/type1/public/tex-gyre/qagr.pfb
7fb77f0b4000-7fb77f0d2000 r--s 00000000 08:02 21769493                   /usr/share/texmf/fonts/type1/public/lm/lmbx10.pfb
7fb77f0d2000-7fb77f0f4000 r--s 00000000 08:02 21769501                   /usr/share/texmf/fonts/type1/public/lm/lmbo10.pfb
7fb77f0f4000-7fb77f114000 r--s 00000000 08:02 21759948                   /usr/share/texmf/fonts/type1/public/tex-gyre/qbkb.pfb
7fb77f114000-7fb77f134000 r--s 00000000 08:02 21759952                   /usr/share/texmf/fonts/type1/public/tex-gyre/qcrb.pfb
7fb77f134000-7fb77f145000 r--s 00000000 08:02 19139924                   /usr/share/fonts/type1/gsfonts/a010035l.pfb
7fb77f145000-7fb77f155000 r--s 00000000 08:02 19139921                   /usr/share/fonts/type1/gsfonts/a010033l.pfb
7fb77f155000-7fb77f16c000 r--s 00000000 08:02 19141369                   /usr/share/fonts/type1/gsfonts/n021023l.pfb
7fb77f16c000-7fb77f176000 r--s 00000000 08:02 19137660                   /usr/share/fonts/X11/Type1/c0582bt_.pfb
7fb77f176000-7fb77f198000 r--s 00000000 08:02 21759970                   /usr/share/texmf/fonts/type1/public/tex-gyre/qplr.pfb
7fb77f198000-7fb77f1bb000 r--s 00000000 08:02 21759969                   /usr/share/texmf/fonts/type1/public/tex-gyre/qplbi.pfb
7fb77f1bb000-7fb77f1dd000 r--s 00000000 08:02 21769426                   /usr/share/texmf/fonts/type1/public/lm/lmssdo10.pfb
7fb77f1dd000-7fb77f1f3000 r--s 00000000 08:02 19141381                   /usr/share/fonts/type1/gsfonts/n022023l.pfb
7fb77f1f3000-7fb77f205000 r--s 00000000 08:02 19141351                   /usr/share/fonts/type1/gsfonts/n019043l.pfb
7fb77f205000-7fb77f21e000 r--s 00000000 08:02 19141366                   /usr/share/fonts/type1/gsfonts/n021004l.pfb
7fb77f21e000-7fb77f236000 r--s 00000000 08:02 19141330                   /usr/share/fonts/type1/gsfonts/c059033l.pfb
7fb77f236000-7fb77f256000 r--s 00000000 08:02 21759959                   /usr/share/texmf/fonts/type1/public/tex-gyre/qcsri.pfb
7fb77f256000-7fb77f276000 r--s 00000000 08:02 21759973                   /usr/share/texmf/fonts/type1/public/tex-gyre/qtmbi.pfb
7fb77f276000-7fb77f296000 r--s 00000000 08:02 21759958                   /usr/share/texmf/fonts/type1/public/tex-gyre/qcsr.pfb
7fb77f296000-7fb77f2b5000 r--s 00000000 08:02 21769454                   /usr/share/texmf/fonts/type1/public/lm/lmtlo10.pfb
7fb77f2b5000-7fb77f2d0000 r--s 00000000 08:02 19141387                   /usr/share/fonts/type1/gsfonts/p052003l.pfb
7fb77f2d0000-7fb77f2d9000 r--s 00000000 08:02 19143367                   /usr/share/fonts/type1/gsfonts/s050000l.pfb
7fb77f2d9000-7fb77f2fb000 r--s 00000000 08:02 21769419                   /usr/share/texmf/fonts/type1/public/lm/lmssbo10.pfb
7fb77f2fb000-7fb77f310000 r--s 00000000 08:02 19139933                   /usr/share/fonts/type1/gsfonts/b018032l.pfb
7fb77f310000-7fb77f320000 r--s 00000000 08:02 19139918                   /usr/share/fonts/type1/gsfonts/a010015l.pfb
7fb77f320000-7fb77f33d000 r--s 00000000 08:02 21769487                   /usr/share/texmf/fonts/type1/public/lm/lmcsc10.pfb
7fb77f33d000-7fb77f35d000 r--s 00000000 08:02 21769474                   /usr/share/texmf/fonts/type1/public/lm/lmssqo8.pfb
7fb77f35d000-7fb77f37b000 r--s 00000000 08:02 21769450                   /usr/share/texmf/fonts/type1/public/lm/lmvtl10.pfb
7fb77f37b000-7fb77f394000 r--s 00000000 08:02 19139927                   /usr/share/fonts/type1/gsfonts/b018012l.pfb
7fb77f394000-7fb77f3b1000 r--s 00000000 08:02 21769473                   /usr/share/texmf/fonts/type1/public/lm/lmssdc10.pfb
7fb77f3b1000-7fb77f3cb000 r--s 00000000 08:02 21759945                   /usr/share/texmf/fonts/type1/public/tex-gyre/qagbi.pfb
7fb77f3cb000-7fb77f3ed000 r--s 00000000 08:02 21769494                   /usr/share/texmf/fonts/type1/public/lm/lmvtlo10.pfb
7fb77f3ed000-7fb77f3fe000 r--s 00000000 08:02 19141348                   /usr/share/fonts/type1/gsfonts/n019024l.pfb
7fb77f3fe000-7fb77f419000 r--s 00000000 08:02 21769434                   /usr/share/texmf/fonts/type1/public/lm/lmtlc10.pfb
7fb77f419000-7fb77f434000 r--s 00000000 08:02 21759964                   /usr/share/texmf/fonts/type1/public/tex-gyre/qhvcr.pfb
7fb77f434000-7fb77f452000 r--s 00000000 08:02 21769453                   /usr/share/texmf/fonts/type1/public/lm/lmr10.pfb
7fb77f452000-7fb77f46e000 r--s 00000000 08:02 21759944                   /usr/share/texmf/fonts/type1/public/tex-gyre/qagb.pfb
7fb77f46e000-7fb77f488000 r--s 00000000 08:02 21759965                   /usr/share/texmf/fonts/type1/public/tex-gyre/qhvcri.pfb
7fb77f488000-7fb77f4a2000 r--s 00000000 08:02 19139939                   /usr/share/fonts/type1/gsfonts/c059013l.pfb
7fb77f4a2000-7fb77f4c4000 r--s 00000000 08:02 21759971                   /usr/share/texmf/fonts/type1/public/tex-gyre/qplri.pfb
7fb77f4c4000-7fb77f4de000 r--s 00000000 08:02 21759961                   /usr/share/texmf/fonts/type1/public/tex-gyre/qhvbi.pfb
7fb77f4de000-7fb77f4fd000 r--s 00000000 08:02 21759954                   /usr/share/texmf/fonts/type1/public/tex-gyre/qcrr.pfb
7fb77f4fd000-7fb77f511000 r--s 00000000 08:02 19141339                   /usr/share/fonts/type1/gsfonts/n019003l.pfb
7fb77f511000-7fb77f523000 r--s 00000000 08:02 19141342                   /usr/share/fonts/type1/gsfonts/n019004l.pfb
7fb77f523000-7fb77f542000 r--s 00000000 08:02 21769435                   /usr/share/texmf/fonts/type1/public/lm/lmssqbo8.pfb
7fb77f542000-7fb77f55d000 r--s 00000000 08:02 21759966                   /usr/share/texmf/fonts/type1/public/tex-gyre/qhvr.pfb
7fb77f55d000-7fb77f578000 r--s 00000000 08:02 19143357                   /usr/share/fonts/type1/gsfonts/p052023l.pfb
7fb77f578000-7fb77f58b000 r--s 00000000 08:02 19139930                   /usr/share/fonts/type1/gsfonts/b018015l.pfb
7fb77f58b000-7fb77f5ad000 r--s 00000000 08:02 21769428                   /usr/share/texmf/fonts/type1/public/lm/lmbxo10.pfb
7fb77f5ad000-7fb77f5c8000 r--s 00000000 08:02 21759963                   /usr/share/texmf/fonts/type1/public/tex-gyre/qhvcbi.pfb
7fb77f5c8000-7fb77f5d2000 r--s 00000000 08:02 19137662                   /usr/share/fonts/X11/Type1/c0583bt_.pfb
7fb77f5d2000-7fb77f5ee000 r--s 00000000 08:02 19143363                   /usr/share/fonts/type1/gsfonts/p052024l.pfb
7fb77f5ee000-7fb77f60a000 r--s 00000000 08:02 21769455                   /usr/share/texmf/fonts/type1/public/lm/lmtt10.pfb
7fb77f60a000-7fb77f62a000 r--s 00000000 08:02 21769442                   /usr/share/texmf/fonts/type1/public/lm/lmtcso10.pfb
7fb77f62a000-7fb77f649000 r--s 00000000 08:02 21769477                   /usr/share/texmf/fonts/type1/public/lm/lmvtk10.pfb
7fb77f649000-7fb77f65b000 r--s 00000000 08:02 19139936                   /usr/share/fonts/type1/gsfonts/b018035l.pfb
7fb77f65b000-7fb77f66e000 r--s 00000000 08:02 19141360                   /usr/share/fonts/type1/gsfonts/n019064l.pfb
7fb77f66e000-7fb77f68b000 r--s 00000000 08:02 21769491                   /usr/share/texmf/fonts/type1/public/lm/lmtk10.pfb
7fb77f68b000-7fb77f6a4000 r--s 00000000 08:02 19141378                   /usr/share/fonts/type1/gsfonts/n022004l.pfb
7fb77f6a4000-7fb77f6c3000 r--s 00000000 08:02 21759955                   /usr/share/texmf/fonts/type1/public/tex-gyre/qcrri.pfb
7fb77f6c3000-7fb77f6cc000 r--s 00000000 08:02 19137672                   /usr/share/fonts/X11/Type1/c0649bt_.pfb
7fb77f6cc000-7fb77f6ed000 r--s 00000000 08:02 21769436                   /usr/share/texmf/fonts/type1/public/lm/lmro10.pfb
7fb77f6ed000-7fb77f70c000 r--s 00000000 08:02 21769461                   /usr/share/texmf/fonts/type1/public/lm/lmtto10.pfb
7fb77f70c000-7fb77f725000 r--s 00000000 08:02 21769464                   /usr/share/texmf/fonts/type1/public/lm/lmtti10.pfb
7fb77f725000-7fb77f73e000 r--s 00000000 08:02 21759947                   /usr/share/texmf/fonts/type1/public/tex-gyre/qagri.pfb
7fb77f73e000-7fb77f74f000 r--s 00000000 08:02 19141345                   /usr/share/fonts/type1/gsfonts/n019023l.pfb
7fb77f74f000-7fb77f770000 r--s 00000000 08:02 21769438                   /usr/share/texmf/fonts/type1/public/lm/lmvtto10.pfb
7fb77f770000-7fb77f791000 r--s 00000000 08:02 21759951                   /usr/share/texmf/fonts/type1/public/tex-gyre/qbkri.pfb
7fb77f791000-7fb77f7ad000 r--s 00000000 08:02 21759962                   /usr/share/texmf/fonts/type1/public/tex-gyre/qhvcb.pfb
7fb77f7ad000-7fb77f7cf000 r--s 00000000 08:02 21759968                   /usr/share/texmf/fonts/type1/public/tex-gyre/qplb.pfb
7fb77f7cf000-7fb77f7eb000 r--s 00000000 08:02 21769448                   /usr/share/texmf/fonts/type1/public/lm/lmri10.pfb
7fb77f7eb000-7fb77f810000 r--s 00000000 08:02 21765177                   /usr/share/texmf/fonts/type1/public/lm/lmvtko10.pfb
7fb77f810000-7fb77f82e000 r--s 00000000 08:02 21769478                   /usr/share/texmf/fonts/type1/public/lm/lmssbx10.pfb
7fb77f82e000-7fb77f852000 r--s 00000000 08:02 21769423                   /usr/share/texmf/fonts/type1/public/lm/lmduno10.pfb
7fb77f852000-7fb77f873000 r--s 00000000 08:02 21759974                   /usr/share/texmf/fonts/type1/public/tex-gyre/qtmr.pfb
7fb77f873000-7fb77f87d000 r--s 00000000 08:02 19137664                   /usr/share/fonts/X11/Type1/c0611bt_.pfb
7fb77f87d000-7fb77f89e000 r--s 00000000 08:02 21759972                   /usr/share/texmf/fonts/type1/public/tex-gyre/qtmb.pfb
7fb77f89e000-7fb77f8bb000 r--s 00000000 08:02 21769476                   /usr/share/texmf/fonts/type1/public/lm/lmssq8.pfb
7fb77f8bb000-7fb77f8d5000 r--s 00000000 08:02 21759976                   /usr/share/texmf/fonts/type1/public/tex-gyre/qzcmi.pfb
7fb77f8d5000-7fb77f8de000 r--s 00000000 08:02 19137666                   /usr/share/fonts/X11/Type1/c0632bt_.pfb
7fb77f8de000-7fb77f8fe000 r--s 00000000 08:02 21759953                   /usr/share/texmf/fonts/type1/public/tex-gyre/qcrbi.pfb
7fb77f8fe000-7fb77f91e000 r--s 00000000 08:02 21759949                   /usr/share/texmf/fonts/type1/public/tex-gyre/qbkbi.pfb
7fb77f91e000-7fb77f940000 r--s 00000000 08:02 21769495                   /usr/share/texmf/fonts/type1/public/lm/lmtlco10.pfb
7fb77f940000-7fb77f963000 r--s 00000000 08:02 21769449                   /usr/share/texmf/fonts/type1/public/lm/lmtko10.pfb
7fb77f963000-7fb77f97b000 r--s 00000000 08:02 19141333                   /usr/share/fonts/type1/gsfonts/c059036l.pfb
7fb77f97b000-7fb77f997000 r--s 00000000 08:02 21769445                   /usr/share/texmf/fonts/type1/public/lm/lmbxi10.pfb
7fb77f997000-7fb77f9b4000 r--s 00000000 08:02 21769431                   /usr/share/texmf/fonts/type1/public/lm/lmvtt10.pfb
7fb77f9b4000-7fb77f9cf000 r--s 00000000 08:02 19139942                   /usr/share/fonts/type1/gsfonts/c059016l.pfb
7fb77f9cf000-7fb77f9e6000 r--s 00000000 08:02 19143370                   /usr/share/fonts/type1/gsfonts/z003034l.pfb
7fb77f9e6000-7fb77fa01000 r--s 00000000 08:02 21769486                   /usr/share/texmf/fonts/type1/public/lm/lmtcsc10.pfb
7fb77fa01000-7fb77fa1d000 r--s 00000000 08:02 21759960                   /usr/share/texmf/fonts/type1/public/tex-gyre/qhvb.pfb
7fb77fa1d000-7fb77fa38000 r--s 00000000 08:02 19143351                   /usr/share/fonts/type1/gsfonts/p052004l.pfb
7fb77fa38000-7fb77fa50000 r--s 00000000 08:02 19141375                   /usr/share/fonts/type1/gsfonts/n022003l.pfb
7fb77fa50000-7fb77fa6c000 r--s 00000000 08:02 21769499                   /usr/share/texmf/fonts/type1/public/lm/lmu10.pfb
7fb77fa6c000-7fb77fa76000 r--s 00000000 08:02 19137658                   /usr/share/fonts/X11/Type1/c0419bt_.pfb
7fb77fa76000-7fb77fa7f000 r--s 00000000 08:02 19137670                   /usr/share/fonts/X11/Type1/c0648bt_.pfb
7fb77fa7f000-7fb77fa9e000 r--s 00000000 08:02 21769465                   /usr/share/texmf/fonts/type1/public/lm/lmb10.pfb
7fb77fa9e000-7fb77fabe000 r--s 00000000 08:02 21759956                   /usr/share/texmf/fonts/type1/public/tex-gyre/qcsb.pfb
7fb77fabe000-7fb77fad0000 r--s 00000000 08:02 19141354                   /usr/share/fonts/type1/gsfonts/n019044l.pfb
7fb77fad0000-7fb77fae6000 r--s 00000000 08:02 19141384                   /usr/share/fonts/type1/gsfonts/n022024l.pfb
7fb77fae6000-7fb77fb06000 r--s 00000000 08:02 21759975                   /usr/share/texmf/fonts/type1/public/tex-gyre/qtmri.pfb
7fb77fb06000-7fb77fb23000 r--s 00000000 08:02 21769483                   /usr/share/texmf/fonts/type1/public/lm/lmssqbx8.pfb
7fb77fb23000-7fb77fb2f000 r--s 00000000 08:02 19141336                   /usr/share/fonts/type1/gsfonts/d050000l.pfb
7fb77fb2f000-7fb77fb48000 r--s 00000000 08:02 19141363                   /usr/share/fonts/type1/gsfonts/n021003l.pfb
7fb77fb48000-7fb77fb63000 r--s 00000000 08:02 21759967                   /usr/share/texmf/fonts/type1/public/tex-gyre/qhvri.pfb
7fb77fb63000-7fb77fb7d000 r--s 00000000 08:02 21769429                   /usr/share/texmf/fonts/type1/public/lm/lmtl10.pfb
7fb77fb7d000-7fb77fb8e000 r--s 00000000 08:02 19141357                   /usr/share/fonts/type1/gsfonts/n019063l.pfb
7fb77fb8e000-7fb77fbad000 r--s 00000000 08:02 21769468                   /usr/share/texmf/fonts/type1/public/lm/lmdunh10.pfb
7fb77fbad000-7fb77fbc8000 r--s 00000000 08:02 21769459                   /usr/share/texmf/fonts/type1/public/lm/lmsso10.pfb
7fb77fbc8000-7fb77fbe8000 r--s 00000000 08:02 21759950                   /usr/share/texmf/fonts/type1/public/tex-gyre/qbkr.pfb
7fb77fbe8000-7fb77fbfe000 r--s 00000000 08:02 19141372                   /usr/share/fonts/type1/gsfonts/n021024l.pfb
7fb77fbfe000-7fb77fc01000 ---p 00000000 00:00 0 
7fb77fc01000-7fb77fcff000 rw-p 00000000 00:00 0 
7fb77fcff000-7fb77fd02000 ---p 00000000 00:00 0 
7fb77fd02000-7fb780000000 rw-p 00000000 00:00 0 
7fb780000000-7fb780021000 rw-p 00000000 00:00 0 
7fb780021000-7fb784000000 ---p 00000000 00:00 0 
7fb784000000-7fb784003000 r--s 00000000 08:02 161525                     /var/cache/fontconfig/e49e89034d371f0f9de17aab02136486-le64.cache-7
7fb784003000-7fb784005000 r--s 00000000 08:02 161521                     /var/cache/fontconfig/4b14b093aebc79c320de5e86ae1d3314-le64.cache-7
7fb784005000-7fb784006000 r--s 00000000 08:02 161520                     /var/cache/fontconfig/8aec10f4cc8391dcef22ca549f1e4354-le64.cache-7
7fb784006000-7fb784019000 r--s 00000000 08:02 161519                     /var/cache/fontconfig/d52a8644073d54c13679302ca1180695-le64.cache-7
7fb784019000-7fb78401a000 r--s 00000000 08:02 161517                     /var/cache/fontconfig/370e5b74bf5dafc30834de68e24a87a4-le64.cache-7
7fb78401a000-7fb78401b000 r--s 00000000 08:02 161514                     /var/cache/fontconfig/6b2c5944714ca7831b25bed9e85cb5c8-le64.cache-7
7fb78401b000-7fb78401c000 r--s 00000000 08:02 161513                     /var/cache/fontconfig/d5178ab6d91b49bf20a416737dcea9e8-le64.cache-7
7fb78401c000-7fb78401d000 r--s 00000000 08:02 161477                     /var/cache/fontconfig/551ecf3b0e8b0bca0f25c0944f561853-le64.cache-7
7fb78401d000-7fb784020000 r--s 00000000 08:02 161474                     /var/cache/fontconfig/f259c2cffa685e28062317905db73c4a-le64.cache-7
7fb784020000-7fb784022000 r--s 00000000 08:02 161473                     /var/cache/fontconfig/550f3886151c940c12a5ed35f6a00586-le64.cache-7
7fb784022000-7fb784025000 r--s 00000000 08:02 161461                     /var/cache/fontconfig/674d1711f2d1d2a09646eb0bdcadee49-le64.cache-7
7fb784025000-7fb784026000 r--s 00000000 08:02 161446                     /var/cache/fontconfig/8a687c406b77f27d99abfeeba937fcce-le64.cache-7
7fb784026000-7fb78402c000 r--s 00000000 08:02 161411                     /var/cache/fontconfig/75ad6aa2358a85f0de2c8ee4837e8227-le64.cache-7
7fb78402c000-7fb78402d000 r--s 00000000 08:02 161410                     /var/cache/fontconfig/3f7329c5293ffd510edef78f73874cfd-le64.cache-7
7fb78402d000-7fb78402e000 r--s 00000000 08:02 161409                     /var/cache/fontconfig/ac2cf712d852da827a87a9baf682f5b9-le64.cache-7
7fb78402e000-7fb784030000 r--s 00000000 08:02 161407                     /var/cache/fontconfig/65f976e5259cbe6dc7697b8648396239-le64.cache-7
7fb784030000-7fb78403c000 r--s 00000000 08:02 161345                     /var/cache/fontconfig/d589a48862398ed80a3d6066f4f56f4c-le64.cache-7
7fb78403c000-7fb784040000 r--s 00000000 08:02 161255                     /var/cache/fontconfig/246184dc75a16901ca37d96895904249-le64.cache-7
7fb784040000-7fb784045000 r--s 00000000 08:02 161253                     /var/cache/fontconfig/b25010134a2e462c779c1c1d5ccbff7b-le64.cache-7
7fb784045000-7fb784046000 r--s 00000000 08:02 161250                     /var/cache/fontconfig/94f7fe9bd33aadfac165873bd010d595-le64.cache-7
7fb784046000-7fb784048000 r--s 00000000 08:02 161205                     /var/cache/fontconfig/423767150eb258c59035de29db6fca84-le64.cache-7
7fb784048000-7fb784049000 r--s 00000000 08:02 161180                     /var/cache/fontconfig/845c20fd2c4814bcec78e05d37a63ccc-le64.cache-7
7fb784049000-7fb78404a000 r--s 00000000 08:02 161145                     /var/cache/fontconfig/e7de81b01590fb7e12b38e274e17d0db-le64.cache-7
7fb78404a000-7fb78404e000 r--s 00000000 08:02 161144                     /var/cache/fontconfig/6386b86020ecc1ef9690bb720a13964f-le64.cache-7
7fb78404e000-7fb78404f000 r--s 00000000 08:02 161143                     /var/cache/fontconfig/406a1d2d2bf3ed7664fbadefac0b2f66-le64.cache-7
7fb78404f000-7fb784051000 r--s 00000000 08:02 161142                     /var/cache/fontconfig/67709b7835c0f764c1135060c9575660-le64.cache-7
7fb784051000-7fb784053000 r--s 00000000 08:02 161138                     /var/cache/fontconfig/099525ddca5eae4f2477b69cf2d7f16d-le64.cache-7
7fb784053000-7fb784055000 r--s 00000000 08:02 161113                     /var/cache/fontconfig/61092ac79d9058a69eda095afa0a78f1-le64.cache-7
7fb784055000-7fb784057000 r--s 00000000 08:02 160823                     /var/cache/fontconfig/a722efc6911bbe16667b1a77497ffd37-le64.cache-7
7fb784057000-7fb784059000 r--s 00000000 08:02 160704                     /var/cache/fontconfig/d63fdd8e0f42559533dd777c334fdfcc-le64.cache-7
7fb784059000-7fb78405a000 r--s 00000000 08:02 160642                     /var/cache/fontconfig/30829fa25452a46451e813d634d7f916-le64.cache-7
7fb78405a000-7fb78406b000 r--s 00000000 08:02 160640                     /var/cache/fontconfig/198d8fcf01c96d0cf813f74fd759bdb7-le64.cache-7
7fb78406b000-7fb78406c000 r--s 00000000 08:02 160564                     /var/cache/fontconfig/0c9eb80ebd1c36541ebe2852d3bb0c49-le64.cache-7
7fb78406c000-7fb78406d000 r--s 00000000 08:02 160543                     /var/cache/fontconfig/22368d551a680bfe5a62c02760edf4ea-le64.cache-7
7fb78406d000-7fb78406e000 r--s 00000000 08:02 160497                     /var/cache/fontconfig/4d9c95eba1cb85bbcf2878543262124a-le64.cache-7
7fb78406e000-7fb78406f000 r--s 00000000 08:02 160496                     /var/cache/fontconfig/85e0a52ce643a7ba2ae53e5d6949cead-le64.cache-7
7fb78406f000-7fb784070000 r--s 00000000 08:02 160451                     /var/cache/fontconfig/49f0de54bdd920fe4f0dfd4cbac43e6b-le64.cache-7
7fb784070000-7fb784071000 r--s 00000000 08:02 160447                     /var/cache/fontconfig/f6e6e0a5c3d2f6ae0c0c2e0ecd42a997-le64.cache-7
7fb784071000-7fb784072000 r--s 00000000 08:02 160384                     /var/cache/fontconfig/4b2eda6bb976bda485cb2176619421d5-le64.cache-7
7fb784072000-7fb784075000 r--s 00000000 08:02 160126                     /var/cache/fontconfig/75114ca45c98e8a441da0ff356701271-le64.cache-7
7fb784075000-7fb784080000 r--s 00000000 08:02 159986                     /var/cache/fontconfig/83bf95040141907cd45bb53cf7c1c148-le64.cache-7
7fb784080000-7fb78408e000 r--s 00000000 08:02 159977                     /var/cache/fontconfig/9b89f8e3dae116d678bbf48e5f21f69b-le64.cache-7
7fb78408e000-7fb784090000 r--s 00000000 08:02 159923                     /var/cache/fontconfig/6afa1bb216ce958c1589e297e8008489-le64.cache-7
7fb784090000-7fb784092000 r--s 00000000 08:02 159921                     /var/cache/fontconfig/6e6b34ae150a7ad95e82fb4a522f0bda-le64.cache-7
7fb784092000-7fb784093000 r--s 00000000 08:02 159708                     /var/cache/fontconfig/3334a778d104e76d188e9df399bc24d2-le64.cache-7
7fb784093000-7fb78409a000 r--s 00000000 08:02 159689                     /var/cache/fontconfig/53d14c92082a93e67d5078324eb314ca-le64.cache-7
7fb78409a000-7fb78409e000 r--s 00000000 08:02 159683                     /var/cache/fontconfig/6c08beecf0dac481ec92e759e0c2e6d7-le64.cache-7
7fb78409e000-7fb7840a1000 ---p 00000000 00:00 0 
7fb7840a1000-7fb78419f000 rw-p 00000000 00:00 0 
7fb78419f000-7fb78420b000 r-xp 00000000 08:02 20841200                   /usr/lib/jvm/java-8-oracle/jre/lib/amd64/libt2k.so
7fb78420b000-7fb78440b000 ---p 0006c000 08:02 20841200                   /usr/lib/jvm/java-8-oracle/jre/lib/amd64/libt2k.so
7fb78440b000-7fb784411000 r--p 0006c000 08:02 20841200                   /usr/lib/jvm/java-8-oracle/jre/lib/amd64/libt2k.so
7fb784411000-7fb784412000 rw-p 00072000 08:02 20841200                   /usr/lib/jvm/java-8-oracle/jre/lib/amd64/libt2k.so
7fb784412000-7fb784423000 r-xp 00000000 08:02 20841260                   /usr/lib/jvm/java-8-oracle/jre/lib/amd64/libnio.so
7fb784423000-7fb784622000 ---p 00011000 08:02 20841260                   /usr/lib/jvm/java-8-oracle/jre/lib/amd64/libnio.so
7fb784622000-7fb784623000 r--p 00010000 08:02 20841260                   /usr/lib/jvm/java-8-oracle/jre/lib/amd64/libnio.so
7fb784623000-7fb784624000 rw-p 00011000 08:02 20841260                   /usr/lib/jvm/java-8-oracle/jre/lib/amd64/libnio.so
7fb784624000-7fb784627000 ---p 00000000 00:00 0 
7fb784627000-7fb784925000 rw-p 00000000 00:00 0 
7fb784925000-7fb784928000 ---p 00000000 00:00 0 
7fb784928000-7fb784a26000 rw-p 00000000 00:00 0 
7fb784a26000-7fb784a2b000 r-xp 00000000 08:02 17966251                   /usr/lib/x86_64-linux-gnu/libXfixes.so.3.1.0
7fb784a2b000-7fb784c2a000 ---p 00005000 08:02 17966251                   /usr/lib/x86_64-linux-gnu/libXfixes.so.3.1.0
7fb784c2a000-7fb784c2b000 r--p 00004000 08:02 17966251                   /usr/lib/x86_64-linux-gnu/libXfixes.so.3.1.0
7fb784c2b000-7fb784c2c000 rw-p 00005000 08:02 17966251                   /usr/lib/x86_64-linux-gnu/libXfixes.so.3.1.0
7fb784c2c000-7fb784c35000 r-xp 00000000 08:02 17964842                   /usr/lib/x86_64-linux-gnu/libXcursor.so.1.0.2
7fb784c35000-7fb784e34000 ---p 00009000 08:02 17964842                   /usr/lib/x86_64-linux-gnu/libXcursor.so.1.0.2
7fb784e34000-7fb784e35000 r--p 00008000 08:02 17964842                   /usr/lib/x86_64-linux-gnu/libXcursor.so.1.0.2
7fb784e35000-7fb784e36000 rw-p 00009000 08:02 17964842                   /usr/lib/x86_64-linux-gnu/libXcursor.so.1.0.2
7fb784e36000-7fb784e39000 ---p 00000000 00:00 0 
7fb784e39000-7fb784f37000 rw-p 00000000 00:00 0 
7fb784f37000-7fb784f4e000 r-xp 00000000 08:02 17563697                   /lib/x86_64-linux-gnu/libgcc_s.so.1
7fb784f4e000-7fb78514d000 ---p 00017000 08:02 17563697                   /lib/x86_64-linux-gnu/libgcc_s.so.1
7fb78514d000-7fb78514e000 r--p 00016000 08:02 17563697                   /lib/x86_64-linux-gnu/libgcc_s.so.1
7fb78514e000-7fb78514f000 rw-p 00017000 08:02 17563697                   /lib/x86_64-linux-gnu/libgcc_s.so.1
7fb78514f000-7fb7851ac000 r-xp 00000000 08:02 20841231                   /usr/lib/jvm/java-8-oracle/jre/lib/amd64/libfontmanager.so
7fb7851ac000-7fb7853ac000 ---p 0005d000 08:02 20841231                   /usr/lib/jvm/java-8-oracle/jre/lib/amd64/libfontmanager.so
7fb7853ac000-7fb7853af000 r--p 0005d000 08:02 20841231                   /usr/lib/jvm/java-8-oracle/jre/lib/amd64/libfontmanager.so
7fb7853af000-7fb7853b0000 rw-p 00060000 08:02 20841231                   /usr/lib/jvm/java-8-oracle/jre/lib/amd64/libfontmanager.so
7fb7853b0000-7fb7853c3000 r-xp 00000000 08:02 17564142                   /lib/x86_64-linux-gnu/libbsd.so.0.8.7
7fb7853c3000-7fb7855c2000 ---p 00013000 08:02 17564142                   /lib/x86_64-linux-gnu/libbsd.so.0.8.7
7fb7855c2000-7fb7855c3000 r--p 00012000 08:02 17564142                   /lib/x86_64-linux-gnu/libbsd.so.0.8.7
7fb7855c3000-7fb7855c4000 rw-p 00013000 08:02 17564142                   /lib/x86_64-linux-gnu/libbsd.so.0.8.7
7fb7855c4000-7fb7855c5000 rw-p 00000000 00:00 0 
7fb7855c5000-7fb7855ca000 r-xp 00000000 08:02 17960418                   /usr/lib/x86_64-linux-gnu/libXdmcp.so.6.0.0
7fb7855ca000-7fb7857c9000 ---p 00005000 08:02 17960418                   /usr/lib/x86_64-linux-gnu/libXdmcp.so.6.0.0
7fb7857c9000-7fb7857ca000 r--p 00004000 08:02 17960418                   /usr/lib/x86_64-linux-gnu/libXdmcp.so.6.0.0
7fb7857ca000-7fb7857cb000 rw-p 00005000 08:02 17960418                   /usr/lib/x86_64-linux-gnu/libXdmcp.so.6.0.0
7fb7857cb000-7fb7857cd000 r-xp 00000000 08:02 17964838                   /usr/lib/x86_64-linux-gnu/libXau.so.6.0.0
7fb7857cd000-7fb7859cd000 ---p 00002000 08:02 17964838                   /usr/lib/x86_64-linux-gnu/libXau.so.6.0.0
7fb7859cd000-7fb7859ce000 r--p 00002000 08:02 17964838                   /usr/lib/x86_64-linux-gnu/libXau.so.6.0.0
7fb7859ce000-7fb7859cf000 rw-p 00003000 08:02 17964838                   /usr/lib/x86_64-linux-gnu/libXau.so.6.0.0
7fb7859cf000-7fb7859f5000 r-xp 00000000 08:02 17961259                   /usr/lib/x86_64-linux-gnu/libxcb.so.1.1.0
7fb7859f5000-7fb785bf5000 ---p 00026000 08:02 17961259                   /usr/lib/x86_64-linux-gnu/libxcb.so.1.1.0
7fb785bf5000-7fb785bf6000 r--p 00026000 08:02 17961259                   /usr/lib/x86_64-linux-gnu/libxcb.so.1.1.0
7fb785bf6000-7fb785bf7000 rw-p 00027000 08:02 17961259                   /usr/lib/x86_64-linux-gnu/libxcb.so.1.1.0
7fb785bf7000-7fb785c06000 r-xp 00000000 08:02 17965167                   /usr/lib/x86_64-linux-gnu/libXi.so.6.1.0
7fb785c06000-7fb785e05000 ---p 0000f000 08:02 17965167                   /usr/lib/x86_64-linux-gnu/libXi.so.6.1.0
7fb785e05000-7fb785e06000 r--p 0000e000 08:02 17965167                   /usr/lib/x86_64-linux-gnu/libXi.so.6.1.0
7fb785e06000-7fb785e07000 rw-p 0000f000 08:02 17965167                   /usr/lib/x86_64-linux-gnu/libXi.so.6.1.0
7fb785e07000-7fb785e0c000 r-xp 00000000 08:02 17961040                   /usr/lib/x86_64-linux-gnu/libXtst.so.6.1.0
7fb785e0c000-7fb78600b000 ---p 00005000 08:02 17961040                   /usr/lib/x86_64-linux-gnu/libXtst.so.6.1.0
7fb78600b000-7fb78600c000 r--p 00004000 08:02 17961040                   /usr/lib/x86_64-linux-gnu/libXtst.so.6.1.0
7fb78600c000-7fb78600d000 rw-p 00005000 08:02 17961040                   /usr/lib/x86_64-linux-gnu/libXtst.so.6.1.0
7fb78600d000-7fb786016000 r-xp 00000000 08:02 17957201                   /usr/lib/x86_64-linux-gnu/libXrender.so.1.3.0
7fb786016000-7fb786215000 ---p 00009000 08:02 17957201                   /usr/lib/x86_64-linux-gnu/libXrender.so.1.3.0
7fb786215000-7fb786216000 r--p 00008000 08:02 17957201                   /usr/lib/x86_64-linux-gnu/libXrender.so.1.3.0
7fb786216000-7fb786217000 rw-p 00009000 08:02 17957201                   /usr/lib/x86_64-linux-gnu/libXrender.so.1.3.0
7fb786217000-7fb78634a000 r-xp 00000000 08:02 17962660                   /usr/lib/x86_64-linux-gnu/libX11.so.6.3.0
7fb78634a000-7fb78654a000 ---p 00133000 08:02 17962660                   /usr/lib/x86_64-linux-gnu/libX11.so.6.3.0
7fb78654a000-7fb78654b000 r--p 00133000 08:02 17962660                   /usr/lib/x86_64-linux-gnu/libX11.so.6.3.0
7fb78654b000-7fb78654f000 rw-p 00134000 08:02 17962660                   /usr/lib/x86_64-linux-gnu/libX11.so.6.3.0
7fb78654f000-7fb786560000 r-xp 00000000 08:02 17964851                   /usr/lib/x86_64-linux-gnu/libXext.so.6.4.0
7fb786560000-7fb78675f000 ---p 00011000 08:02 17964851                   /usr/lib/x86_64-linux-gnu/libXext.so.6.4.0
7fb78675f000-7fb786760000 r--p 00010000 08:02 17964851                   /usr/lib/x86_64-linux-gnu/libXext.so.6.4.0
7fb786760000-7fb786761000 rw-p 00011000 08:02 17964851                   /usr/lib/x86_64-linux-gnu/libXext.so.6.4.0
7fb786761000-7fb7867b4000 r-xp 00000000 08:02 20841264                   /usr/lib/jvm/java-8-oracle/jre/lib/amd64/libawt_xawt.so
7fb7867b4000-7fb7869b3000 ---p 00053000 08:02 20841264                   /usr/lib/jvm/java-8-oracle/jre/lib/amd64/libawt_xawt.so
7fb7869b3000-7fb7869b4000 r--p 00052000 08:02 20841264                   /usr/lib/jvm/java-8-oracle/jre/lib/amd64/libawt_xawt.so
7fb7869b4000-7fb7869b7000 rw-p 00053000 08:02 20841264                   /usr/lib/jvm/java-8-oracle/jre/lib/amd64/libawt_xawt.so
7fb7869b7000-7fb7869b8000 rw-p 00000000 00:00 0 
7fb7869b8000-7fb786a58000 r-xp 00000000 08:02 20841249                   /usr/lib/jvm/java-8-oracle/jre/lib/amd64/libawt.so
7fb786a58000-7fb786c57000 ---p 000a0000 08:02 20841249                   /usr/lib/jvm/java-8-oracle/jre/lib/amd64/libawt.so
7fb786c57000-7fb786c58000 r--p 0009f000 08:02 20841249                   /usr/lib/jvm/java-8-oracle/jre/lib/amd64/libawt.so
7fb786c58000-7fb786c63000 rw-p 000a0000 08:02 20841249                   /usr/lib/jvm/java-8-oracle/jre/lib/amd64/libawt.so
7fb786c63000-7fb786c88000 rw-p 00000000 00:00 0 
7fb786c88000-7fb786c89000 ---p 00000000 00:00 0 
7fb786c89000-7fb786d89000 rw-p 00000000 00:00 0 
7fb786d89000-7fb786d8c000 ---p 00000000 00:00 0 
7fb786d8c000-7fb786e8a000 rw-p 00000000 00:00 0 
7fb786e8a000-7fb786e8b000 ---p 00000000 00:00 0 
7fb786e8b000-7fb786e8e000 ---p 00000000 00:00 0 
7fb786e8e000-7fb786f8b000 rw-p 00000000 00:00 0 
7fb786f8b000-7fb786f8c000 ---p 00000000 00:00 0 
7fb786f8c000-7fb786f8f000 ---p 00000000 00:00 0 
7fb786f8f000-7fb78708c000 rw-p 00000000 00:00 0 
7fb78708c000-7fb7870a2000 r-xp 00000000 08:02 20841257                   /usr/lib/jvm/java-8-oracle/jre/lib/amd64/libnet.so
7fb7870a2000-7fb7872a2000 ---p 00016000 08:02 20841257                   /usr/lib/jvm/java-8-oracle/jre/lib/amd64/libnet.so
7fb7872a2000-7fb7872a3000 r--p 00016000 08:02 20841257                   /usr/lib/jvm/java-8-oracle/jre/lib/amd64/libnet.so
7fb7872a3000-7fb7872a4000 rw-p 00017000 08:02 20841257                   /usr/lib/jvm/java-8-oracle/jre/lib/amd64/libnet.so
7fb7872a4000-7fb7872a5000 ---p 00000000 00:00 0 
7fb7872a5000-7fb7872a8000 ---p 00000000 00:00 0 
7fb7872a8000-7fb7873a5000 rw-p 00000000 00:00 0 
7fb7873a5000-7fb7873a8000 ---p 00000000 00:00 0 
7fb7873a8000-7fb7874a6000 rw-p 00000000 00:00 0 
7fb7874a6000-7fb7874a9000 ---p 00000000 00:00 0 
7fb7874a9000-7fb7875a7000 rw-p 00000000 00:00 0 
7fb7875a7000-7fb787afb000 r--p 00000000 08:02 17957052                   /usr/lib/locale/locale-archive
7fb787afb000-7fb787afe000 ---p 00000000 00:00 0 
7fb787afe000-7fb787bfc000 rw-p 00000000 00:00 0 
7fb787bfc000-7fb787bff000 ---p 00000000 00:00 0 
7fb787bff000-7fb787cfd000 rw-p 00000000 00:00 0 
7fb787cfd000-7fb787cfe000 ---p 00000000 00:00 0 
7fb787cfe000-7fb788000000 rw-p 00000000 00:00 0 
7fb788000000-7fb788021000 rw-p 00000000 00:00 0 
7fb788021000-7fb78c000000 ---p 00000000 00:00 0 
7fb78c000000-7fb78c004000 r--s 00000000 08:02 159665                     /var/cache/fontconfig/4d6aee6d44eccb37054d3216e945f618-le64.cache-7
7fb78c004000-7fb78c008000 r--s 00000000 08:02 159663                     /var/cache/fontconfig/d6c6df98c3df5faf9bd0f8ef4d91efe5-le64.cache-7
7fb78c008000-7fb78c00c000 r--s 00000000 08:02 159660                     /var/cache/fontconfig/9fb319ef52839f11ee26ab8b4cffa12b-le64.cache-7
7fb78c00c000-7fb78c01f000 r--s 00000000 08:02 159653                     /var/cache/fontconfig/4ac51e5cfbc76fc3f983e470323a16d3-le64.cache-7
7fb78c01f000-7fb78c022000 r--s 00000000 08:02 159648                     /var/cache/fontconfig/c19b55eb3b4c5b40ea175e31682068a5-le64.cache-7
7fb78c022000-7fb78c045000 r--s 00000000 08:02 231197                     /var/cache/fontconfig/e13b20fdb08344e0e664864cc2ede53d-le64.cache-7
7fb78c045000-7fb791000000 rw-p 00000000 00:00 0 
7fb791000000-7fb791410000 rwxp 00000000 00:00 0 
7fb791410000-7fb7a0000000 ---p 00000000 00:00 0 
7fb7a0000000-7fb7a05af000 rw-p 00000000 00:00 0 
7fb7a05af000-7fb7a4000000 ---p 00000000 00:00 0 
7fb7a4000000-7fb7a4002000 r--s 00000000 08:02 159656                     /var/cache/fontconfig/43bfe21a9e1edebcf703d79ee2950b06-le64.cache-7
7fb7a4002000-7fb7a4003000 r--s 00000000 08:02 159646                     /var/cache/fontconfig/c277e94e32b20404286a1ddafa5a80f0-le64.cache-7
7fb7a4003000-7fb7a4009000 r--s 00000000 08:02 159645                     /var/cache/fontconfig/3629f2adf904f9a612908891fae71ceb-le64.cache-7
7fb7a4009000-7fb7a400c000 r--s 00000000 08:02 159638                     /var/cache/fontconfig/de83a0a961185c8bd1f159015d56c039-le64.cache-7
7fb7a400c000-7fb7a4012000 r--s 00000000 08:02 159588                     /var/cache/fontconfig/7ef2298fde41cc6eeb7af42e48b7d293-le64.cache-7
7fb7a4012000-7fb7a4016000 r--s 00000000 08:02 159361                     /var/cache/fontconfig/198dcdad82c1ebc3868edff741eb1653-le64.cache-7
7fb7a4016000-7fb7a4019000 r--s 00000000 08:02 162396                     /var/cache/fontconfig/16326683038b281783a0ef8c680e3a10-le64.cache-7
7fb7a4019000-7fb7a4026000 r--s 00000000 08:02 162380                     /var/cache/fontconfig/8f02d4cb045bd6ce15663e43f347c9f8-le64.cache-7
7fb7a4026000-7fb7a4027000 r--s 00000000 08:02 162379                     /var/cache/fontconfig/e0aa53bcfa504e64f87823c16bc01eb6-le64.cache-7
7fb7a4027000-7fb7a4048000 r--s 00000000 08:02 162378                     /var/cache/fontconfig/467c019e582ee353435ea5c21d137ef6-le64.cache-7
7fb7a4048000-7fb7a4060000 r--s 00000000 08:02 19141375                   /usr/share/fonts/type1/gsfonts/n022003l.pfb
7fb7a4060000-7fb7a4067000 r--s 00000000 08:02 18222147                   /usr/lib/x86_64-linux-gnu/gconv/gconv-modules.cache
7fb7a4067000-7fb7a408b000 r--p 00000000 08:02 19924601                   /usr/share/locale-langpack/es/LC_MESSAGES/libc.mo
7fb7a408b000-7fb7a408d000 r--s 0001a000 08:02 4462104                    /opt/idea/lib/idea_rt.jar
7fb7a408d000-7fb7a40a0000 r--s 00345000 08:02 20060619                   /usr/lib/jvm/java-8-oracle/jre/lib/resources.jar
7fb7a40a0000-7fb7a40b3000 r--s 000d6000 08:02 20060594                   /usr/lib/jvm/java-8-oracle/jre/lib/plugin.jar
7fb7a40b3000-7fb7a40b7000 r--s 000a1000 08:02 20060620                   /usr/lib/jvm/java-8-oracle/jre/lib/jsse.jar
7fb7a40b7000-7fb7a40b9000 r--s 00007000 08:02 20060628                   /usr/lib/jvm/java-8-oracle/jre/lib/jfxswt.jar
7fb7a40b9000-7fb7a40be000 r--s 00084000 08:02 20060567                   /usr/lib/jvm/java-8-oracle/jre/lib/jfr.jar
7fb7a40be000-7fb7a40c1000 r--s 0001a000 08:02 20060626                   /usr/lib/jvm/java-8-oracle/jre/lib/jce.jar
7fb7a40c1000-7fb7a40cb000 r--s 0006e000 08:02 20060577                   /usr/lib/jvm/java-8-oracle/jre/lib/javaws.jar
7fb7a40cb000-7fb7a42cd000 rw-p 00000000 00:00 0 
7fb7a42cd000-7fb7a44a7000 r--s 03d6f000 08:02 20060615                   /usr/lib/jvm/java-8-oracle/jre/lib/rt.jar
7fb7a44a7000-7fb7a48e8000 rw-p 00000000 00:00 0 
7fb7a48e8000-7fb7a48e9000 ---p 00000000 00:00 0 
7fb7a48e9000-7fb7a49e9000 rw-p 00000000 00:00 0 
7fb7a49e9000-7fb7a49ea000 ---p 00000000 00:00 0 
7fb7a49ea000-7fb7a4aea000 rw-p 00000000 00:00 0 
7fb7a4aea000-7fb7a4aeb000 ---p 00000000 00:00 0 
7fb7a4aeb000-7fb7a4beb000 rw-p 00000000 00:00 0 
7fb7a4beb000-7fb7a4bec000 ---p 00000000 00:00 0 
7fb7a4bec000-7fb7a4d15000 rw-p 00000000 00:00 0 
7fb7a4d15000-7fb7a4f74000 ---p 00000000 00:00 0 
7fb7a4f74000-7fb7a4f9d000 rw-p 00000000 00:00 0 
7fb7a4f9d000-7fb7a51fb000 ---p 00000000 00:00 0 
7fb7a51fb000-7fb7a5210000 rw-p 00000000 00:00 0 
7fb7a5210000-7fb7a533f000 ---p 00000000 00:00 0 
7fb7a533f000-7fb7a5351000 rw-p 00000000 00:00 0 
7fb7a5351000-7fb7a5700000 ---p 00000000 00:00 0 
7fb7a5700000-7fb7a571b000 r-xp 00000000 08:02 20841252                   /usr/lib/jvm/java-8-oracle/jre/lib/amd64/libzip.so
7fb7a571b000-7fb7a591a000 ---p 0001b000 08:02 20841252                   /usr/lib/jvm/java-8-oracle/jre/lib/amd64/libzip.so
7fb7a591a000-7fb7a591b000 r--p 0001a000 08:02 20841252                   /usr/lib/jvm/java-8-oracle/jre/lib/amd64/libzip.so
7fb7a591b000-7fb7a591c000 rw-p 0001b000 08:02 20841252                   /usr/lib/jvm/java-8-oracle/jre/lib/amd64/libzip.so
7fb7a591c000-7fb7a5927000 r-xp 00000000 08:02 17564551                   /lib/x86_64-linux-gnu/libnss_files-2.27.so
7fb7a5927000-7fb7a5b26000 ---p 0000b000 08:02 17564551                   /lib/x86_64-linux-gnu/libnss_files-2.27.so
7fb7a5b26000-7fb7a5b27000 r--p 0000a000 08:02 17564551                   /lib/x86_64-linux-gnu/libnss_files-2.27.so
7fb7a5b27000-7fb7a5b28000 rw-p 0000b000 08:02 17564551                   /lib/x86_64-linux-gnu/libnss_files-2.27.so
7fb7a5b28000-7fb7a5b2e000 rw-p 00000000 00:00 0 
7fb7a5b2e000-7fb7a5b45000 r-xp 00000000 08:02 17564548                   /lib/x86_64-linux-gnu/libnsl-2.27.so
7fb7a5b45000-7fb7a5d44000 ---p 00017000 08:02 17564548                   /lib/x86_64-linux-gnu/libnsl-2.27.so
7fb7a5d44000-7fb7a5d45000 r--p 00016000 08:02 17564548                   /lib/x86_64-linux-gnu/libnsl-2.27.so
7fb7a5d45000-7fb7a5d46000 rw-p 00017000 08:02 17564548                   /lib/x86_64-linux-gnu/libnsl-2.27.so
7fb7a5d46000-7fb7a5d48000 rw-p 00000000 00:00 0 
7fb7a5d48000-7fb7a5d53000 r-xp 00000000 08:02 17564553                   /lib/x86_64-linux-gnu/libnss_nis-2.27.so
7fb7a5d53000-7fb7a5f52000 ---p 0000b000 08:02 17564553                   /lib/x86_64-linux-gnu/libnss_nis-2.27.so
7fb7a5f52000-7fb7a5f53000 r--p 0000a000 08:02 17564553                   /lib/x86_64-linux-gnu/libnss_nis-2.27.so
7fb7a5f53000-7fb7a5f54000 rw-p 0000b000 08:02 17564553                   /lib/x86_64-linux-gnu/libnss_nis-2.27.so
7fb7a5f54000-7fb7a5f5c000 r-xp 00000000 08:02 17564549                   /lib/x86_64-linux-gnu/libnss_compat-2.27.so
7fb7a5f5c000-7fb7a615c000 ---p 00008000 08:02 17564549                   /lib/x86_64-linux-gnu/libnss_compat-2.27.so
7fb7a615c000-7fb7a615d000 r--p 00008000 08:02 17564549                   /lib/x86_64-linux-gnu/libnss_compat-2.27.so
7fb7a615d000-7fb7a615e000 rw-p 00009000 08:02 17564549                   /lib/x86_64-linux-gnu/libnss_compat-2.27.so
7fb7a615e000-7fb7a6168000 r-xp 00000000 08:02 20841262                   /usr/lib/jvm/java-8-oracle/jre/lib/amd64/libinstrument.so
7fb7a6168000-7fb7a6367000 ---p 0000a000 08:02 20841262                   /usr/lib/jvm/java-8-oracle/jre/lib/amd64/libinstrument.so
7fb7a6367000-7fb7a6368000 r--p 00009000 08:02 20841262                   /usr/lib/jvm/java-8-oracle/jre/lib/amd64/libinstrument.so
7fb7a6368000-7fb7a6369000 rw-p 0000a000 08:02 20841262                   /usr/lib/jvm/java-8-oracle/jre/lib/amd64/libinstrument.so
7fb7a6369000-7fb7a6395000 r-xp 00000000 08:02 20841244                   /usr/lib/jvm/java-8-oracle/jre/lib/amd64/libjava.so
7fb7a6395000-7fb7a6595000 ---p 0002c000 08:02 20841244                   /usr/lib/jvm/java-8-oracle/jre/lib/amd64/libjava.so
7fb7a6595000-7fb7a6596000 r--p 0002c000 08:02 20841244                   /usr/lib/jvm/java-8-oracle/jre/lib/amd64/libjava.so
7fb7a6596000-7fb7a6598000 rw-p 0002d000 08:02 20841244                   /usr/lib/jvm/java-8-oracle/jre/lib/amd64/libjava.so
7fb7a6598000-7fb7a65a5000 r-xp 00000000 08:02 20841251                   /usr/lib/jvm/java-8-oracle/jre/lib/amd64/libverify.so
7fb7a65a5000-7fb7a67a4000 ---p 0000d000 08:02 20841251                   /usr/lib/jvm/java-8-oracle/jre/lib/amd64/libverify.so
7fb7a67a4000-7fb7a67a6000 r--p 0000c000 08:02 20841251                   /usr/lib/jvm/java-8-oracle/jre/lib/amd64/libverify.so
7fb7a67a6000-7fb7a67a7000 rw-p 0000e000 08:02 20841251                   /usr/lib/jvm/java-8-oracle/jre/lib/amd64/libverify.so
7fb7a67a7000-7fb7a67ae000 r-xp 00000000 08:02 17564558                   /lib/x86_64-linux-gnu/librt-2.27.so
7fb7a67ae000-7fb7a69ad000 ---p 00007000 08:02 17564558                   /lib/x86_64-linux-gnu/librt-2.27.so
7fb7a69ad000-7fb7a69ae000 r--p 00006000 08:02 17564558                   /lib/x86_64-linux-gnu/librt-2.27.so
7fb7a69ae000-7fb7a69af000 rw-p 00007000 08:02 17564558                   /lib/x86_64-linux-gnu/librt-2.27.so
7fb7a69af000-7fb7a6b4c000 r-xp 00000000 08:02 17564428                   /lib/x86_64-linux-gnu/libm-2.27.so
7fb7a6b4c000-7fb7a6d4b000 ---p 0019d000 08:02 17564428                   /lib/x86_64-linux-gnu/libm-2.27.so
7fb7a6d4b000-7fb7a6d4c000 r--p 0019c000 08:02 17564428                   /lib/x86_64-linux-gnu/libm-2.27.so
7fb7a6d4c000-7fb7a6d4d000 rw-p 0019d000 08:02 17564428                   /lib/x86_64-linux-gnu/libm-2.27.so
7fb7a6d4d000-7fb7a7a35000 r-xp 00000000 08:02 20841215                   /usr/lib/jvm/java-8-oracle/jre/lib/amd64/server/libjvm.so
7fb7a7a35000-7fb7a7c34000 ---p 00ce8000 08:02 20841215                   /usr/lib/jvm/java-8-oracle/jre/lib/amd64/server/libjvm.so
7fb7a7c34000-7fb7a7cca000 r--p 00ce7000 08:02 20841215                   /usr/lib/jvm/java-8-oracle/jre/lib/amd64/server/libjvm.so
7fb7a7cca000-7fb7a7cfb000 rw-p 00d7d000 08:02 20841215                   /usr/lib/jvm/java-8-oracle/jre/lib/amd64/server/libjvm.so
7fb7a7cfb000-7fb7a7d36000 rw-p 00000000 00:00 0 
7fb7a7d36000-7fb7a7f1d000 r-xp 00000000 08:02 17564402                   /lib/x86_64-linux-gnu/libc-2.27.so
7fb7a7f1d000-7fb7a811d000 ---p 001e7000 08:02 17564402                   /lib/x86_64-linux-gnu/libc-2.27.so
7fb7a811d000-7fb7a8121000 r--p 001e7000 08:02 17564402                   /lib/x86_64-linux-gnu/libc-2.27.so
7fb7a8121000-7fb7a8123000 rw-p 001eb000 08:02 17564402                   /lib/x86_64-linux-gnu/libc-2.27.so
7fb7a8123000-7fb7a8127000 rw-p 00000000 00:00 0 
7fb7a8127000-7fb7a812a000 r-xp 00000000 08:02 17564424                   /lib/x86_64-linux-gnu/libdl-2.27.so
7fb7a812a000-7fb7a8329000 ---p 00003000 08:02 17564424                   /lib/x86_64-linux-gnu/libdl-2.27.so
7fb7a8329000-7fb7a832a000 r--p 00002000 08:02 17564424                   /lib/x86_64-linux-gnu/libdl-2.27.so
7fb7a832a000-7fb7a832b000 rw-p 00003000 08:02 17564424                   /lib/x86_64-linux-gnu/libdl-2.27.so
7fb7a832b000-7fb7a8342000 r-xp 00000000 08:02 18093476                   /usr/lib/jvm/java-8-oracle/lib/amd64/jli/libjli.so
7fb7a8342000-7fb7a8541000 ---p 00017000 08:02 18093476                   /usr/lib/jvm/java-8-oracle/lib/amd64/jli/libjli.so
7fb7a8541000-7fb7a8542000 r--p 00016000 08:02 18093476                   /usr/lib/jvm/java-8-oracle/lib/amd64/jli/libjli.so
7fb7a8542000-7fb7a8543000 rw-p 00017000 08:02 18093476                   /usr/lib/jvm/java-8-oracle/lib/amd64/jli/libjli.so
7fb7a8543000-7fb7a855d000 r-xp 00000000 08:02 17564556                   /lib/x86_64-linux-gnu/libpthread-2.27.so
7fb7a855d000-7fb7a875c000 ---p 0001a000 08:02 17564556                   /lib/x86_64-linux-gnu/libpthread-2.27.so
7fb7a875c000-7fb7a875d000 r--p 00019000 08:02 17564556                   /lib/x86_64-linux-gnu/libpthread-2.27.so
7fb7a875d000-7fb7a875e000 rw-p 0001a000 08:02 17564556                   /lib/x86_64-linux-gnu/libpthread-2.27.so
7fb7a875e000-7fb7a8762000 rw-p 00000000 00:00 0 
7fb7a8762000-7fb7a8789000 r-xp 00000000 08:02 17564197                   /lib/x86_64-linux-gnu/ld-2.27.so
7fb7a8789000-7fb7a8859000 rw-p 00000000 00:00 0 
7fb7a8859000-7fb7a885a000 ---p 00000000 00:00 0 
7fb7a885a000-7fb7a885d000 ---p 00000000 00:00 0 
7fb7a885d000-7fb7a895e000 rw-p 00000000 00:00 0 
7fb7a895e000-7fb7a895f000 r--s 00000000 08:02 20060574                   /usr/lib/jvm/java-8-oracle/jre/lib/management-agent.jar
7fb7a895f000-7fb7a897a000 r--s 0020c000 08:02 20060568                   /usr/lib/jvm/java-8-oracle/jre/lib/deploy.jar
7fb7a897a000-7fb7a897f000 r--s 002f9000 08:02 20060611                   /usr/lib/jvm/java-8-oracle/jre/lib/charsets.jar
7fb7a897f000-7fb7a8987000 rw-s 00000000 08:02 1067511                    /tmp/hsperfdata_marc/11763
7fb7a8987000-7fb7a8988000 rw-p 00000000 00:00 0 
7fb7a8988000-7fb7a8989000 r--p 00000000 00:00 0 
7fb7a8989000-7fb7a898a000 r--p 00027000 08:02 17564197                   /lib/x86_64-linux-gnu/ld-2.27.so
7fb7a898a000-7fb7a898b000 rw-p 00028000 08:02 17564197                   /lib/x86_64-linux-gnu/ld-2.27.so
7fb7a898b000-7fb7a898c000 rw-p 00000000 00:00 0 
7ffd0abd4000-7ffd0abf6000 rw-p 00000000 00:00 0                          [stack]
7ffd0abfb000-7ffd0abfe000 r--p 00000000 00:00 0                          [vvar]
7ffd0abfe000-7ffd0ac00000 r-xp 00000000 00:00 0                          [vdso]
ffffffffff600000-ffffffffff601000 r-xp 00000000 00:00 0                  [vsyscall]

VM Arguments:
jvm_args: -javaagent:/opt/idea/lib/idea_rt.jar=43775:/opt/idea/bin -Dfile.encoding=UTF-8 
java_command: Joc
java_class_path (initial): /usr/lib/jvm/java-8-oracle/jre/lib/charsets.jar:/usr/lib/jvm/java-8-oracle/jre/lib/deploy.jar:/usr/lib/jvm/java-8-oracle/jre/lib/ext/cldrdata.jar:/usr/lib/jvm/java-8-oracle/jre/lib/ext/dnsns.jar:/usr/lib/jvm/java-8-oracle/jre/lib/ext/jaccess.jar:/usr/lib/jvm/java-8-oracle/jre/lib/ext/jfxrt.jar:/usr/lib/jvm/java-8-oracle/jre/lib/ext/localedata.jar:/usr/lib/jvm/java-8-oracle/jre/lib/ext/nashorn.jar:/usr/lib/jvm/java-8-oracle/jre/lib/ext/sunec.jar:/usr/lib/jvm/java-8-oracle/jre/lib/ext/sunjce_provider.jar:/usr/lib/jvm/java-8-oracle/jre/lib/ext/sunpkcs11.jar:/usr/lib/jvm/java-8-oracle/jre/lib/ext/zipfs.jar:/usr/lib/jvm/java-8-oracle/jre/lib/javaws.jar:/usr/lib/jvm/java-8-oracle/jre/lib/jce.jar:/usr/lib/jvm/java-8-oracle/jre/lib/jfr.jar:/usr/lib/jvm/java-8-oracle/jre/lib/jfxswt.jar:/usr/lib/jvm/java-8-oracle/jre/lib/jsse.jar:/usr/lib/jvm/java-8-oracle/jre/lib/management-agent.jar:/usr/lib/jvm/java-8-oracle/jre/lib/plugin.jar:/usr/lib/jvm/java-8-oracle/jre/lib/resources.jar:/usr/lib/jvm/java-8-oracle/jre/lib/rt.jar:/home/marc/IdeaProjects/marc/PROP/propEscacs/out/production/propEscacs:/opt/idea/lib/idea_rt.jar
Launcher Type: SUN_STANDARD

Environment Variables:
JAVA_HOME=/usr/lib/jvm/java-8-oracle
PATH=/usr/local/sbin:/usr/local/bin:/usr/sbin:/usr/bin:/sbin:/bin:/usr/games:/usr/local/games:/snap/bin:/usr/lib/jvm/java-8-oracle/bin:/usr/lib/jvm/java-8-oracle/db/bin:/usr/lib/jvm/java-8-oracle/jre/bin
USERNAME=marc
SHELL=/bin/bash
DISPLAY=:0

Signal Handlers:
SIGSEGV: [libjvm.so+0xad3e60], sa_mask[0]=11111111011111111101111111111110, sa_flags=SA_RESTART|SA_SIGINFO
SIGBUS: [libjvm.so+0xad3e60], sa_mask[0]=11111111011111111101111111111110, sa_flags=SA_RESTART|SA_SIGINFO
SIGFPE: [libjvm.so+0x90b880], sa_mask[0]=11111111011111111101111111111110, sa_flags=SA_RESTART|SA_SIGINFO
SIGPIPE: [libjvm.so+0x90b880], sa_mask[0]=11111111011111111101111111111110, sa_flags=SA_RESTART|SA_SIGINFO
SIGXFSZ: [libjvm.so+0x90b880], sa_mask[0]=11111111011111111101111111111110, sa_flags=SA_RESTART|SA_SIGINFO
SIGILL: [libjvm.so+0x90b880], sa_mask[0]=11111111011111111101111111111110, sa_flags=SA_RESTART|SA_SIGINFO
SIGUSR1: SIG_DFL, sa_mask[0]=00000000000000000000000000000000, sa_flags=none
SIGUSR2: [libjvm.so+0x90b750], sa_mask[0]=00100000000000000000000000000000, sa_flags=SA_RESTART|SA_SIGINFO
SIGHUP: [libjvm.so+0x90bd70], sa_mask[0]=11111111011111111101111111111110, sa_flags=SA_RESTART|SA_SIGINFO
SIGINT: [libjvm.so+0x90bd70], sa_mask[0]=11111111011111111101111111111110, sa_flags=SA_RESTART|SA_SIGINFO
SIGTERM: [libjvm.so+0x90bd70], sa_mask[0]=11111111011111111101111111111110, sa_flags=SA_RESTART|SA_SIGINFO
SIGQUIT: [libjvm.so+0x90bd70], sa_mask[0]=11111111011111111101111111111110, sa_flags=SA_RESTART|SA_SIGINFO


---------------  S Y S T E M  ---------------

OS:DISTRIB_ID=Ubuntu
DISTRIB_RELEASE=18.04
DISTRIB_CODENAME=bionic
DISTRIB_DESCRIPTION="Ubuntu 18.04.2 LTS"

uname:Linux 4.15.0-50-generic #54-Ubuntu SMP Mon May 6 18:46:08 UTC 2019 x86_64
libc:glibc 2.27 NPTL 2.27 
rlimit: STACK 8192k, CORE 0k, NPROC 30004, NOFILE 4096, AS infinity
load average:4,80 4,54 2,71

/proc/meminfo:
MemTotal:        7946332 kB
MemFree:         3519276 kB
MemAvailable:    5881876 kB
Buffers:          221376 kB
Cached:          2249688 kB
SwapCached:            0 kB
Active:          3251944 kB
Inactive:         626940 kB
Active(anon):    1408956 kB
Inactive(anon):   137520 kB
Active(file):    1842988 kB
Inactive(file):   489420 kB
Unevictable:          16 kB
Mlocked:              16 kB
SwapTotal:             0 kB
SwapFree:              0 kB
Dirty:             14284 kB
Writeback:             0 kB
AnonPages:       1393460 kB
Mapped:           317968 kB
Shmem:            138828 kB
Slab:             400892 kB
SReclaimable:     339280 kB
SUnreclaim:        61612 kB
KernelStack:        9944 kB
PageTables:        36088 kB
NFS_Unstable:          0 kB
Bounce:                0 kB
WritebackTmp:          0 kB
CommitLimit:     3973164 kB
Committed_AS:    5183912 kB
VmallocTotal:   34359738367 kB
VmallocUsed:           0 kB
VmallocChunk:          0 kB
HardwareCorrupted:     0 kB
AnonHugePages:         0 kB
ShmemHugePages:        0 kB
ShmemPmdMapped:        0 kB
CmaTotal:              0 kB
CmaFree:               0 kB
HugePages_Total:       0
HugePages_Free:        0
HugePages_Rsvd:        0
HugePages_Surp:        0
Hugepagesize:       2048 kB
DirectMap4k:      345716 kB
DirectMap2M:     6770688 kB
DirectMap1G:     1048576 kB

container (cgroup) information:
container_type: cgroupv1
cpu_cpuset_cpus: 0-3
cpu_memory_nodes: 0
active_processor_count: 4
cpu_quota: -1
cpu_period: 100000
cpu_shares: -1
memory_limit_in_bytes: -1
memory_and_swap_limit_in_bytes: -2
memory_soft_limit_in_bytes: -1
memory_usage_in_bytes: 3961073664
memory_max_usage_in_bytes: 0


CPU:total 4 (initial active 4) (2 cores per cpu, 2 threads per core) family 6 model 78 stepping 3, cmov, cx8, fxsr, mmx, sse, sse2, sse3, ssse3, sse4.1, sse4.2, popcnt, avx, avx2, aes, clmul, erms, 3dnowpref, lzcnt, ht, tsc, tscinvbit, bmi1, bmi2, adx

/proc/cpuinfo:
processor	: 0
vendor_id	: GenuineIntel
cpu family	: 6
model		: 78
model name	: Intel(R) Core(TM) i3-6006U CPU @ 2.00GHz
stepping	: 3
microcode	: 0xcc
cpu MHz		: 2000.000
cache size	: 3072 KB
physical id	: 0
siblings	: 4
core id		: 0
cpu cores	: 2
apicid		: 0
initial apicid	: 0
fpu		: yes
fpu_exception	: yes
cpuid level	: 22
wp		: yes
flags		: fpu vme de pse tsc msr pae mce cx8 apic sep mtrr pge mca cmov pat pse36 clflush dts acpi mmx fxsr sse sse2 ss ht tm pbe syscall nx pdpe1gb rdtscp lm constant_tsc art arch_perfmon pebs bts rep_good nopl xtopology nonstop_tsc cpuid aperfmperf tsc_known_freq pni pclmulqdq dtes64 monitor ds_cpl vmx est tm2 ssse3 sdbg fma cx16 xtpr pdcm pcid sse4_1 sse4_2 x2apic movbe popcnt tsc_deadline_timer aes xsave avx f16c rdrand lahf_lm abm 3dnowprefetch cpuid_fault invpcid_single pti ssbd ibrs ibpb stibp tpr_shadow vnmi flexpriority ept vpid fsgsbase tsc_adjust bmi1 avx2 smep bmi2 erms invpcid mpx rdseed adx smap clflushopt intel_pt xsaveopt xsavec xgetbv1 xsaves dtherm arat pln pts hwp hwp_notify hwp_act_window hwp_epp md_clear flush_l1d
bugs		: cpu_meltdown spectre_v1 spectre_v2 spec_store_bypass l1tf mds
bogomips	: 3984.00
clflush size	: 64
cache_alignment	: 64
address sizes	: 39 bits physical, 48 bits virtual
power management:

processor	: 1
vendor_id	: GenuineIntel
cpu family	: 6
model		: 78
model name	: Intel(R) Core(TM) i3-6006U CPU @ 2.00GHz
stepping	: 3
microcode	: 0xcc
cpu MHz		: 1999.996
cache size	: 3072 KB
physical id	: 0
siblings	: 4
core id		: 1
cpu cores	: 2
apicid		: 2
initial apicid	: 2
fpu		: yes
fpu_exception	: yes
cpuid level	: 22
wp		: yes
flags		: fpu vme de pse tsc msr pae mce cx8 apic sep mtrr pge mca cmov pat pse36 clflush dts acpi mmx fxsr sse sse2 ss ht tm pbe syscall nx pdpe1gb rdtscp lm constant_tsc art arch_perfmon pebs bts rep_good nopl xtopology nonstop_tsc cpuid aperfmperf tsc_known_freq pni pclmulqdq dtes64 monitor ds_cpl vmx est tm2 ssse3 sdbg fma cx16 xtpr pdcm pcid sse4_1 sse4_2 x2apic movbe popcnt tsc_deadline_timer aes xsave avx f16c rdrand lahf_lm abm 3dnowprefetch cpuid_fault invpcid_single pti ssbd ibrs ibpb stibp tpr_shadow vnmi flexpriority ept vpid fsgsbase tsc_adjust bmi1 avx2 smep bmi2 erms invpcid mpx rdseed adx smap clflushopt intel_pt xsaveopt xsavec xgetbv1 xsaves dtherm arat pln pts hwp hwp_notify hwp_act_window hwp_epp md_clear flush_l1d
bugs		: cpu_meltdown spectre_v1 spectre_v2 spec_store_bypass l1tf mds
bogomips	: 3984.00
clflush size	: 64
cache_alignment	: 64
address sizes	: 39 bits physical, 48 bits virtual
power management:

processor	: 2
vendor_id	: GenuineIntel
cpu family	: 6
model		: 78
model name	: Intel(R) Core(TM) i3-6006U CPU @ 2.00GHz
stepping	: 3
microcode	: 0xcc
cpu MHz		: 1999.996
cache size	: 3072 KB
physical id	: 0
siblings	: 4
core id		: 0
cpu cores	: 2
apicid		: 1
initial apicid	: 1
fpu		: yes
fpu_exception	: yes
cpuid level	: 22
wp		: yes
flags		: fpu vme de pse tsc msr pae mce cx8 apic sep mtrr pge mca cmov pat pse36 clflush dts acpi mmx fxsr sse sse2 ss ht tm pbe syscall nx pdpe1gb rdtscp lm constant_tsc art arch_perfmon pebs bts rep_good nopl xtopology nonstop_tsc cpuid aperfmperf tsc_known_freq pni pclmulqdq dtes64 monitor ds_cpl vmx est tm2 ssse3 sdbg fma cx16 xtpr pdcm pcid sse4_1 sse4_2 x2apic movbe popcnt tsc_deadline_timer aes xsave avx f16c rdrand lahf_lm abm 3dnowprefetch cpuid_fault invpcid_single pti ssbd ibrs ibpb stibp tpr_shadow vnmi flexpriority ept vpid fsgsbase tsc_adjust bmi1 avx2 smep bmi2 erms invpcid mpx rdseed adx smap clflushopt intel_pt xsaveopt xsavec xgetbv1 xsaves dtherm arat pln pts hwp hwp_notify hwp_act_window hwp_epp md_clear flush_l1d
bugs		: cpu_meltdown spectre_v1 spectre_v2 spec_store_bypass l1tf mds
bogomips	: 3984.00
clflush size	: 64
cache_alignment	: 64
address sizes	: 39 bits physical, 48 bits virtual
power management:

processor	: 3
vendor_id	: GenuineIntel
cpu family	: 6
model		: 78
model name	: Intel(R) Core(TM) i3-6006U CPU @ 2.00GHz
stepping	: 3
microcode	: 0xcc
cpu MHz		: 1999.999
cache size	: 3072 KB
physical id	: 0
siblings	: 4
core id		: 1
cpu cores	: 2
apicid		: 3
initial apicid	: 3
fpu		: yes
fpu_exception	: yes
cpuid level	: 22
wp		: yes
flags		: fpu vme de pse tsc msr pae mce cx8 apic sep mtrr pge mca cmov pat pse36 clflush dts acpi mmx fxsr sse sse2 ss ht tm pbe syscall nx pdpe1gb rdtscp lm constant_tsc art arch_perfmon pebs bts rep_good nopl xtopology nonstop_tsc cpuid aperfmperf tsc_known_freq pni pclmulqdq dtes64 monitor ds_cpl vmx est tm2 ssse3 sdbg fma cx16 xtpr pdcm pcid sse4_1 sse4_2 x2apic movbe popcnt tsc_deadline_timer aes xsave avx f16c rdrand lahf_lm abm 3dnowprefetch cpuid_fault invpcid_single pti ssbd ibrs ibpb stibp tpr_shadow vnmi flexpriority ept vpid fsgsbase tsc_adjust bmi1 avx2 smep bmi2 erms invpcid mpx rdseed adx smap clflushopt intel_pt xsaveopt xsavec xgetbv1 xsaves dtherm arat pln pts hwp hwp_notify hwp_act_window hwp_epp md_clear flush_l1d
bugs		: cpu_meltdown spectre_v1 spectre_v2 spec_store_bypass l1tf mds
bogomips	: 3984.00
clflush size	: 64
cache_alignment	: 64
address sizes	: 39 bits physical, 48 bits virtual
power management:



Memory: 4k page, physical 7946332k(3777276k free), swap 0k(0k free)

vm_info: Java HotSpot(TM) 64-Bit Server VM (25.201-b09) for linux-amd64 JRE (1.8.0_201-b09), built on Dec 15 2018 11:35:59 by "java_re" with gcc 7.3.0

time: Wed May 29 09:14:56 2019
timezone: CEST
elapsed time: 8 seconds (0d 0h 0m 8s)

