#
# A fatal error has been detected by the Java Runtime Environment:
#
#  SIGSEGV (0xb) at pc=0x00007fe7d01d1eba, pid=14125, tid=0x00007fe7c62c4700
#
# JRE version: Java(TM) SE Runtime Environment (8.0_201-b09) (build 1.8.0_201-b09)
# Java VM: Java HotSpot(TM) 64-Bit Server VM (25.201-b09 mixed mode linux-amd64 compressed oops)
# Problematic frame:
# v  ~BufferBlob::jni_fast_GetLongField
#
# Failed to write core dump. Core dumps have been disabled. To enable core dumping, try "ulimit -c unlimited" before starting Java again
#
# If you would like to submit a bug report, please visit:
#   http://bugreport.java.com/bugreport/crash.jsp
# The crash happened outside the Java Virtual Machine in native code.
# See problematic frame for where to report the bug.
#

---------------  T H R E A D  ---------------

Current thread (0x00007fe7e031f000):  JavaThread "AWT-XAWT" daemon [_thread_in_native, id=14155, stack(0x00007fe7c61c4000,0x00007fe7c62c5000)]

siginfo: si_signo: 11 (SIGSEGV), si_code: 1 (SEGV_MAPERR), si_addr: 0x0000000000000000

Registers:
RAX=0x00007fe7e5881400, RBX=0x00007fe7e031f1f8, RCX=0x0000000000000001, RDX=0x0000000000000042
RSP=0x00007fe7c62c3818, RBP=0x00007fe7c62c3840, RSI=0x0000000000000000, RDI=0x00007fe7e031f1f8
R8 =0x00007fe7c7b12ab0, R9 =0x0000000000000000, R10=0x000000000000001e, R11=0x00007fe7d05a7358
R12=0x0000000000000000, R13=0x0000000000000000, R14=0x00007fe7cc2deb00, R15=0x00007fe7e031f000
RIP=0x00007fe7d01d1eba, EFLAGS=0x0000000000010246, CSGSFS=0x002b000000000033, ERR=0x0000000000000004
  TRAPNO=0x000000000000000e

Top of Stack: (sp=0x00007fe7c62c3818)
0x00007fe7c62c3818:   00007fe7cc0bcf24 00007fe7ced02fb8
0x00007fe7c62c3828:   0000000000000000 00007fe7c62c38f0
0x00007fe7c62c3838:   00007fe7c62c38c0 00007fe77800ca40
0x00007fe7c62c3848:   00007fe7c7b1ac4d 00007fe7ced02fb8
0x00007fe7c62c3858:   00007fe7c62c3880 0000000000000000
0x00007fe7c62c3868:   00007fe7c7b12ad3 00007fe7c62c38f0
0x00007fe7c62c3878:   00007fe7cc0b52af 00007fe7c62c38d0
0x00007fe7c62c3888:   00007fe7d05a73f6 0000000000000000
0x00007fe7c62c3898:   00007fe7d038f936 00007fe7c62c38f0
0x00007fe7c62c38a8:   00007fe7d02ea86c 00007fe7c62c3950
0x00007fe7c62c38b8:   00000000d7ec3380 00000000d7de4210
0x00007fe7c62c38c8:   0000000000000001 00007fe7c62c3950
0x00007fe7c62c38d8:   00007fe7d016fa90 00007fe7c62c3950
0x00007fe7c62c38e8:   00007fe7d016fa90 0000000000000000
0x00007fe7c62c38f8:   00007fe7d016fdd0 00007fe780003270
0x00007fe7c62c3908:   00000000d7f21240 00007fe7c62c3910
0x00007fe7c62c3918:   00007fe7ceddd9c4 00007fe7c62c3998
0x00007fe7c62c3928:   00007fe7cede69a0 0000000000000000
0x00007fe7c62c3938:   00007fe7cedddb00 00007fe7c62c38f0
0x00007fe7c62c3948:   00007fe7c62c3990 00007fe7c62c39e0
0x00007fe7c62c3958:   00007fe7d01702bd 0000000000000000
0x00007fe7c62c3968:   00000000d82615c0 0000000000000000
0x00007fe7c62c3978:   0000000000000000 0000000000000000
0x00007fe7c62c3988:   00000000d7f21240 0000000000000000
0x00007fe7c62c3998:   00000000d7edd460 00007fe7c62c39a0
0x00007fe7c62c39a8:   00007fe7ceddd805 00007fe7c62c39f0
0x00007fe7c62c39b8:   00007fe7cede69a0 0000000000000000
0x00007fe7c62c39c8:   00007fe7ceddd810 00007fe7c62c3990
0x00007fe7c62c39d8:   00007fe7c62c39f0 00007fe7c62c3a38
0x00007fe7c62c39e8:   00007fe7d0170302 00000000d7edd460
0x00007fe7c62c39f8:   00007fe7c62c39f8 00007fe7ce8b46cb
0x00007fe7c62c3a08:   00007fe7c62c3a48 00007fe7ce93c3e8 

Instructions: (pc=0x00007fe7d01d1eba)
0x00007fe7d01d1e9a:   00 00 00 00 00 00 44 8b 15 95 f0 6e 15 4c 8b ce
0x00007fe7d01d1eaa:   41 f6 c2 01 0f 85 2e 00 00 00 4d 33 ca 4d 33 ca
0x00007fe7d01d1eba:   4d 8b 09 4c 8b da 49 c1 eb 02 4b 8b 04 19 49 bb
0x00007fe7d01d1eca:   3c 0f 8c e5 e7 7f 00 00 4c 33 d8 4c 33 d8 45 3b 

Register to memory mapping:

RAX=0x00007fe7e5881400: <offset 0xf8d400> in /usr/lib/jvm/java-8-oracle/jre/lib/amd64/server/libjvm.so at 0x00007fe7e48f4000
RBX=0x00007fe7e031f1f8 is an unknown value
RCX=0x0000000000000001 is an unknown value
RDX=0x0000000000000042 is an unknown value
RSP=0x00007fe7c62c3818 is pointing into the stack for thread: 0x00007fe7e031f000
RBP=0x00007fe7c62c3840 is pointing into the stack for thread: 0x00007fe7e031f000
RSI=0x0000000000000000 is an unknown value
RDI=0x00007fe7e031f1f8 is an unknown value
R8 =0x00007fe7c7b12ab0: <offset 0x5cab0> in /usr/lib/x86_64-linux-gnu/libX11.so.6 at 0x00007fe7c7ab6000
R9 =0x0000000000000000 is an unknown value
R10=0x000000000000001e is an unknown value
R11=0x00007fe7d05a7358 is at entry_point+24 in (nmethod*)0x00007fe7d05a71d0
R12=0x0000000000000000 is an unknown value
R13=0x0000000000000000 is an unknown value
R14=0x00007fe7cc2deb00: <offset 0x256b00> in /usr/lib/jvm/java-8-oracle/jre/lib/amd64/libawt_xawt.so at 0x00007fe7cc088000
R15=0x00007fe7e031f000 is a thread


Stack: [0x00007fe7c61c4000,0x00007fe7c62c5000],  sp=0x00007fe7c62c3818,  free space=1022k
Native frames: (J=compiled Java code, j=interpreted, Vv=VM code, C=native code)
v  ~BufferBlob::jni_fast_GetLongField
C  [libX11.so.6+0x64c4d]  _XimServerDestroy+0x3d

Java frames: (J=compiled Java code, j=interpreted, Vv=VM code)
J 1313  sun.awt.X11.XlibWrapper.XFilterEvent(JJ)Z (0 bytes) @ 0x00007fe7d05a7384 [0x00007fe7d05a7340+0x44]
j  sun.awt.X11.XToolkit.run(Z)V+300
j  sun.awt.X11.XToolkit.run()V+5
j  java.lang.Thread.run()V+11
v  ~StubRoutines::call_stub

---------------  P R O C E S S  ---------------

Java Threads: ( => current thread )
  0x00007fe7a0001000 JavaThread "Attach Listener" daemon [_thread_blocked, id=14162, stack(0x00007fe7c553b000,0x00007fe7c563c000)]
  0x00007fe778014000 JavaThread "TimerQueue" daemon [_thread_blocked, id=14159, stack(0x00007fe7c563c000,0x00007fe7c573d000)]
  0x00007fe7e000c800 JavaThread "DestroyJavaVM" [_thread_blocked, id=14126, stack(0x00007fe7e6401000,0x00007fe7e6501000)]
  0x00007fe7e040e800 JavaThread "AWT-EventQueue-0" [_thread_in_vm, id=14157, stack(0x00007fe7c593d000,0x00007fe7c5a3e000)]
  0x00007fe7e038d800 JavaThread "AWT-Shutdown" [_thread_blocked, id=14156, stack(0x00007fe7c5ec3000,0x00007fe7c5fc4000)]
=>0x00007fe7e031f000 JavaThread "AWT-XAWT" daemon [_thread_in_native, id=14155, stack(0x00007fe7c61c4000,0x00007fe7c62c5000)]
  0x00007fe7e02ff000 JavaThread "Java2D Disposer" daemon [_thread_blocked, id=14154, stack(0x00007fe7c66d5000,0x00007fe7c67d6000)]
  0x00007fe7e0201000 JavaThread "Service Thread" daemon [_thread_blocked, id=14152, stack(0x00007fe7cc6b0000,0x00007fe7cc7b1000)]
  0x00007fe7e01ee000 JavaThread "C1 CompilerThread2" daemon [_thread_blocked, id=14151, stack(0x00007fe7cc9ca000,0x00007fe7ccaca000)]
  0x00007fe7e01ec000 JavaThread "C2 CompilerThread1" daemon [_thread_blocked, id=14150, stack(0x00007fe7ccacb000,0x00007fe7ccbcb000)]
  0x00007fe7e01ea000 JavaThread "C2 CompilerThread0" daemon [_thread_blocked, id=14149, stack(0x00007fe7ccbcc000,0x00007fe7ccccc000)]
  0x00007fe7e01e8000 JavaThread "Monitor Ctrl-Break" daemon [_thread_in_native, id=14148, stack(0x00007fe7ccccc000,0x00007fe7ccdcd000)]
  0x00007fe7e0181000 JavaThread "Signal Dispatcher" daemon [_thread_blocked, id=14147, stack(0x00007fe7ccdcf000,0x00007fe7cced0000)]
  0x00007fe7e014e000 JavaThread "Finalizer" daemon [_thread_blocked, id=14140, stack(0x00007fe7cd424000,0x00007fe7cd525000)]
  0x00007fe7e014b800 JavaThread "Reference Handler" daemon [_thread_blocked, id=14139, stack(0x00007fe7cd525000,0x00007fe7cd626000)]

Other Threads:
  0x00007fe7e0142000 VMThread [stack: 0x00007fe7cd627000,0x00007fe7cd727000] [id=14136]
  0x00007fe7e0203800 WatcherThread [stack: 0x00007fe7cc5b0000,0x00007fe7cc6b0000] [id=14153]

VM state:not at safepoint (normal execution)

VM Mutex/Monitor currently owned by a thread: None

OutOfMemory and StackOverflow Exception counts:
OutOfMemoryError java_heap_errors=2

heap address: 0x0000000086a00000, size: 1942 MB, Compressed Oops mode: 32-bit
Narrow klass base: 0x0000000000000000, Narrow klass shift: 3
Compressed class space size: 1073741824 Address: 0x0000000100000000

Heap:
 PSYoungGen      total 36352K, used 28405K [0x00000000d7900000, 0x00000000da180000, 0x0000000100000000)
  eden space 31232K, 90% used [0x00000000d7900000,0x00000000d94bd6b0,0x00000000d9780000)
  from space 5120K, 0% used [0x00000000d9c80000,0x00000000d9c80000,0x00000000da180000)
  to   space 5120K, 0% used [0x00000000d9780000,0x00000000d9780000,0x00000000d9c80000)
 ParOldGen       total 83456K, used 41727K [0x0000000086a00000, 0x000000008bb80000, 0x00000000d7900000)
  object space 83456K, 49% used [0x0000000086a00000,0x00000000892bfd88,0x000000008bb80000)
 Metaspace       used 14549K, capacity 14794K, committed 14976K, reserved 1062912K
  class space    used 1796K, capacity 1882K, committed 1920K, reserved 1048576K

Card table byte_map: [0x00007fe7cf9dc000,0x00007fe7cfda8000] byte_map_base: 0x00007fe7cf5a7000

Marking Bits: (ParMarkBitMap*) 0x00007fe7e58bfd80
 Begin Bits: [0x00007fe7bc350000, 0x00007fe7be1a8000)
 End Bits:   [0x00007fe7be1a8000, 0x00007fe7c0000000)

Polling page: 0x00007fe7e652f000

CodeCache: size=245760Kb used=4406Kb max_used=4406Kb free=241353Kb
 bounds [0x00007fe7d0168000, 0x00007fe7d05c8000, 0x00007fe7df168000]
 total_blobs=1883 nmethods=1316 adapters=480
 compilation: enabled

Compilation events (10 events):
Event: 60,652 Thread 0x00007fe7e01ee000 1314       3       java.awt.EventQueue::getPriority (78 bytes)
Event: 60,653 Thread 0x00007fe7e01ee000 nmethod 1314 0x00007fe7d05a8550 code [0x00007fe7d05a8700, 0x00007fe7d05a8df0]
Event: 60,653 Thread 0x00007fe7e01ee000 1315       3       java.awt.EventQueue::postEvent (172 bytes)
Event: 60,654 Thread 0x00007fe7e01ee000 nmethod 1315 0x00007fe7d05b6f10 code [0x00007fe7d05b71e0, 0x00007fe7d05b8438]
Event: 60,859 Thread 0x00007fe7e01ee000 1316       3       java.lang.Long::longValue (5 bytes)
Event: 60,859 Thread 0x00007fe7e01ee000 nmethod 1316 0x00007fe7d05aa950 code [0x00007fe7d05aaaa0, 0x00007fe7d05aabf0]
Event: 60,859 Thread 0x00007fe7e01ee000 1317       3       sun.awt.XSettings$Update::getINT32 (175 bytes)
Event: 60,860 Thread 0x00007fe7e01ee000 nmethod 1317 0x00007fe7d05a7e50 code [0x00007fe7d05a7fe0, 0x00007fe7d05a8348]
Event: 61,968 Thread 0x00007fe7e01ee000 1318       1       sun.awt.X11.XPropertyCache::isCachingSupported (2 bytes)
Event: 61,968 Thread 0x00007fe7e01ee000 nmethod 1318 0x00007fe7d0599f90 code [0x00007fe7d059a0e0, 0x00007fe7d059a1d0]

GC Heap History (0 events):
No events

Deoptimization events (8 events):
Event: 2,239 Thread 0x00007fe7e040e800 Uncommon trap: reason=class_check action=maybe_recompile pc=0x00007fe7d02bfa28 method=java.lang.String.equals(Ljava/lang/Object;)Z @ 8
Event: 2,239 Thread 0x00007fe7e040e800 Uncommon trap: reason=class_check action=maybe_recompile pc=0x00007fe7d02bfa28 method=java.lang.String.equals(Ljava/lang/Object;)Z @ 8
Event: 2,407 Thread 0x00007fe7e040e800 Uncommon trap: reason=class_check action=maybe_recompile pc=0x00007fe7d02bfa28 method=java.lang.String.equals(Ljava/lang/Object;)Z @ 8
Event: 2,407 Thread 0x00007fe7e040e800 Uncommon trap: reason=class_check action=maybe_recompile pc=0x00007fe7d02bfa28 method=java.lang.String.equals(Ljava/lang/Object;)Z @ 8
Event: 7,698 Thread 0x00007fe7e040e800 Uncommon trap: reason=unstable_if action=reinterpret pc=0x00007fe7d0473190 method=java.nio.Buffer.nextGetIndex()I @ 8
Event: 9,878 Thread 0x00007fe7e040e800 Uncommon trap: reason=unstable_if action=reinterpret pc=0x00007fe7d0554414 method=java.util.concurrent.locks.LockSupport.unpark(Ljava/lang/Thread;)V @ 1
Event: 31,971 Thread 0x00007fe7e040e800 Uncommon trap: reason=unstable_if action=reinterpret pc=0x00007fe7d055c894 method=sun.java2d.SunGraphics2D.drawImage(Ljava/awt/Image;IIIIIIIILjava/awt/Color;Ljava/awt/image/ImageObserver;)Z @ 94
Event: 31,971 Thread 0x00007fe7e040e800 Uncommon trap: reason=unstable_if action=reinterpret pc=0x00007fe7d055a8d4 method=sun.java2d.SunGraphics2D.drawImage(Ljava/awt/Image;IIIIIIIILjava/awt/Color;Ljava/awt/image/ImageObserver;)Z @ 94

Classes redefined (0 events):
No events

Internal exceptions (10 events):
Event: 0,168 Thread 0x00007fe7e000c800 Exception <a 'java/security/PrivilegedActionException'> (0x00000000d7a1dd80) thrown at [/HUDSON/workspace/8-2-build-linux-amd64/jdk8u201/12317/hotspot/src/share/vm/prims/jvm.cpp, line 1502]
Event: 0,169 Thread 0x00007fe7e000c800 Exception <a 'java/security/PrivilegedActionException'> (0x00000000d7a201e8) thrown at [/HUDSON/workspace/8-2-build-linux-amd64/jdk8u201/12317/hotspot/src/share/vm/prims/jvm.cpp, line 1502]
Event: 0,169 Thread 0x00007fe7e000c800 Exception <a 'java/security/PrivilegedActionException'> (0x00000000d7a203f8) thrown at [/HUDSON/workspace/8-2-build-linux-amd64/jdk8u201/12317/hotspot/src/share/vm/prims/jvm.cpp, line 1502]
Event: 0,224 Thread 0x00007fe7e000c800 Exception <a 'java/lang/NoSuchFieldError': method resolution failed> (0x00000000d7c90198) thrown at [/HUDSON/workspace/8-2-build-linux-amd64/jdk8u201/12317/hotspot/src/share/vm/prims/methodHandles.cpp, line 1167]
Event: 0,227 Thread 0x00007fe7e000c800 Exception <a 'java/lang/NoSuchFieldError': method resolution failed> (0x00000000d7c9e440) thrown at [/HUDSON/workspace/8-2-build-linux-amd64/jdk8u201/12317/hotspot/src/share/vm/prims/methodHandles.cpp, line 1167]
Event: 0,259 Thread 0x00007fe7e000c800 Exception <a 'java/io/FileNotFoundException'> (0x00000000d7d45fc8) thrown at [/HUDSON/workspace/8-2-build-linux-amd64/jdk8u201/12317/hotspot/src/share/vm/prims/jni.cpp, line 709]
Event: 0,259 Thread 0x00007fe7e000c800 Exception <a 'java/io/FileNotFoundException'> (0x00000000d7d46a68) thrown at [/HUDSON/workspace/8-2-build-linux-amd64/jdk8u201/12317/hotspot/src/share/vm/prims/jni.cpp, line 709]
Event: 0,762 Thread 0x00007fe7e040e800 Exception <a 'java/lang/UnsupportedOperationException': > (0x00000000d852cbf0) thrown at [/HUDSON/workspace/8-2-build-linux-amd64/jdk8u201/12317/hotspot/src/share/vm/prims/jni.cpp, line 735]
Event: 9,278 Thread 0x00007fe7e040e800 Exception <a 'java/lang/OutOfMemoryError': Can't create offscreen surface> (0x00000000d947a218) thrown at [/HUDSON/workspace/8-2-build-linux-amd64/jdk8u201/12317/hotspot/src/share/vm/prims/jni.cpp, line 735]
Event: 9,314 Thread 0x00007fe7e040e800 Exception <a 'java/lang/OutOfMemoryError': Can't create offscreen surface> (0x00000000d9493fc0) thrown at [/HUDSON/workspace/8-2-build-linux-amd64/jdk8u201/12317/hotspot/src/share/vm/prims/jni.cpp, line 735]

Events (10 events):
Event: 9,878 Thread 0x00007fe7e040e800 DEOPT PACKING pc=0x00007fe7d0554414 sp=0x00007fe7c5a39540
Event: 9,878 Thread 0x00007fe7e040e800 DEOPT UNPACKING pc=0x00007fe7d01ad73a sp=0x00007fe7c5a39378 mode 2
Event: 31,971 Thread 0x00007fe7e040e800 Uncommon trap: trap_request=0xffffff65 fr.pc=0x00007fe7d055c894
Event: 31,971 Thread 0x00007fe7e040e800 DEOPT PACKING pc=0x00007fe7d055c894 sp=0x00007fe7c5a39c80
Event: 31,971 Thread 0x00007fe7e040e800 DEOPT UNPACKING pc=0x00007fe7d01ad73a sp=0x00007fe7c5a39be0 mode 2
Event: 31,971 Thread 0x00007fe7e040e800 Uncommon trap: trap_request=0xffffff65 fr.pc=0x00007fe7d055a8d4
Event: 31,971 Thread 0x00007fe7e040e800 DEOPT PACKING pc=0x00007fe7d055a8d4 sp=0x00007fe7c5a39bc0
Event: 31,971 Thread 0x00007fe7e040e800 DEOPT UNPACKING pc=0x00007fe7d01ad73a sp=0x00007fe7c5a39ba8 mode 2
Event: 60,708 loading class sun/awt/X11/XAWTXSettings$1
Event: 60,708 loading class sun/awt/X11/XAWTXSettings$1 done


Dynamic libraries:
00400000-00401000 r-xp 00000000 08:02 17964053                           /usr/lib/jvm/java-8-oracle/bin/java
00600000-00601000 r--p 00000000 08:02 17964053                           /usr/lib/jvm/java-8-oracle/bin/java
00601000-00602000 rw-p 00001000 08:02 17964053                           /usr/lib/jvm/java-8-oracle/bin/java
01198000-011b9000 rw-p 00000000 00:00 0                                  [heap]
86a00000-8bb80000 rw-p 00000000 00:00 0 
8bb80000-d7900000 ---p 00000000 00:00 0 
d7900000-da180000 rw-p 00000000 00:00 0 
da180000-100000000 ---p 00000000 00:00 0 
100000000-1001e0000 rw-p 00000000 00:00 0 
1001e0000-140000000 ---p 00000000 00:00 0 
7fe770000000-7fe770021000 rw-p 00000000 00:00 0 
7fe770021000-7fe774000000 ---p 00000000 00:00 0 
7fe778000000-7fe778132000 rw-p 00000000 00:00 0 
7fe778132000-7fe77c000000 ---p 00000000 00:00 0 
7fe77c000000-7fe77c437000 rw-p 00000000 00:00 0 
7fe77c437000-7fe780000000 ---p 00000000 00:00 0 
7fe780000000-7fe780039000 rw-p 00000000 00:00 0 
7fe780039000-7fe784000000 ---p 00000000 00:00 0 
7fe784000000-7fe784021000 rw-p 00000000 00:00 0 
7fe784021000-7fe788000000 ---p 00000000 00:00 0 
7fe788000000-7fe788021000 rw-p 00000000 00:00 0 
7fe788021000-7fe78c000000 ---p 00000000 00:00 0 
7fe78c000000-7fe78c021000 rw-p 00000000 00:00 0 
7fe78c021000-7fe790000000 ---p 00000000 00:00 0 
7fe790000000-7fe790657000 rw-p 00000000 00:00 0 
7fe790657000-7fe794000000 ---p 00000000 00:00 0 
7fe794000000-7fe794021000 rw-p 00000000 00:00 0 
7fe794021000-7fe798000000 ---p 00000000 00:00 0 
7fe798000000-7fe79831a000 rw-p 00000000 00:00 0 
7fe79831a000-7fe79c000000 ---p 00000000 00:00 0 
7fe79c000000-7fe79c5fd000 rw-p 00000000 00:00 0 
7fe79c5fd000-7fe7a0000000 ---p 00000000 00:00 0 
7fe7a0000000-7fe7a0021000 rw-p 00000000 00:00 0 
7fe7a0021000-7fe7a4000000 ---p 00000000 00:00 0 
7fe7a4000000-7fe7a4051000 rw-p 00000000 00:00 0 
7fe7a4051000-7fe7a8000000 ---p 00000000 00:00 0 
7fe7a8000000-7fe7a8021000 rw-p 00000000 00:00 0 
7fe7a8021000-7fe7ac000000 ---p 00000000 00:00 0 
7fe7ac000000-7fe7ac021000 rw-p 00000000 00:00 0 
7fe7ac021000-7fe7b0000000 ---p 00000000 00:00 0 
7fe7b0000000-7fe7b0021000 rw-p 00000000 00:00 0 
7fe7b0021000-7fe7b4000000 ---p 00000000 00:00 0 
7fe7b4000000-7fe7b4021000 rw-p 00000000 00:00 0 
7fe7b4021000-7fe7b8000000 ---p 00000000 00:00 0 
7fe7b8000000-7fe7b8021000 rw-p 00000000 00:00 0 
7fe7b8021000-7fe7bc000000 ---p 00000000 00:00 0 
7fe7bc350000-7fe7c0000000 rw-p 00000000 00:00 0 
7fe7c0000000-7fe7c0021000 rw-p 00000000 00:00 0 
7fe7c0021000-7fe7c4000000 ---p 00000000 00:00 0 
7fe7c451d000-7fe7c45dd000 rw-p 00000000 00:00 0 
7fe7c45dd000-7fe7c471d000 ---p 00000000 00:00 0 
7fe7c471d000-7fe7c4726000 r--s 00000000 08:02 20715837                   /usr/share/texlive/texmf-dist/fonts/type1/bitstrea/charter/bchbi8a.pfb
7fe7c4726000-7fe7c4735000 r--s 00000000 08:02 18879472                   /usr/share/texlive/texmf-dist/fonts/type1/adobe/courier/pcrro8a.pfb
7fe7c4735000-7fe7c473e000 r--s 00000000 08:02 20715838                   /usr/share/texlive/texmf-dist/fonts/type1/bitstrea/charter/bchr8a.pfb
7fe7c473e000-7fe7c4747000 r--s 00000000 08:02 20715839                   /usr/share/texlive/texmf-dist/fonts/type1/bitstrea/charter/bchri8a.pfb
7fe7c4747000-7fe7c4757000 r--s 00000000 08:02 18879469                   /usr/share/texlive/texmf-dist/fonts/type1/adobe/courier/pcrbo8a.pfb
7fe7c4757000-7fe7c4760000 r--s 00000000 08:02 18879474                   /usr/share/texlive/texmf-dist/fonts/type1/adobe/utopia/putb8a.pfb
7fe7c4760000-7fe7c4769000 r--s 00000000 08:02 18879476                   /usr/share/texlive/texmf-dist/fonts/type1/adobe/utopia/putr8a.pfb
7fe7c4769000-7fe7c4779000 r--s 00000000 08:02 18879471                   /usr/share/texlive/texmf-dist/fonts/type1/adobe/courier/pcrr8a.pfb
7fe7c4779000-7fe7c4782000 r--s 00000000 08:02 20715836                   /usr/share/texlive/texmf-dist/fonts/type1/bitstrea/charter/bchb8a.pfb
7fe7c4782000-7fe7c4792000 r--s 00000000 08:02 18879467                   /usr/share/texlive/texmf-dist/fonts/type1/adobe/courier/pcrb8a.pfb
7fe7c4792000-7fe7c479c000 r--s 00000000 08:02 18879477                   /usr/share/texlive/texmf-dist/fonts/type1/adobe/utopia/putri8a.pfb
7fe7c479c000-7fe7c47a6000 r--s 00000000 08:02 18879475                   /usr/share/texlive/texmf-dist/fonts/type1/adobe/utopia/putbi8a.pfb
7fe7c47a6000-7fe7c47c7000 r--s 00000000 08:02 21769488                   /usr/share/texmf/fonts/type1/public/lm/lmcsco10.pfb
7fe7c47c7000-7fe7c47d0000 r--s 00000000 08:02 19137668                   /usr/share/fonts/X11/Type1/c0633bt_.pfb
7fe7c47d0000-7fe7c47f1000 r--s 00000000 08:02 21759957                   /usr/share/texmf/fonts/type1/public/tex-gyre/qcsbi.pfb
7fe7c47f1000-7fe7c4809000 r--s 00000000 08:02 21769447                   /usr/share/texmf/fonts/type1/public/lm/lmss10.pfb
7fe7c4809000-7fe7c4810000 r--s 00000000 08:02 162297                     /var/cache/fontconfig/4be9850f182b35c1350b6bbf2e42601c-le64.cache-7
7fe7c4810000-7fe7c4811000 r--s 00000000 08:02 162376                     /var/cache/fontconfig/087e1975ba9a574b140bb1df193bf770-le64.cache-7
7fe7c4811000-7fe7c4817000 r--s 00000000 08:02 158423                     /var/cache/fontconfig/6fe8b0d39a161d19087fe931545dda13-le64.cache-7
7fe7c4817000-7fe7c481b000 r--s 00000000 08:02 162366                     /var/cache/fontconfig/6aa41aa22e18b8fa06a12da28ea9c28b-le64.cache-7
7fe7c481b000-7fe7c4826000 r--s 00000000 08:02 158422                     /var/cache/fontconfig/945677eb7aeaf62f1d50efc3fb3ec7d8-le64.cache-7
7fe7c4826000-7fe7c482d000 r--s 00000000 08:02 162364                     /var/cache/fontconfig/63c7aca0c1b0a3f740ee470c2e28e675-le64.cache-7
7fe7c482d000-7fe7c4836000 r--s 00000000 08:02 162363                     /var/cache/fontconfig/a6d8cf8e4ec09cdbc8633c31745a07dd-le64.cache-7
7fe7c4836000-7fe7c483b000 r--s 00000000 08:02 162362                     /var/cache/fontconfig/2300eef321c393bfd76478a5c0e95b23-le64.cache-7
7fe7c483b000-7fe7c483c000 r--s 00000000 08:02 162361                     /var/cache/fontconfig/0d8c3b2ac0904cb8a57a757ad11a4a08-le64.cache-7
7fe7c483c000-7fe7c4851000 r--s 00000000 08:02 162360                     /var/cache/fontconfig/04aabc0a78ac019cf9454389977116d2-le64.cache-7
7fe7c4851000-7fe7c4852000 r--s 00000000 08:02 162347                     /var/cache/fontconfig/1ac9eb803944fde146138c791f5cc56a-le64.cache-7
7fe7c4852000-7fe7c4853000 r--s 00000000 08:02 162346                     /var/cache/fontconfig/b95bc8ffbebda2bbdae4265e45b8178d-le64.cache-7
7fe7c4853000-7fe7c4857000 r--s 00000000 08:02 162345                     /var/cache/fontconfig/385c0604a188198f04d133e54aba7fe7-le64.cache-7
7fe7c4857000-7fe7c4858000 r--s 00000000 08:02 162344                     /var/cache/fontconfig/9c956a7723ca69a44b382d9179c9802f-le64.cache-7
7fe7c4858000-7fe7c4859000 r--s 00000000 08:02 162304                     /var/cache/fontconfig/dc05db6664285cc2f12bf69c139ae4c3-le64.cache-7
7fe7c4859000-7fe7c485b000 r--s 00000000 08:02 162302                     /var/cache/fontconfig/14a5e22175779b556eaa434240950366-le64.cache-7
7fe7c485b000-7fe7c485c000 r--s 00000000 08:02 162301                     /var/cache/fontconfig/660208299946a285a940457d1287da33-le64.cache-7
7fe7c485c000-7fe7c485d000 r--s 00000000 08:02 162295                     /var/cache/fontconfig/5d1cca7074f29429a8d18692746c2426-le64.cache-7
7fe7c485d000-7fe7c485f000 r--s 00000000 08:02 162265                     /var/cache/fontconfig/4f3e3037c9980c83b53a9351efadef62-le64.cache-7
7fe7c485f000-7fe7c4861000 r--s 00000000 08:02 162248                     /var/cache/fontconfig/767a8244fc0220cfb567a839d0392e0b-le64.cache-7
7fe7c4861000-7fe7c4862000 r--s 00000000 08:02 169128                     /var/cache/fontconfig/4794a0821666d79190d59a36cb4f44b5-le64.cache-7
7fe7c4862000-7fe7c4867000 r--s 00000000 08:02 162220                     /var/cache/fontconfig/bbd3eebb6912613e2596f2fd46535a95-le64.cache-7
7fe7c4867000-7fe7c4868000 r--s 00000000 08:02 162211                     /var/cache/fontconfig/9eae20f1ff8cc0a7d125749e875856bd-le64.cache-7
7fe7c4868000-7fe7c48a1000 r--s 00000000 08:02 173404                     /var/cache/fontconfig/0bd3dc0958fa2205aaaa8ebb13e2872b-le64.cache-7
7fe7c48a1000-7fe7c48a4000 r--s 00000000 08:02 162175                     /var/cache/fontconfig/bf2c1853a9e9b00bb02fe2e9bcf1e201-le64.cache-7
7fe7c48a4000-7fe7c48ab000 r--s 00000000 08:02 162165                     /var/cache/fontconfig/8801497958630a81b71ace7c5f9b32a8-le64.cache-7
7fe7c48ab000-7fe7c48b0000 r--s 00000000 08:02 162163                     /var/cache/fontconfig/def309198bfa603429122923fa2bb2d4-le64.cache-7
7fe7c48b0000-7fe7c48b1000 r--s 00000000 08:02 162162                     /var/cache/fontconfig/b872e6e592da6075ffa4ab0a1fcc0c75-le64.cache-7
7fe7c48b1000-7fe7c48b2000 r--s 00000000 08:02 162161                     /var/cache/fontconfig/f6d4eedfaab2589bde49f7a3ff831d22-le64.cache-7
7fe7c48b2000-7fe7c48b3000 r--s 00000000 08:02 162160                     /var/cache/fontconfig/589f83ef4c36d296ce6e1c846f468f08-le64.cache-7
7fe7c48b3000-7fe7c48b4000 r--s 00000000 08:02 162141                     /var/cache/fontconfig/bab58bb527bb656aaa9f116d68a48d89-le64.cache-7
7fe7c48b4000-7fe7c48b5000 r--s 00000000 08:02 162139                     /var/cache/fontconfig/2171a34dccabdb6bcbbc728186263178-le64.cache-7
7fe7c48b5000-7fe7c48b6000 r--s 00000000 08:02 162138                     /var/cache/fontconfig/c5c45a61289222e0d30b1a26ef4effbe-le64.cache-7
7fe7c48b6000-7fe7c48b7000 r--s 00000000 08:02 162137                     /var/cache/fontconfig/aec30016f93e1b46d1a973dce0d74068-le64.cache-7
7fe7c48b7000-7fe7c48b8000 r--s 00000000 08:02 162121                     /var/cache/fontconfig/3f589640d34b7dc9042c8d453f7c8b9c-le64.cache-7
7fe7c48b8000-7fe7c48b9000 r--s 00000000 08:02 162067                     /var/cache/fontconfig/16c2fda60d1b4b719f4b3d06fd951d25-le64.cache-7
7fe7c48b9000-7fe7c48ba000 r--s 00000000 08:02 161574                     /var/cache/fontconfig/a48eab177a16e4f3713381162db2f3e9-le64.cache-7
7fe7c48ba000-7fe7c48bb000 r--s 00000000 08:02 161573                     /var/cache/fontconfig/564b2e68ac9bc4e36a6f7f6d6125ec1c-le64.cache-7
7fe7c48bb000-7fe7c48c0000 r--s 00000000 08:02 169124                     /var/cache/fontconfig/9d2451b1fd30e5bffe8383fd27c35478-le64.cache-7
7fe7c48c0000-7fe7c48c6000 r--s 00000000 08:02 161539                     /var/cache/fontconfig/3047814df9a2f067bd2d96a2b9c36e5a-le64.cache-7
7fe7c48c6000-7fe7c48ce000 r--s 00000000 08:02 161536                     /var/cache/fontconfig/bf3b770c553c462765856025a94f1ce6-le64.cache-7
7fe7c48ce000-7fe7c48cf000 r--s 00000000 08:02 161535                     /var/cache/fontconfig/56cf4f4769d0f4abc89a4895d7bd3ae1-le64.cache-7
7fe7c48cf000-7fe7c48d0000 r--s 00000000 08:02 161532                     /var/cache/fontconfig/b9d506c9ac06c20b433354fa67a72993-le64.cache-7
7fe7c48d0000-7fe7c48d6000 r--s 00000000 08:02 161531                     /var/cache/fontconfig/b47c4e1ecd0709278f4910c18777a504-le64.cache-7
7fe7c48d6000-7fe7c48d9000 r--s 00000000 08:02 161528                     /var/cache/fontconfig/14d493b97896515cad3840ba4896e372-le64.cache-7
7fe7c48d9000-7fe7c48db000 r--s 00000000 08:02 161526                     /var/cache/fontconfig/715927c029ee5789f7bcbe92036c8d73-le64.cache-7
7fe7c48db000-7fe7c48de000 r--s 00000000 08:02 161525                     /var/cache/fontconfig/e49e89034d371f0f9de17aab02136486-le64.cache-7
7fe7c48de000-7fe7c48e0000 r--s 00000000 08:02 161521                     /var/cache/fontconfig/4b14b093aebc79c320de5e86ae1d3314-le64.cache-7
7fe7c48e0000-7fe7c48e1000 r--s 00000000 08:02 161520                     /var/cache/fontconfig/8aec10f4cc8391dcef22ca549f1e4354-le64.cache-7
7fe7c48e1000-7fe7c48f4000 r--s 00000000 08:02 161519                     /var/cache/fontconfig/d52a8644073d54c13679302ca1180695-le64.cache-7
7fe7c48f4000-7fe7c48f5000 r--s 00000000 08:02 161517                     /var/cache/fontconfig/370e5b74bf5dafc30834de68e24a87a4-le64.cache-7
7fe7c48f5000-7fe7c48f6000 r--s 00000000 08:02 161514                     /var/cache/fontconfig/6b2c5944714ca7831b25bed9e85cb5c8-le64.cache-7
7fe7c48f6000-7fe7c48f7000 r--s 00000000 08:02 161513                     /var/cache/fontconfig/d5178ab6d91b49bf20a416737dcea9e8-le64.cache-7
7fe7c48f7000-7fe7c48f8000 r--s 00000000 08:02 161477                     /var/cache/fontconfig/551ecf3b0e8b0bca0f25c0944f561853-le64.cache-7
7fe7c48f8000-7fe7c48fb000 r--s 00000000 08:02 161474                     /var/cache/fontconfig/f259c2cffa685e28062317905db73c4a-le64.cache-7
7fe7c48fb000-7fe7c48fd000 r--s 00000000 08:02 161473                     /var/cache/fontconfig/550f3886151c940c12a5ed35f6a00586-le64.cache-7
7fe7c48fd000-7fe7c4900000 r--s 00000000 08:02 161461                     /var/cache/fontconfig/674d1711f2d1d2a09646eb0bdcadee49-le64.cache-7
7fe7c4900000-7fe7c4901000 r--s 00000000 08:02 161446                     /var/cache/fontconfig/8a687c406b77f27d99abfeeba937fcce-le64.cache-7
7fe7c4901000-7fe7c4907000 r--s 00000000 08:02 161411                     /var/cache/fontconfig/75ad6aa2358a85f0de2c8ee4837e8227-le64.cache-7
7fe7c4907000-7fe7c4908000 r--s 00000000 08:02 161410                     /var/cache/fontconfig/3f7329c5293ffd510edef78f73874cfd-le64.cache-7
7fe7c4908000-7fe7c4909000 r--s 00000000 08:02 161409                     /var/cache/fontconfig/ac2cf712d852da827a87a9baf682f5b9-le64.cache-7
7fe7c4909000-7fe7c490b000 r--s 00000000 08:02 161407                     /var/cache/fontconfig/65f976e5259cbe6dc7697b8648396239-le64.cache-7
7fe7c490b000-7fe7c4917000 r--s 00000000 08:02 161345                     /var/cache/fontconfig/d589a48862398ed80a3d6066f4f56f4c-le64.cache-7
7fe7c4917000-7fe7c491b000 r--s 00000000 08:02 161255                     /var/cache/fontconfig/246184dc75a16901ca37d96895904249-le64.cache-7
7fe7c491b000-7fe7c4920000 r--s 00000000 08:02 161253                     /var/cache/fontconfig/b25010134a2e462c779c1c1d5ccbff7b-le64.cache-7
7fe7c4920000-7fe7c4921000 r--s 00000000 08:02 161250                     /var/cache/fontconfig/94f7fe9bd33aadfac165873bd010d595-le64.cache-7
7fe7c4921000-7fe7c4923000 r--s 00000000 08:02 161205                     /var/cache/fontconfig/423767150eb258c59035de29db6fca84-le64.cache-7
7fe7c4923000-7fe7c4924000 r--s 00000000 08:02 161180                     /var/cache/fontconfig/845c20fd2c4814bcec78e05d37a63ccc-le64.cache-7
7fe7c4924000-7fe7c4925000 r--s 00000000 08:02 161145                     /var/cache/fontconfig/e7de81b01590fb7e12b38e274e17d0db-le64.cache-7
7fe7c4925000-7fe7c4929000 r--s 00000000 08:02 161144                     /var/cache/fontconfig/6386b86020ecc1ef9690bb720a13964f-le64.cache-7
7fe7c4929000-7fe7c492a000 r--s 00000000 08:02 161143                     /var/cache/fontconfig/406a1d2d2bf3ed7664fbadefac0b2f66-le64.cache-7
7fe7c492a000-7fe7c492c000 r--s 00000000 08:02 161142                     /var/cache/fontconfig/67709b7835c0f764c1135060c9575660-le64.cache-7
7fe7c492c000-7fe7c492e000 r--s 00000000 08:02 161138                     /var/cache/fontconfig/099525ddca5eae4f2477b69cf2d7f16d-le64.cache-7
7fe7c492e000-7fe7c4930000 r--s 00000000 08:02 161113                     /var/cache/fontconfig/61092ac79d9058a69eda095afa0a78f1-le64.cache-7
7fe7c4930000-7fe7c4932000 r--s 00000000 08:02 160823                     /var/cache/fontconfig/a722efc6911bbe16667b1a77497ffd37-le64.cache-7
7fe7c4932000-7fe7c4934000 r--s 00000000 08:02 160704                     /var/cache/fontconfig/d63fdd8e0f42559533dd777c334fdfcc-le64.cache-7
7fe7c4934000-7fe7c4935000 r--s 00000000 08:02 160642                     /var/cache/fontconfig/30829fa25452a46451e813d634d7f916-le64.cache-7
7fe7c4935000-7fe7c4946000 r--s 00000000 08:02 160640                     /var/cache/fontconfig/198d8fcf01c96d0cf813f74fd759bdb7-le64.cache-7
7fe7c4946000-7fe7c4947000 r--s 00000000 08:02 160564                     /var/cache/fontconfig/0c9eb80ebd1c36541ebe2852d3bb0c49-le64.cache-7
7fe7c4947000-7fe7c4948000 r--s 00000000 08:02 160543                     /var/cache/fontconfig/22368d551a680bfe5a62c02760edf4ea-le64.cache-7
7fe7c4948000-7fe7c4949000 r--s 00000000 08:02 160497                     /var/cache/fontconfig/4d9c95eba1cb85bbcf2878543262124a-le64.cache-7
7fe7c4949000-7fe7c494a000 r--s 00000000 08:02 160496                     /var/cache/fontconfig/85e0a52ce643a7ba2ae53e5d6949cead-le64.cache-7
7fe7c494a000-7fe7c494b000 r--s 00000000 08:02 160451                     /var/cache/fontconfig/49f0de54bdd920fe4f0dfd4cbac43e6b-le64.cache-7
7fe7c494b000-7fe7c494c000 r--s 00000000 08:02 160447                     /var/cache/fontconfig/f6e6e0a5c3d2f6ae0c0c2e0ecd42a997-le64.cache-7
7fe7c494c000-7fe7c494d000 r--s 00000000 08:02 160384                     /var/cache/fontconfig/4b2eda6bb976bda485cb2176619421d5-le64.cache-7
7fe7c494d000-7fe7c4950000 r--s 00000000 08:02 160126                     /var/cache/fontconfig/75114ca45c98e8a441da0ff356701271-le64.cache-7
7fe7c4950000-7fe7c495b000 r--s 00000000 08:02 159986                     /var/cache/fontconfig/83bf95040141907cd45bb53cf7c1c148-le64.cache-7
7fe7c495b000-7fe7c4969000 r--s 00000000 08:02 159977                     /var/cache/fontconfig/9b89f8e3dae116d678bbf48e5f21f69b-le64.cache-7
7fe7c4969000-7fe7c496b000 r--s 00000000 08:02 159923                     /var/cache/fontconfig/6afa1bb216ce958c1589e297e8008489-le64.cache-7
7fe7c496b000-7fe7c496d000 r--s 00000000 08:02 159921                     /var/cache/fontconfig/6e6b34ae150a7ad95e82fb4a522f0bda-le64.cache-7
7fe7c496d000-7fe7c496e000 r--s 00000000 08:02 159708                     /var/cache/fontconfig/3334a778d104e76d188e9df399bc24d2-le64.cache-7
7fe7c496e000-7fe7c4975000 r--s 00000000 08:02 159689                     /var/cache/fontconfig/53d14c92082a93e67d5078324eb314ca-le64.cache-7
7fe7c4975000-7fe7c4979000 r--s 00000000 08:02 159683                     /var/cache/fontconfig/6c08beecf0dac481ec92e759e0c2e6d7-le64.cache-7
7fe7c4979000-7fe7c497d000 r--s 00000000 08:02 159665                     /var/cache/fontconfig/4d6aee6d44eccb37054d3216e945f618-le64.cache-7
7fe7c497d000-7fe7c4981000 r--s 00000000 08:02 159663                     /var/cache/fontconfig/d6c6df98c3df5faf9bd0f8ef4d91efe5-le64.cache-7
7fe7c4981000-7fe7c4985000 r--s 00000000 08:02 159660                     /var/cache/fontconfig/9fb319ef52839f11ee26ab8b4cffa12b-le64.cache-7
7fe7c4985000-7fe7c4987000 r--s 00000000 08:02 159656                     /var/cache/fontconfig/43bfe21a9e1edebcf703d79ee2950b06-le64.cache-7
7fe7c4987000-7fe7c499a000 r--s 00000000 08:02 159653                     /var/cache/fontconfig/4ac51e5cfbc76fc3f983e470323a16d3-le64.cache-7
7fe7c499a000-7fe7c499d000 r--s 00000000 08:02 159648                     /var/cache/fontconfig/c19b55eb3b4c5b40ea175e31682068a5-le64.cache-7
7fe7c499d000-7fe7c499e000 r--s 00000000 08:02 159646                     /var/cache/fontconfig/c277e94e32b20404286a1ddafa5a80f0-le64.cache-7
7fe7c499e000-7fe7c49c1000 r--s 00000000 08:02 231197                     /var/cache/fontconfig/e13b20fdb08344e0e664864cc2ede53d-le64.cache-7
7fe7c49c2000-7fe7c49c6000 rw-s 00000000 00:05 281116678                  /SYSV00000000 (deleted)
7fe7c49c6000-7fe7c49d6000 r--s 00000000 08:02 19139290                   /usr/share/fonts/type1/gsfonts/a010013l.pfb
7fe7c49d6000-7fe7c49f1000 r--s 00000000 08:02 21759946                   /usr/share/texmf/fonts/type1/public/tex-gyre/qagr.pfb
7fe7c49f1000-7fe7c4a0f000 r--s 00000000 08:02 21769493                   /usr/share/texmf/fonts/type1/public/lm/lmbx10.pfb
7fe7c4a0f000-7fe7c4a31000 r--s 00000000 08:02 21769501                   /usr/share/texmf/fonts/type1/public/lm/lmbo10.pfb
7fe7c4a31000-7fe7c4a51000 r--s 00000000 08:02 21759948                   /usr/share/texmf/fonts/type1/public/tex-gyre/qbkb.pfb
7fe7c4a51000-7fe7c4a71000 r--s 00000000 08:02 21759952                   /usr/share/texmf/fonts/type1/public/tex-gyre/qcrb.pfb
7fe7c4a71000-7fe7c4a82000 r--s 00000000 08:02 19139924                   /usr/share/fonts/type1/gsfonts/a010035l.pfb
7fe7c4a82000-7fe7c4a92000 r--s 00000000 08:02 19139921                   /usr/share/fonts/type1/gsfonts/a010033l.pfb
7fe7c4a92000-7fe7c4aa9000 r--s 00000000 08:02 19141369                   /usr/share/fonts/type1/gsfonts/n021023l.pfb
7fe7c4aa9000-7fe7c4ab3000 r--s 00000000 08:02 19137660                   /usr/share/fonts/X11/Type1/c0582bt_.pfb
7fe7c4ab3000-7fe7c4ad5000 r--s 00000000 08:02 21759970                   /usr/share/texmf/fonts/type1/public/tex-gyre/qplr.pfb
7fe7c4ad5000-7fe7c4af8000 r--s 00000000 08:02 21759969                   /usr/share/texmf/fonts/type1/public/tex-gyre/qplbi.pfb
7fe7c4af8000-7fe7c4b1a000 r--s 00000000 08:02 21769426                   /usr/share/texmf/fonts/type1/public/lm/lmssdo10.pfb
7fe7c4b1a000-7fe7c4b30000 r--s 00000000 08:02 19141381                   /usr/share/fonts/type1/gsfonts/n022023l.pfb
7fe7c4b30000-7fe7c4b42000 r--s 00000000 08:02 19141351                   /usr/share/fonts/type1/gsfonts/n019043l.pfb
7fe7c4b42000-7fe7c4b5b000 r--s 00000000 08:02 19141366                   /usr/share/fonts/type1/gsfonts/n021004l.pfb
7fe7c4b5b000-7fe7c4b73000 r--s 00000000 08:02 19141330                   /usr/share/fonts/type1/gsfonts/c059033l.pfb
7fe7c4b73000-7fe7c4b93000 r--s 00000000 08:02 21759959                   /usr/share/texmf/fonts/type1/public/tex-gyre/qcsri.pfb
7fe7c4b93000-7fe7c4bb3000 r--s 00000000 08:02 21759973                   /usr/share/texmf/fonts/type1/public/tex-gyre/qtmbi.pfb
7fe7c4bb3000-7fe7c4bd3000 r--s 00000000 08:02 21759958                   /usr/share/texmf/fonts/type1/public/tex-gyre/qcsr.pfb
7fe7c4bd3000-7fe7c4bf2000 r--s 00000000 08:02 21769454                   /usr/share/texmf/fonts/type1/public/lm/lmtlo10.pfb
7fe7c4bf2000-7fe7c4c0d000 r--s 00000000 08:02 19141387                   /usr/share/fonts/type1/gsfonts/p052003l.pfb
7fe7c4c0d000-7fe7c4c16000 r--s 00000000 08:02 19143367                   /usr/share/fonts/type1/gsfonts/s050000l.pfb
7fe7c4c16000-7fe7c4c38000 r--s 00000000 08:02 21769419                   /usr/share/texmf/fonts/type1/public/lm/lmssbo10.pfb
7fe7c4c38000-7fe7c4c4d000 r--s 00000000 08:02 19139933                   /usr/share/fonts/type1/gsfonts/b018032l.pfb
7fe7c4c4d000-7fe7c4c5d000 r--s 00000000 08:02 19139918                   /usr/share/fonts/type1/gsfonts/a010015l.pfb
7fe7c4c5d000-7fe7c4c7a000 r--s 00000000 08:02 21769487                   /usr/share/texmf/fonts/type1/public/lm/lmcsc10.pfb
7fe7c4c7a000-7fe7c4c9a000 r--s 00000000 08:02 21769474                   /usr/share/texmf/fonts/type1/public/lm/lmssqo8.pfb
7fe7c4c9a000-7fe7c4cb8000 r--s 00000000 08:02 21769450                   /usr/share/texmf/fonts/type1/public/lm/lmvtl10.pfb
7fe7c4cb8000-7fe7c4cd1000 r--s 00000000 08:02 19139927                   /usr/share/fonts/type1/gsfonts/b018012l.pfb
7fe7c4cd1000-7fe7c4cee000 r--s 00000000 08:02 21769473                   /usr/share/texmf/fonts/type1/public/lm/lmssdc10.pfb
7fe7c4cee000-7fe7c4d08000 r--s 00000000 08:02 21759945                   /usr/share/texmf/fonts/type1/public/tex-gyre/qagbi.pfb
7fe7c4d08000-7fe7c4d2a000 r--s 00000000 08:02 21769494                   /usr/share/texmf/fonts/type1/public/lm/lmvtlo10.pfb
7fe7c4d2a000-7fe7c4d3b000 r--s 00000000 08:02 19141348                   /usr/share/fonts/type1/gsfonts/n019024l.pfb
7fe7c4d3b000-7fe7c4d56000 r--s 00000000 08:02 21769434                   /usr/share/texmf/fonts/type1/public/lm/lmtlc10.pfb
7fe7c4d56000-7fe7c4d71000 r--s 00000000 08:02 21759964                   /usr/share/texmf/fonts/type1/public/tex-gyre/qhvcr.pfb
7fe7c4d71000-7fe7c4d8f000 r--s 00000000 08:02 21769453                   /usr/share/texmf/fonts/type1/public/lm/lmr10.pfb
7fe7c4d8f000-7fe7c4dab000 r--s 00000000 08:02 21759944                   /usr/share/texmf/fonts/type1/public/tex-gyre/qagb.pfb
7fe7c4dab000-7fe7c4dc5000 r--s 00000000 08:02 21759965                   /usr/share/texmf/fonts/type1/public/tex-gyre/qhvcri.pfb
7fe7c4dc5000-7fe7c4ddf000 r--s 00000000 08:02 19139939                   /usr/share/fonts/type1/gsfonts/c059013l.pfb
7fe7c4ddf000-7fe7c4e01000 r--s 00000000 08:02 21759971                   /usr/share/texmf/fonts/type1/public/tex-gyre/qplri.pfb
7fe7c4e01000-7fe7c4e1b000 r--s 00000000 08:02 21759961                   /usr/share/texmf/fonts/type1/public/tex-gyre/qhvbi.pfb
7fe7c4e1b000-7fe7c4e3a000 r--s 00000000 08:02 21759954                   /usr/share/texmf/fonts/type1/public/tex-gyre/qcrr.pfb
7fe7c4e3a000-7fe7c4e4e000 r--s 00000000 08:02 19141339                   /usr/share/fonts/type1/gsfonts/n019003l.pfb
7fe7c4e4e000-7fe7c4e60000 r--s 00000000 08:02 19141342                   /usr/share/fonts/type1/gsfonts/n019004l.pfb
7fe7c4e60000-7fe7c4e7f000 r--s 00000000 08:02 21769435                   /usr/share/texmf/fonts/type1/public/lm/lmssqbo8.pfb
7fe7c4e7f000-7fe7c4e9a000 r--s 00000000 08:02 21759966                   /usr/share/texmf/fonts/type1/public/tex-gyre/qhvr.pfb
7fe7c4e9a000-7fe7c4eb5000 r--s 00000000 08:02 19143357                   /usr/share/fonts/type1/gsfonts/p052023l.pfb
7fe7c4eb5000-7fe7c4ec8000 r--s 00000000 08:02 19139930                   /usr/share/fonts/type1/gsfonts/b018015l.pfb
7fe7c4ec8000-7fe7c4eea000 r--s 00000000 08:02 21769428                   /usr/share/texmf/fonts/type1/public/lm/lmbxo10.pfb
7fe7c4eea000-7fe7c4f05000 r--s 00000000 08:02 21759963                   /usr/share/texmf/fonts/type1/public/tex-gyre/qhvcbi.pfb
7fe7c4f05000-7fe7c4f0f000 r--s 00000000 08:02 19137662                   /usr/share/fonts/X11/Type1/c0583bt_.pfb
7fe7c4f0f000-7fe7c4f2b000 r--s 00000000 08:02 19143363                   /usr/share/fonts/type1/gsfonts/p052024l.pfb
7fe7c4f2b000-7fe7c4f47000 r--s 00000000 08:02 21769455                   /usr/share/texmf/fonts/type1/public/lm/lmtt10.pfb
7fe7c4f47000-7fe7c4f67000 r--s 00000000 08:02 21769442                   /usr/share/texmf/fonts/type1/public/lm/lmtcso10.pfb
7fe7c4f67000-7fe7c4f86000 r--s 00000000 08:02 21769477                   /usr/share/texmf/fonts/type1/public/lm/lmvtk10.pfb
7fe7c4f86000-7fe7c4f98000 r--s 00000000 08:02 19139936                   /usr/share/fonts/type1/gsfonts/b018035l.pfb
7fe7c4f98000-7fe7c4fab000 r--s 00000000 08:02 19141360                   /usr/share/fonts/type1/gsfonts/n019064l.pfb
7fe7c4fab000-7fe7c4fc8000 r--s 00000000 08:02 21769491                   /usr/share/texmf/fonts/type1/public/lm/lmtk10.pfb
7fe7c4fc8000-7fe7c4fe1000 r--s 00000000 08:02 19141378                   /usr/share/fonts/type1/gsfonts/n022004l.pfb
7fe7c4fe1000-7fe7c5000000 r--s 00000000 08:02 21759955                   /usr/share/texmf/fonts/type1/public/tex-gyre/qcrri.pfb
7fe7c5000000-7fe7c5009000 r--s 00000000 08:02 19137672                   /usr/share/fonts/X11/Type1/c0649bt_.pfb
7fe7c5009000-7fe7c502a000 r--s 00000000 08:02 21769436                   /usr/share/texmf/fonts/type1/public/lm/lmro10.pfb
7fe7c502a000-7fe7c5049000 r--s 00000000 08:02 21769461                   /usr/share/texmf/fonts/type1/public/lm/lmtto10.pfb
7fe7c5049000-7fe7c5062000 r--s 00000000 08:02 21769464                   /usr/share/texmf/fonts/type1/public/lm/lmtti10.pfb
7fe7c5062000-7fe7c507b000 r--s 00000000 08:02 21759947                   /usr/share/texmf/fonts/type1/public/tex-gyre/qagri.pfb
7fe7c507b000-7fe7c508c000 r--s 00000000 08:02 19141345                   /usr/share/fonts/type1/gsfonts/n019023l.pfb
7fe7c508c000-7fe7c50ad000 r--s 00000000 08:02 21769438                   /usr/share/texmf/fonts/type1/public/lm/lmvtto10.pfb
7fe7c50ad000-7fe7c50ce000 r--s 00000000 08:02 21759951                   /usr/share/texmf/fonts/type1/public/tex-gyre/qbkri.pfb
7fe7c50ce000-7fe7c50ea000 r--s 00000000 08:02 21759962                   /usr/share/texmf/fonts/type1/public/tex-gyre/qhvcb.pfb
7fe7c50ea000-7fe7c510c000 r--s 00000000 08:02 21759968                   /usr/share/texmf/fonts/type1/public/tex-gyre/qplb.pfb
7fe7c510c000-7fe7c5128000 r--s 00000000 08:02 21769448                   /usr/share/texmf/fonts/type1/public/lm/lmri10.pfb
7fe7c5128000-7fe7c514d000 r--s 00000000 08:02 21765177                   /usr/share/texmf/fonts/type1/public/lm/lmvtko10.pfb
7fe7c514d000-7fe7c516b000 r--s 00000000 08:02 21769478                   /usr/share/texmf/fonts/type1/public/lm/lmssbx10.pfb
7fe7c516b000-7fe7c518f000 r--s 00000000 08:02 21769423                   /usr/share/texmf/fonts/type1/public/lm/lmduno10.pfb
7fe7c518f000-7fe7c51b0000 r--s 00000000 08:02 21759974                   /usr/share/texmf/fonts/type1/public/tex-gyre/qtmr.pfb
7fe7c51b0000-7fe7c51ba000 r--s 00000000 08:02 19137664                   /usr/share/fonts/X11/Type1/c0611bt_.pfb
7fe7c51ba000-7fe7c51db000 r--s 00000000 08:02 21759972                   /usr/share/texmf/fonts/type1/public/tex-gyre/qtmb.pfb
7fe7c51db000-7fe7c51f8000 r--s 00000000 08:02 21769476                   /usr/share/texmf/fonts/type1/public/lm/lmssq8.pfb
7fe7c51f8000-7fe7c5212000 r--s 00000000 08:02 21759976                   /usr/share/texmf/fonts/type1/public/tex-gyre/qzcmi.pfb
7fe7c5212000-7fe7c521b000 r--s 00000000 08:02 19137666                   /usr/share/fonts/X11/Type1/c0632bt_.pfb
7fe7c521b000-7fe7c523b000 r--s 00000000 08:02 21759953                   /usr/share/texmf/fonts/type1/public/tex-gyre/qcrbi.pfb
7fe7c523b000-7fe7c525b000 r--s 00000000 08:02 21759949                   /usr/share/texmf/fonts/type1/public/tex-gyre/qbkbi.pfb
7fe7c525b000-7fe7c527d000 r--s 00000000 08:02 21769495                   /usr/share/texmf/fonts/type1/public/lm/lmtlco10.pfb
7fe7c527d000-7fe7c52a0000 r--s 00000000 08:02 21769449                   /usr/share/texmf/fonts/type1/public/lm/lmtko10.pfb
7fe7c52a0000-7fe7c52b8000 r--s 00000000 08:02 19141333                   /usr/share/fonts/type1/gsfonts/c059036l.pfb
7fe7c52b8000-7fe7c52d4000 r--s 00000000 08:02 21769445                   /usr/share/texmf/fonts/type1/public/lm/lmbxi10.pfb
7fe7c52d4000-7fe7c52f1000 r--s 00000000 08:02 21769431                   /usr/share/texmf/fonts/type1/public/lm/lmvtt10.pfb
7fe7c52f1000-7fe7c530c000 r--s 00000000 08:02 19139942                   /usr/share/fonts/type1/gsfonts/c059016l.pfb
7fe7c530c000-7fe7c5323000 r--s 00000000 08:02 19143370                   /usr/share/fonts/type1/gsfonts/z003034l.pfb
7fe7c5323000-7fe7c533e000 r--s 00000000 08:02 21769486                   /usr/share/texmf/fonts/type1/public/lm/lmtcsc10.pfb
7fe7c533e000-7fe7c535a000 r--s 00000000 08:02 21759960                   /usr/share/texmf/fonts/type1/public/tex-gyre/qhvb.pfb
7fe7c535a000-7fe7c5375000 r--s 00000000 08:02 19143351                   /usr/share/fonts/type1/gsfonts/p052004l.pfb
7fe7c5375000-7fe7c538d000 r--s 00000000 08:02 19141375                   /usr/share/fonts/type1/gsfonts/n022003l.pfb
7fe7c538d000-7fe7c53a9000 r--s 00000000 08:02 21769499                   /usr/share/texmf/fonts/type1/public/lm/lmu10.pfb
7fe7c53a9000-7fe7c53b3000 r--s 00000000 08:02 19137658                   /usr/share/fonts/X11/Type1/c0419bt_.pfb
7fe7c53b3000-7fe7c53bc000 r--s 00000000 08:02 19137670                   /usr/share/fonts/X11/Type1/c0648bt_.pfb
7fe7c53bc000-7fe7c53db000 r--s 00000000 08:02 21769465                   /usr/share/texmf/fonts/type1/public/lm/lmb10.pfb
7fe7c53db000-7fe7c53fb000 r--s 00000000 08:02 21759956                   /usr/share/texmf/fonts/type1/public/tex-gyre/qcsb.pfb
7fe7c53fb000-7fe7c540d000 r--s 00000000 08:02 19141354                   /usr/share/fonts/type1/gsfonts/n019044l.pfb
7fe7c540d000-7fe7c5423000 r--s 00000000 08:02 19141384                   /usr/share/fonts/type1/gsfonts/n022024l.pfb
7fe7c5423000-7fe7c5443000 r--s 00000000 08:02 21759975                   /usr/share/texmf/fonts/type1/public/tex-gyre/qtmri.pfb
7fe7c5443000-7fe7c5460000 r--s 00000000 08:02 21769483                   /usr/share/texmf/fonts/type1/public/lm/lmssqbx8.pfb
7fe7c5460000-7fe7c546c000 r--s 00000000 08:02 19141336                   /usr/share/fonts/type1/gsfonts/d050000l.pfb
7fe7c546c000-7fe7c5485000 r--s 00000000 08:02 19141363                   /usr/share/fonts/type1/gsfonts/n021003l.pfb
7fe7c5485000-7fe7c54a0000 r--s 00000000 08:02 21759967                   /usr/share/texmf/fonts/type1/public/tex-gyre/qhvri.pfb
7fe7c54a0000-7fe7c54ba000 r--s 00000000 08:02 21769429                   /usr/share/texmf/fonts/type1/public/lm/lmtl10.pfb
7fe7c54ba000-7fe7c54cb000 r--s 00000000 08:02 19141357                   /usr/share/fonts/type1/gsfonts/n019063l.pfb
7fe7c54cb000-7fe7c54ea000 r--s 00000000 08:02 21769468                   /usr/share/texmf/fonts/type1/public/lm/lmdunh10.pfb
7fe7c54ea000-7fe7c5505000 r--s 00000000 08:02 21769459                   /usr/share/texmf/fonts/type1/public/lm/lmsso10.pfb
7fe7c5505000-7fe7c5525000 r--s 00000000 08:02 21759950                   /usr/share/texmf/fonts/type1/public/tex-gyre/qbkr.pfb
7fe7c5525000-7fe7c553b000 r--s 00000000 08:02 19141372                   /usr/share/fonts/type1/gsfonts/n021024l.pfb
7fe7c553b000-7fe7c553e000 ---p 00000000 00:00 0 
7fe7c553e000-7fe7c563c000 rw-p 00000000 00:00 0 
7fe7c563c000-7fe7c563f000 ---p 00000000 00:00 0 
7fe7c563f000-7fe7c593d000 rw-p 00000000 00:00 0 
7fe7c593d000-7fe7c5940000 ---p 00000000 00:00 0 
7fe7c5940000-7fe7c5a3e000 rw-p 00000000 00:00 0 
7fe7c5a3e000-7fe7c5aaa000 r-xp 00000000 08:02 20841200                   /usr/lib/jvm/java-8-oracle/jre/lib/amd64/libt2k.so
7fe7c5aaa000-7fe7c5caa000 ---p 0006c000 08:02 20841200                   /usr/lib/jvm/java-8-oracle/jre/lib/amd64/libt2k.so
7fe7c5caa000-7fe7c5cb0000 r--p 0006c000 08:02 20841200                   /usr/lib/jvm/java-8-oracle/jre/lib/amd64/libt2k.so
7fe7c5cb0000-7fe7c5cb1000 rw-p 00072000 08:02 20841200                   /usr/lib/jvm/java-8-oracle/jre/lib/amd64/libt2k.so
7fe7c5cb1000-7fe7c5cc2000 r-xp 00000000 08:02 20841260                   /usr/lib/jvm/java-8-oracle/jre/lib/amd64/libnio.so
7fe7c5cc2000-7fe7c5ec1000 ---p 00011000 08:02 20841260                   /usr/lib/jvm/java-8-oracle/jre/lib/amd64/libnio.so
7fe7c5ec1000-7fe7c5ec2000 r--p 00010000 08:02 20841260                   /usr/lib/jvm/java-8-oracle/jre/lib/amd64/libnio.so
7fe7c5ec2000-7fe7c5ec3000 rw-p 00011000 08:02 20841260                   /usr/lib/jvm/java-8-oracle/jre/lib/amd64/libnio.so
7fe7c5ec3000-7fe7c5ec6000 ---p 00000000 00:00 0 
7fe7c5ec6000-7fe7c61c4000 rw-p 00000000 00:00 0 
7fe7c61c4000-7fe7c61c7000 ---p 00000000 00:00 0 
7fe7c61c7000-7fe7c62c5000 rw-p 00000000 00:00 0 
7fe7c62c5000-7fe7c62ca000 r-xp 00000000 08:02 17966251                   /usr/lib/x86_64-linux-gnu/libXfixes.so.3.1.0
7fe7c62ca000-7fe7c64c9000 ---p 00005000 08:02 17966251                   /usr/lib/x86_64-linux-gnu/libXfixes.so.3.1.0
7fe7c64c9000-7fe7c64ca000 r--p 00004000 08:02 17966251                   /usr/lib/x86_64-linux-gnu/libXfixes.so.3.1.0
7fe7c64ca000-7fe7c64cb000 rw-p 00005000 08:02 17966251                   /usr/lib/x86_64-linux-gnu/libXfixes.so.3.1.0
7fe7c64cb000-7fe7c64d4000 r-xp 00000000 08:02 17964842                   /usr/lib/x86_64-linux-gnu/libXcursor.so.1.0.2
7fe7c64d4000-7fe7c66d3000 ---p 00009000 08:02 17964842                   /usr/lib/x86_64-linux-gnu/libXcursor.so.1.0.2
7fe7c66d3000-7fe7c66d4000 r--p 00008000 08:02 17964842                   /usr/lib/x86_64-linux-gnu/libXcursor.so.1.0.2
7fe7c66d4000-7fe7c66d5000 rw-p 00009000 08:02 17964842                   /usr/lib/x86_64-linux-gnu/libXcursor.so.1.0.2
7fe7c66d5000-7fe7c66d8000 ---p 00000000 00:00 0 
7fe7c66d8000-7fe7c67d6000 rw-p 00000000 00:00 0 
7fe7c67d6000-7fe7c67ed000 r-xp 00000000 08:02 17563697                   /lib/x86_64-linux-gnu/libgcc_s.so.1
7fe7c67ed000-7fe7c69ec000 ---p 00017000 08:02 17563697                   /lib/x86_64-linux-gnu/libgcc_s.so.1
7fe7c69ec000-7fe7c69ed000 r--p 00016000 08:02 17563697                   /lib/x86_64-linux-gnu/libgcc_s.so.1
7fe7c69ed000-7fe7c69ee000 rw-p 00017000 08:02 17563697                   /lib/x86_64-linux-gnu/libgcc_s.so.1
7fe7c69ee000-7fe7c6a4b000 r-xp 00000000 08:02 20841231                   /usr/lib/jvm/java-8-oracle/jre/lib/amd64/libfontmanager.so
7fe7c6a4b000-7fe7c6c4b000 ---p 0005d000 08:02 20841231                   /usr/lib/jvm/java-8-oracle/jre/lib/amd64/libfontmanager.so
7fe7c6c4b000-7fe7c6c4e000 r--p 0005d000 08:02 20841231                   /usr/lib/jvm/java-8-oracle/jre/lib/amd64/libfontmanager.so
7fe7c6c4e000-7fe7c6c4f000 rw-p 00060000 08:02 20841231                   /usr/lib/jvm/java-8-oracle/jre/lib/amd64/libfontmanager.so
7fe7c6c4f000-7fe7c6c62000 r-xp 00000000 08:02 17564142                   /lib/x86_64-linux-gnu/libbsd.so.0.8.7
7fe7c6c62000-7fe7c6e61000 ---p 00013000 08:02 17564142                   /lib/x86_64-linux-gnu/libbsd.so.0.8.7
7fe7c6e61000-7fe7c6e62000 r--p 00012000 08:02 17564142                   /lib/x86_64-linux-gnu/libbsd.so.0.8.7
7fe7c6e62000-7fe7c6e63000 rw-p 00013000 08:02 17564142                   /lib/x86_64-linux-gnu/libbsd.so.0.8.7
7fe7c6e63000-7fe7c6e64000 rw-p 00000000 00:00 0 
7fe7c6e64000-7fe7c6e69000 r-xp 00000000 08:02 17960418                   /usr/lib/x86_64-linux-gnu/libXdmcp.so.6.0.0
7fe7c6e69000-7fe7c7068000 ---p 00005000 08:02 17960418                   /usr/lib/x86_64-linux-gnu/libXdmcp.so.6.0.0
7fe7c7068000-7fe7c7069000 r--p 00004000 08:02 17960418                   /usr/lib/x86_64-linux-gnu/libXdmcp.so.6.0.0
7fe7c7069000-7fe7c706a000 rw-p 00005000 08:02 17960418                   /usr/lib/x86_64-linux-gnu/libXdmcp.so.6.0.0
7fe7c706a000-7fe7c706c000 r-xp 00000000 08:02 17964838                   /usr/lib/x86_64-linux-gnu/libXau.so.6.0.0
7fe7c706c000-7fe7c726c000 ---p 00002000 08:02 17964838                   /usr/lib/x86_64-linux-gnu/libXau.so.6.0.0
7fe7c726c000-7fe7c726d000 r--p 00002000 08:02 17964838                   /usr/lib/x86_64-linux-gnu/libXau.so.6.0.0
7fe7c726d000-7fe7c726e000 rw-p 00003000 08:02 17964838                   /usr/lib/x86_64-linux-gnu/libXau.so.6.0.0
7fe7c726e000-7fe7c7294000 r-xp 00000000 08:02 17961259                   /usr/lib/x86_64-linux-gnu/libxcb.so.1.1.0
7fe7c7294000-7fe7c7494000 ---p 00026000 08:02 17961259                   /usr/lib/x86_64-linux-gnu/libxcb.so.1.1.0
7fe7c7494000-7fe7c7495000 r--p 00026000 08:02 17961259                   /usr/lib/x86_64-linux-gnu/libxcb.so.1.1.0
7fe7c7495000-7fe7c7496000 rw-p 00027000 08:02 17961259                   /usr/lib/x86_64-linux-gnu/libxcb.so.1.1.0
7fe7c7496000-7fe7c74a5000 r-xp 00000000 08:02 17965167                   /usr/lib/x86_64-linux-gnu/libXi.so.6.1.0
7fe7c74a5000-7fe7c76a4000 ---p 0000f000 08:02 17965167                   /usr/lib/x86_64-linux-gnu/libXi.so.6.1.0
7fe7c76a4000-7fe7c76a5000 r--p 0000e000 08:02 17965167                   /usr/lib/x86_64-linux-gnu/libXi.so.6.1.0
7fe7c76a5000-7fe7c76a6000 rw-p 0000f000 08:02 17965167                   /usr/lib/x86_64-linux-gnu/libXi.so.6.1.0
7fe7c76a6000-7fe7c76ab000 r-xp 00000000 08:02 17961040                   /usr/lib/x86_64-linux-gnu/libXtst.so.6.1.0
7fe7c76ab000-7fe7c78aa000 ---p 00005000 08:02 17961040                   /usr/lib/x86_64-linux-gnu/libXtst.so.6.1.0
7fe7c78aa000-7fe7c78ab000 r--p 00004000 08:02 17961040                   /usr/lib/x86_64-linux-gnu/libXtst.so.6.1.0
7fe7c78ab000-7fe7c78ac000 rw-p 00005000 08:02 17961040                   /usr/lib/x86_64-linux-gnu/libXtst.so.6.1.0
7fe7c78ac000-7fe7c78b5000 r-xp 00000000 08:02 17957201                   /usr/lib/x86_64-linux-gnu/libXrender.so.1.3.0
7fe7c78b5000-7fe7c7ab4000 ---p 00009000 08:02 17957201                   /usr/lib/x86_64-linux-gnu/libXrender.so.1.3.0
7fe7c7ab4000-7fe7c7ab5000 r--p 00008000 08:02 17957201                   /usr/lib/x86_64-linux-gnu/libXrender.so.1.3.0
7fe7c7ab5000-7fe7c7ab6000 rw-p 00009000 08:02 17957201                   /usr/lib/x86_64-linux-gnu/libXrender.so.1.3.0
7fe7c7ab6000-7fe7c7be9000 r-xp 00000000 08:02 17962660                   /usr/lib/x86_64-linux-gnu/libX11.so.6.3.0
7fe7c7be9000-7fe7c7de9000 ---p 00133000 08:02 17962660                   /usr/lib/x86_64-linux-gnu/libX11.so.6.3.0
7fe7c7de9000-7fe7c7dea000 r--p 00133000 08:02 17962660                   /usr/lib/x86_64-linux-gnu/libX11.so.6.3.0
7fe7c7dea000-7fe7c7dee000 rw-p 00134000 08:02 17962660                   /usr/lib/x86_64-linux-gnu/libX11.so.6.3.0
7fe7c7dee000-7fe7c7dff000 r-xp 00000000 08:02 17964851                   /usr/lib/x86_64-linux-gnu/libXext.so.6.4.0
7fe7c7dff000-7fe7c7ffe000 ---p 00011000 08:02 17964851                   /usr/lib/x86_64-linux-gnu/libXext.so.6.4.0
7fe7c7ffe000-7fe7c7fff000 r--p 00010000 08:02 17964851                   /usr/lib/x86_64-linux-gnu/libXext.so.6.4.0
7fe7c7fff000-7fe7c8000000 rw-p 00011000 08:02 17964851                   /usr/lib/x86_64-linux-gnu/libXext.so.6.4.0
7fe7c8000000-7fe7c8021000 rw-p 00000000 00:00 0 
7fe7c8021000-7fe7cc000000 ---p 00000000 00:00 0 
7fe7cc000000-7fe7cc006000 r--s 00000000 08:02 159645                     /var/cache/fontconfig/3629f2adf904f9a612908891fae71ceb-le64.cache-7
7fe7cc006000-7fe7cc009000 r--s 00000000 08:02 159638                     /var/cache/fontconfig/de83a0a961185c8bd1f159015d56c039-le64.cache-7
7fe7cc009000-7fe7cc00f000 r--s 00000000 08:02 159588                     /var/cache/fontconfig/7ef2298fde41cc6eeb7af42e48b7d293-le64.cache-7
7fe7cc00f000-7fe7cc013000 r--s 00000000 08:02 159361                     /var/cache/fontconfig/198dcdad82c1ebc3868edff741eb1653-le64.cache-7
7fe7cc013000-7fe7cc016000 r--s 00000000 08:02 162396                     /var/cache/fontconfig/16326683038b281783a0ef8c680e3a10-le64.cache-7
7fe7cc016000-7fe7cc023000 r--s 00000000 08:02 162380                     /var/cache/fontconfig/8f02d4cb045bd6ce15663e43f347c9f8-le64.cache-7
7fe7cc023000-7fe7cc024000 r--s 00000000 08:02 162379                     /var/cache/fontconfig/e0aa53bcfa504e64f87823c16bc01eb6-le64.cache-7
7fe7cc024000-7fe7cc045000 r--s 00000000 08:02 162378                     /var/cache/fontconfig/467c019e582ee353435ea5c21d137ef6-le64.cache-7
7fe7cc045000-7fe7cc05d000 r--s 00000000 08:02 19141375                   /usr/share/fonts/type1/gsfonts/n022003l.pfb
7fe7cc05d000-7fe7cc064000 r--s 00000000 08:02 18222147                   /usr/lib/x86_64-linux-gnu/gconv/gconv-modules.cache
7fe7cc064000-7fe7cc088000 r--p 00000000 08:02 19924601                   /usr/share/locale-langpack/es/LC_MESSAGES/libc.mo
7fe7cc088000-7fe7cc0db000 r-xp 00000000 08:02 20841264                   /usr/lib/jvm/java-8-oracle/jre/lib/amd64/libawt_xawt.so
7fe7cc0db000-7fe7cc2da000 ---p 00053000 08:02 20841264                   /usr/lib/jvm/java-8-oracle/jre/lib/amd64/libawt_xawt.so
7fe7cc2da000-7fe7cc2db000 r--p 00052000 08:02 20841264                   /usr/lib/jvm/java-8-oracle/jre/lib/amd64/libawt_xawt.so
7fe7cc2db000-7fe7cc2de000 rw-p 00053000 08:02 20841264                   /usr/lib/jvm/java-8-oracle/jre/lib/amd64/libawt_xawt.so
7fe7cc2de000-7fe7cc2df000 rw-p 00000000 00:00 0 
7fe7cc2df000-7fe7cc37f000 r-xp 00000000 08:02 20841249                   /usr/lib/jvm/java-8-oracle/jre/lib/amd64/libawt.so
7fe7cc37f000-7fe7cc57e000 ---p 000a0000 08:02 20841249                   /usr/lib/jvm/java-8-oracle/jre/lib/amd64/libawt.so
7fe7cc57e000-7fe7cc57f000 r--p 0009f000 08:02 20841249                   /usr/lib/jvm/java-8-oracle/jre/lib/amd64/libawt.so
7fe7cc57f000-7fe7cc58a000 rw-p 000a0000 08:02 20841249                   /usr/lib/jvm/java-8-oracle/jre/lib/amd64/libawt.so
7fe7cc58a000-7fe7cc5af000 rw-p 00000000 00:00 0 
7fe7cc5af000-7fe7cc5b0000 ---p 00000000 00:00 0 
7fe7cc5b0000-7fe7cc6b0000 rw-p 00000000 00:00 0 
7fe7cc6b0000-7fe7cc6b3000 ---p 00000000 00:00 0 
7fe7cc6b3000-7fe7cc7b1000 rw-p 00000000 00:00 0 
7fe7cc7b1000-7fe7cc7c7000 r-xp 00000000 08:02 20841257                   /usr/lib/jvm/java-8-oracle/jre/lib/amd64/libnet.so
7fe7cc7c7000-7fe7cc9c7000 ---p 00016000 08:02 20841257                   /usr/lib/jvm/java-8-oracle/jre/lib/amd64/libnet.so
7fe7cc9c7000-7fe7cc9c8000 r--p 00016000 08:02 20841257                   /usr/lib/jvm/java-8-oracle/jre/lib/amd64/libnet.so
7fe7cc9c8000-7fe7cc9c9000 rw-p 00017000 08:02 20841257                   /usr/lib/jvm/java-8-oracle/jre/lib/amd64/libnet.so
7fe7cc9c9000-7fe7cc9ca000 ---p 00000000 00:00 0 
7fe7cc9ca000-7fe7cc9cd000 ---p 00000000 00:00 0 
7fe7cc9cd000-7fe7ccaca000 rw-p 00000000 00:00 0 
7fe7ccaca000-7fe7ccacb000 ---p 00000000 00:00 0 
7fe7ccacb000-7fe7ccace000 ---p 00000000 00:00 0 
7fe7ccace000-7fe7ccbcb000 rw-p 00000000 00:00 0 
7fe7ccbcb000-7fe7ccbcc000 ---p 00000000 00:00 0 
7fe7ccbcc000-7fe7ccbcf000 ---p 00000000 00:00 0 
7fe7ccbcf000-7fe7ccccc000 rw-p 00000000 00:00 0 
7fe7ccccc000-7fe7ccccf000 ---p 00000000 00:00 0 
7fe7ccccf000-7fe7ccdcd000 rw-p 00000000 00:00 0 
7fe7ccdcd000-7fe7ccdcf000 r--s 0001a000 08:02 4462104                    /opt/idea/lib/idea_rt.jar
7fe7ccdcf000-7fe7ccdd2000 ---p 00000000 00:00 0 
7fe7ccdd2000-7fe7cced0000 rw-p 00000000 00:00 0 
7fe7cced0000-7fe7cd424000 r--p 00000000 08:02 17957052                   /usr/lib/locale/locale-archive
7fe7cd424000-7fe7cd427000 ---p 00000000 00:00 0 
7fe7cd427000-7fe7cd525000 rw-p 00000000 00:00 0 
7fe7cd525000-7fe7cd528000 ---p 00000000 00:00 0 
7fe7cd528000-7fe7cd626000 rw-p 00000000 00:00 0 
7fe7cd626000-7fe7cd627000 ---p 00000000 00:00 0 
7fe7cd627000-7fe7ce636000 rw-p 00000000 00:00 0 
7fe7ce636000-7fe7ce810000 r--s 03d6f000 08:02 20060615                   /usr/lib/jvm/java-8-oracle/jre/lib/rt.jar
7fe7ce810000-7fe7cf451000 rw-p 00000000 00:00 0 
7fe7cf451000-7fe7cf452000 ---p 00000000 00:00 0 
7fe7cf452000-7fe7cf552000 rw-p 00000000 00:00 0 
7fe7cf552000-7fe7cf553000 ---p 00000000 00:00 0 
7fe7cf553000-7fe7cf653000 rw-p 00000000 00:00 0 
7fe7cf653000-7fe7cf654000 ---p 00000000 00:00 0 
7fe7cf654000-7fe7cf77d000 rw-p 00000000 00:00 0 
7fe7cf77d000-7fe7cf9dc000 ---p 00000000 00:00 0 
7fe7cf9dc000-7fe7cfa05000 rw-p 00000000 00:00 0 
7fe7cfa05000-7fe7cfc63000 ---p 00000000 00:00 0 
7fe7cfc63000-7fe7cfc78000 rw-p 00000000 00:00 0 
7fe7cfc78000-7fe7cfda7000 ---p 00000000 00:00 0 
7fe7cfda7000-7fe7cfdba000 rw-p 00000000 00:00 0 
7fe7cfdba000-7fe7d0168000 ---p 00000000 00:00 0 
7fe7d0168000-7fe7d05c8000 rwxp 00000000 00:00 0 
7fe7d05c8000-7fe7df168000 ---p 00000000 00:00 0 
7fe7df168000-7fe7df183000 r-xp 00000000 08:02 20841252                   /usr/lib/jvm/java-8-oracle/jre/lib/amd64/libzip.so
7fe7df183000-7fe7df382000 ---p 0001b000 08:02 20841252                   /usr/lib/jvm/java-8-oracle/jre/lib/amd64/libzip.so
7fe7df382000-7fe7df383000 r--p 0001a000 08:02 20841252                   /usr/lib/jvm/java-8-oracle/jre/lib/amd64/libzip.so
7fe7df383000-7fe7df384000 rw-p 0001b000 08:02 20841252                   /usr/lib/jvm/java-8-oracle/jre/lib/amd64/libzip.so
7fe7df384000-7fe7df38f000 r-xp 00000000 08:02 17564551                   /lib/x86_64-linux-gnu/libnss_files-2.27.so
7fe7df38f000-7fe7df58e000 ---p 0000b000 08:02 17564551                   /lib/x86_64-linux-gnu/libnss_files-2.27.so
7fe7df58e000-7fe7df58f000 r--p 0000a000 08:02 17564551                   /lib/x86_64-linux-gnu/libnss_files-2.27.so
7fe7df58f000-7fe7df590000 rw-p 0000b000 08:02 17564551                   /lib/x86_64-linux-gnu/libnss_files-2.27.so
7fe7df590000-7fe7df596000 rw-p 00000000 00:00 0 
7fe7df596000-7fe7df5ad000 r-xp 00000000 08:02 17564548                   /lib/x86_64-linux-gnu/libnsl-2.27.so
7fe7df5ad000-7fe7df7ac000 ---p 00017000 08:02 17564548                   /lib/x86_64-linux-gnu/libnsl-2.27.so
7fe7df7ac000-7fe7df7ad000 r--p 00016000 08:02 17564548                   /lib/x86_64-linux-gnu/libnsl-2.27.so
7fe7df7ad000-7fe7df7ae000 rw-p 00017000 08:02 17564548                   /lib/x86_64-linux-gnu/libnsl-2.27.so
7fe7df7ae000-7fe7df7b0000 rw-p 00000000 00:00 0 
7fe7df7b0000-7fe7df7bb000 r-xp 00000000 08:02 17564553                   /lib/x86_64-linux-gnu/libnss_nis-2.27.so
7fe7df7bb000-7fe7df9ba000 ---p 0000b000 08:02 17564553                   /lib/x86_64-linux-gnu/libnss_nis-2.27.so
7fe7df9ba000-7fe7df9bb000 r--p 0000a000 08:02 17564553                   /lib/x86_64-linux-gnu/libnss_nis-2.27.so
7fe7df9bb000-7fe7df9bc000 rw-p 0000b000 08:02 17564553                   /lib/x86_64-linux-gnu/libnss_nis-2.27.so
7fe7df9bc000-7fe7df9c4000 r-xp 00000000 08:02 17564549                   /lib/x86_64-linux-gnu/libnss_compat-2.27.so
7fe7df9c4000-7fe7dfbc4000 ---p 00008000 08:02 17564549                   /lib/x86_64-linux-gnu/libnss_compat-2.27.so
7fe7dfbc4000-7fe7dfbc5000 r--p 00008000 08:02 17564549                   /lib/x86_64-linux-gnu/libnss_compat-2.27.so
7fe7dfbc5000-7fe7dfbc6000 rw-p 00009000 08:02 17564549                   /lib/x86_64-linux-gnu/libnss_compat-2.27.so
7fe7dfbc6000-7fe7dfbd0000 r-xp 00000000 08:02 20841262                   /usr/lib/jvm/java-8-oracle/jre/lib/amd64/libinstrument.so
7fe7dfbd0000-7fe7dfdcf000 ---p 0000a000 08:02 20841262                   /usr/lib/jvm/java-8-oracle/jre/lib/amd64/libinstrument.so
7fe7dfdcf000-7fe7dfdd0000 r--p 00009000 08:02 20841262                   /usr/lib/jvm/java-8-oracle/jre/lib/amd64/libinstrument.so
7fe7dfdd0000-7fe7dfdd1000 rw-p 0000a000 08:02 20841262                   /usr/lib/jvm/java-8-oracle/jre/lib/amd64/libinstrument.so
7fe7dfdd1000-7fe7dfdfd000 r-xp 00000000 08:02 20841244                   /usr/lib/jvm/java-8-oracle/jre/lib/amd64/libjava.so
7fe7dfdfd000-7fe7dfffd000 ---p 0002c000 08:02 20841244                   /usr/lib/jvm/java-8-oracle/jre/lib/amd64/libjava.so
7fe7dfffd000-7fe7dfffe000 r--p 0002c000 08:02 20841244                   /usr/lib/jvm/java-8-oracle/jre/lib/amd64/libjava.so
7fe7dfffe000-7fe7e0000000 rw-p 0002d000 08:02 20841244                   /usr/lib/jvm/java-8-oracle/jre/lib/amd64/libjava.so
7fe7e0000000-7fe7e05f0000 rw-p 00000000 00:00 0 
7fe7e05f0000-7fe7e4000000 ---p 00000000 00:00 0 
7fe7e4000000-7fe7e4013000 r--s 00345000 08:02 20060619                   /usr/lib/jvm/java-8-oracle/jre/lib/resources.jar
7fe7e4013000-7fe7e4026000 r--s 000d6000 08:02 20060594                   /usr/lib/jvm/java-8-oracle/jre/lib/plugin.jar
7fe7e4026000-7fe7e402a000 r--s 000a1000 08:02 20060620                   /usr/lib/jvm/java-8-oracle/jre/lib/jsse.jar
7fe7e402a000-7fe7e402c000 r--s 00007000 08:02 20060628                   /usr/lib/jvm/java-8-oracle/jre/lib/jfxswt.jar
7fe7e402c000-7fe7e4031000 r--s 00084000 08:02 20060567                   /usr/lib/jvm/java-8-oracle/jre/lib/jfr.jar
7fe7e4031000-7fe7e4034000 r--s 0001a000 08:02 20060626                   /usr/lib/jvm/java-8-oracle/jre/lib/jce.jar
7fe7e4034000-7fe7e403e000 r--s 0006e000 08:02 20060577                   /usr/lib/jvm/java-8-oracle/jre/lib/javaws.jar
7fe7e403e000-7fe7e403f000 ---p 00000000 00:00 0 
7fe7e403f000-7fe7e413f000 rw-p 00000000 00:00 0 
7fe7e413f000-7fe7e414c000 r-xp 00000000 08:02 20841251                   /usr/lib/jvm/java-8-oracle/jre/lib/amd64/libverify.so
7fe7e414c000-7fe7e434b000 ---p 0000d000 08:02 20841251                   /usr/lib/jvm/java-8-oracle/jre/lib/amd64/libverify.so
7fe7e434b000-7fe7e434d000 r--p 0000c000 08:02 20841251                   /usr/lib/jvm/java-8-oracle/jre/lib/amd64/libverify.so
7fe7e434d000-7fe7e434e000 rw-p 0000e000 08:02 20841251                   /usr/lib/jvm/java-8-oracle/jre/lib/amd64/libverify.so
7fe7e434e000-7fe7e4355000 r-xp 00000000 08:02 17564558                   /lib/x86_64-linux-gnu/librt-2.27.so
7fe7e4355000-7fe7e4554000 ---p 00007000 08:02 17564558                   /lib/x86_64-linux-gnu/librt-2.27.so
7fe7e4554000-7fe7e4555000 r--p 00006000 08:02 17564558                   /lib/x86_64-linux-gnu/librt-2.27.so
7fe7e4555000-7fe7e4556000 rw-p 00007000 08:02 17564558                   /lib/x86_64-linux-gnu/librt-2.27.so
7fe7e4556000-7fe7e46f3000 r-xp 00000000 08:02 17564428                   /lib/x86_64-linux-gnu/libm-2.27.so
7fe7e46f3000-7fe7e48f2000 ---p 0019d000 08:02 17564428                   /lib/x86_64-linux-gnu/libm-2.27.so
7fe7e48f2000-7fe7e48f3000 r--p 0019c000 08:02 17564428                   /lib/x86_64-linux-gnu/libm-2.27.so
7fe7e48f3000-7fe7e48f4000 rw-p 0019d000 08:02 17564428                   /lib/x86_64-linux-gnu/libm-2.27.so
7fe7e48f4000-7fe7e55dc000 r-xp 00000000 08:02 20841215                   /usr/lib/jvm/java-8-oracle/jre/lib/amd64/server/libjvm.so
7fe7e55dc000-7fe7e57db000 ---p 00ce8000 08:02 20841215                   /usr/lib/jvm/java-8-oracle/jre/lib/amd64/server/libjvm.so
7fe7e57db000-7fe7e5871000 r--p 00ce7000 08:02 20841215                   /usr/lib/jvm/java-8-oracle/jre/lib/amd64/server/libjvm.so
7fe7e5871000-7fe7e58a2000 rw-p 00d7d000 08:02 20841215                   /usr/lib/jvm/java-8-oracle/jre/lib/amd64/server/libjvm.so
7fe7e58a2000-7fe7e58dd000 rw-p 00000000 00:00 0 
7fe7e58dd000-7fe7e5ac4000 r-xp 00000000 08:02 17564402                   /lib/x86_64-linux-gnu/libc-2.27.so
7fe7e5ac4000-7fe7e5cc4000 ---p 001e7000 08:02 17564402                   /lib/x86_64-linux-gnu/libc-2.27.so
7fe7e5cc4000-7fe7e5cc8000 r--p 001e7000 08:02 17564402                   /lib/x86_64-linux-gnu/libc-2.27.so
7fe7e5cc8000-7fe7e5cca000 rw-p 001eb000 08:02 17564402                   /lib/x86_64-linux-gnu/libc-2.27.so
7fe7e5cca000-7fe7e5cce000 rw-p 00000000 00:00 0 
7fe7e5cce000-7fe7e5cd1000 r-xp 00000000 08:02 17564424                   /lib/x86_64-linux-gnu/libdl-2.27.so
7fe7e5cd1000-7fe7e5ed0000 ---p 00003000 08:02 17564424                   /lib/x86_64-linux-gnu/libdl-2.27.so
7fe7e5ed0000-7fe7e5ed1000 r--p 00002000 08:02 17564424                   /lib/x86_64-linux-gnu/libdl-2.27.so
7fe7e5ed1000-7fe7e5ed2000 rw-p 00003000 08:02 17564424                   /lib/x86_64-linux-gnu/libdl-2.27.so
7fe7e5ed2000-7fe7e5ee9000 r-xp 00000000 08:02 18093476                   /usr/lib/jvm/java-8-oracle/lib/amd64/jli/libjli.so
7fe7e5ee9000-7fe7e60e8000 ---p 00017000 08:02 18093476                   /usr/lib/jvm/java-8-oracle/lib/amd64/jli/libjli.so
7fe7e60e8000-7fe7e60e9000 r--p 00016000 08:02 18093476                   /usr/lib/jvm/java-8-oracle/lib/amd64/jli/libjli.so
7fe7e60e9000-7fe7e60ea000 rw-p 00017000 08:02 18093476                   /usr/lib/jvm/java-8-oracle/lib/amd64/jli/libjli.so
7fe7e60ea000-7fe7e6104000 r-xp 00000000 08:02 17564556                   /lib/x86_64-linux-gnu/libpthread-2.27.so
7fe7e6104000-7fe7e6303000 ---p 0001a000 08:02 17564556                   /lib/x86_64-linux-gnu/libpthread-2.27.so
7fe7e6303000-7fe7e6304000 r--p 00019000 08:02 17564556                   /lib/x86_64-linux-gnu/libpthread-2.27.so
7fe7e6304000-7fe7e6305000 rw-p 0001a000 08:02 17564556                   /lib/x86_64-linux-gnu/libpthread-2.27.so
7fe7e6305000-7fe7e6309000 rw-p 00000000 00:00 0 
7fe7e6309000-7fe7e6330000 r-xp 00000000 08:02 17564197                   /lib/x86_64-linux-gnu/ld-2.27.so
7fe7e6330000-7fe7e6400000 rw-p 00000000 00:00 0 
7fe7e6400000-7fe7e6401000 ---p 00000000 00:00 0 
7fe7e6401000-7fe7e6404000 ---p 00000000 00:00 0 
7fe7e6404000-7fe7e6505000 rw-p 00000000 00:00 0 
7fe7e6505000-7fe7e6506000 r--s 00000000 08:02 20060574                   /usr/lib/jvm/java-8-oracle/jre/lib/management-agent.jar
7fe7e6506000-7fe7e6521000 r--s 0020c000 08:02 20060568                   /usr/lib/jvm/java-8-oracle/jre/lib/deploy.jar
7fe7e6521000-7fe7e6526000 r--s 002f9000 08:02 20060611                   /usr/lib/jvm/java-8-oracle/jre/lib/charsets.jar
7fe7e6526000-7fe7e652e000 rw-s 00000000 08:02 1067512                    /tmp/hsperfdata_marc/14125
7fe7e652e000-7fe7e652f000 rw-p 00000000 00:00 0 
7fe7e652f000-7fe7e6530000 r--p 00000000 00:00 0 
7fe7e6530000-7fe7e6531000 r--p 00027000 08:02 17564197                   /lib/x86_64-linux-gnu/ld-2.27.so
7fe7e6531000-7fe7e6532000 rw-p 00028000 08:02 17564197                   /lib/x86_64-linux-gnu/ld-2.27.so
7fe7e6532000-7fe7e6533000 rw-p 00000000 00:00 0 
7ffc68861000-7ffc68883000 rw-p 00000000 00:00 0                          [stack]
7ffc68978000-7ffc6897b000 r--p 00000000 00:00 0                          [vvar]
7ffc6897b000-7ffc6897d000 r-xp 00000000 00:00 0                          [vdso]
ffffffffff600000-ffffffffff601000 r-xp 00000000 00:00 0                  [vsyscall]

VM Arguments:
jvm_args: -javaagent:/opt/idea/lib/idea_rt.jar=37257:/opt/idea/bin -Dfile.encoding=UTF-8 
java_command: Joc
java_class_path (initial): /usr/lib/jvm/java-8-oracle/jre/lib/charsets.jar:/usr/lib/jvm/java-8-oracle/jre/lib/deploy.jar:/usr/lib/jvm/java-8-oracle/jre/lib/ext/cldrdata.jar:/usr/lib/jvm/java-8-oracle/jre/lib/ext/dnsns.jar:/usr/lib/jvm/java-8-oracle/jre/lib/ext/jaccess.jar:/usr/lib/jvm/java-8-oracle/jre/lib/ext/jfxrt.jar:/usr/lib/jvm/java-8-oracle/jre/lib/ext/localedata.jar:/usr/lib/jvm/java-8-oracle/jre/lib/ext/nashorn.jar:/usr/lib/jvm/java-8-oracle/jre/lib/ext/sunec.jar:/usr/lib/jvm/java-8-oracle/jre/lib/ext/sunjce_provider.jar:/usr/lib/jvm/java-8-oracle/jre/lib/ext/sunpkcs11.jar:/usr/lib/jvm/java-8-oracle/jre/lib/ext/zipfs.jar:/usr/lib/jvm/java-8-oracle/jre/lib/javaws.jar:/usr/lib/jvm/java-8-oracle/jre/lib/jce.jar:/usr/lib/jvm/java-8-oracle/jre/lib/jfr.jar:/usr/lib/jvm/java-8-oracle/jre/lib/jfxswt.jar:/usr/lib/jvm/java-8-oracle/jre/lib/jsse.jar:/usr/lib/jvm/java-8-oracle/jre/lib/management-agent.jar:/usr/lib/jvm/java-8-oracle/jre/lib/plugin.jar:/usr/lib/jvm/java-8-oracle/jre/lib/resources.jar:/usr/lib/jvm/java-8-oracle/jre/lib/rt.jar:/home/marc/IdeaProjects/marc/PROP/propEscacs/out/production/propEscacs:/opt/idea/lib/idea_rt.jar
Launcher Type: SUN_STANDARD

Environment Variables:
JAVA_HOME=/usr/lib/jvm/java-8-oracle
PATH=/usr/local/sbin:/usr/local/bin:/usr/sbin:/usr/bin:/sbin:/bin:/usr/games:/usr/local/games:/snap/bin:/usr/lib/jvm/java-8-oracle/bin:/usr/lib/jvm/java-8-oracle/db/bin:/usr/lib/jvm/java-8-oracle/jre/bin
USERNAME=marc
SHELL=/bin/bash
DISPLAY=:0

Signal Handlers:
SIGSEGV: [libjvm.so+0xad3e60], sa_mask[0]=11111111011111111101111111111110, sa_flags=SA_RESTART|SA_SIGINFO
SIGBUS: [libjvm.so+0xad3e60], sa_mask[0]=11111111011111111101111111111110, sa_flags=SA_RESTART|SA_SIGINFO
SIGFPE: [libjvm.so+0x90b880], sa_mask[0]=11111111011111111101111111111110, sa_flags=SA_RESTART|SA_SIGINFO
SIGPIPE: [libjvm.so+0x90b880], sa_mask[0]=11111111011111111101111111111110, sa_flags=SA_RESTART|SA_SIGINFO
SIGXFSZ: [libjvm.so+0x90b880], sa_mask[0]=11111111011111111101111111111110, sa_flags=SA_RESTART|SA_SIGINFO
SIGILL: [libjvm.so+0x90b880], sa_mask[0]=11111111011111111101111111111110, sa_flags=SA_RESTART|SA_SIGINFO
SIGUSR1: SIG_DFL, sa_mask[0]=00000000000000000000000000000000, sa_flags=none
SIGUSR2: [libjvm.so+0x90b750], sa_mask[0]=00100000000000000000000000000000, sa_flags=SA_RESTART|SA_SIGINFO
SIGHUP: [libjvm.so+0x90bd70], sa_mask[0]=11111111011111111101111111111110, sa_flags=SA_RESTART|SA_SIGINFO
SIGINT: [libjvm.so+0x90bd70], sa_mask[0]=11111111011111111101111111111110, sa_flags=SA_RESTART|SA_SIGINFO
SIGTERM: [libjvm.so+0x90bd70], sa_mask[0]=11111111011111111101111111111110, sa_flags=SA_RESTART|SA_SIGINFO
SIGQUIT: [libjvm.so+0x90bd70], sa_mask[0]=11111111011111111101111111111110, sa_flags=SA_RESTART|SA_SIGINFO


---------------  S Y S T E M  ---------------

OS:DISTRIB_ID=Ubuntu
DISTRIB_RELEASE=18.04
DISTRIB_CODENAME=bionic
DISTRIB_DESCRIPTION="Ubuntu 18.04.2 LTS"

uname:Linux 4.15.0-50-generic #54-Ubuntu SMP Mon May 6 18:46:08 UTC 2019 x86_64
libc:glibc 2.27 NPTL 2.27 
rlimit: STACK 8192k, CORE 0k, NPROC 30004, NOFILE 4096, AS infinity
load average:9,25 4,03 2,69

/proc/meminfo:
MemTotal:        7946332 kB
MemFree:         2875264 kB
MemAvailable:    5233776 kB
Buffers:          223740 kB
Cached:          2311088 kB
SwapCached:            0 kB
Active:          3941924 kB
Inactive:         571500 kB
Active(anon):    2047344 kB
Inactive(anon):   137768 kB
Active(file):    1894580 kB
Inactive(file):   433732 kB
Unevictable:          16 kB
Mlocked:              16 kB
SwapTotal:             0 kB
SwapFree:              0 kB
Dirty:              7404 kB
Writeback:             0 kB
AnonPages:       1972992 kB
Mapped:           352440 kB
Shmem:            206516 kB
Slab:             401680 kB
SReclaimable:     339288 kB
SUnreclaim:        62392 kB
KernelStack:       11020 kB
PageTables:        41384 kB
NFS_Unstable:          0 kB
Bounce:                0 kB
WritebackTmp:          0 kB
CommitLimit:     3973164 kB
Committed_AS:    6032996 kB
VmallocTotal:   34359738367 kB
VmallocUsed:           0 kB
VmallocChunk:          0 kB
HardwareCorrupted:     0 kB
AnonHugePages:         0 kB
ShmemHugePages:        0 kB
ShmemPmdMapped:        0 kB
CmaTotal:              0 kB
CmaFree:               0 kB
HugePages_Total:       0
HugePages_Free:        0
HugePages_Rsvd:        0
HugePages_Surp:        0
Hugepagesize:       2048 kB
DirectMap4k:      345716 kB
DirectMap2M:     6770688 kB
DirectMap1G:     1048576 kB

container (cgroup) information:
container_type: cgroupv1
cpu_cpuset_cpus: 0-3
cpu_memory_nodes: 0
active_processor_count: 4
cpu_quota: -1
cpu_period: 100000
cpu_shares: -1
memory_limit_in_bytes: -1
memory_and_swap_limit_in_bytes: -2
memory_soft_limit_in_bytes: -1
memory_usage_in_bytes: 4615946240
memory_max_usage_in_bytes: 0


CPU:total 4 (initial active 4) (2 cores per cpu, 2 threads per core) family 6 model 78 stepping 3, cmov, cx8, fxsr, mmx, sse, sse2, sse3, ssse3, sse4.1, sse4.2, popcnt, avx, avx2, aes, clmul, erms, 3dnowpref, lzcnt, ht, tsc, tscinvbit, bmi1, bmi2, adx

/proc/cpuinfo:
processor	: 0
vendor_id	: GenuineIntel
cpu family	: 6
model		: 78
model name	: Intel(R) Core(TM) i3-6006U CPU @ 2.00GHz
stepping	: 3
microcode	: 0xcc
cpu MHz		: 1999.999
cache size	: 3072 KB
physical id	: 0
siblings	: 4
core id		: 0
cpu cores	: 2
apicid		: 0
initial apicid	: 0
fpu		: yes
fpu_exception	: yes
cpuid level	: 22
wp		: yes
flags		: fpu vme de pse tsc msr pae mce cx8 apic sep mtrr pge mca cmov pat pse36 clflush dts acpi mmx fxsr sse sse2 ss ht tm pbe syscall nx pdpe1gb rdtscp lm constant_tsc art arch_perfmon pebs bts rep_good nopl xtopology nonstop_tsc cpuid aperfmperf tsc_known_freq pni pclmulqdq dtes64 monitor ds_cpl vmx est tm2 ssse3 sdbg fma cx16 xtpr pdcm pcid sse4_1 sse4_2 x2apic movbe popcnt tsc_deadline_timer aes xsave avx f16c rdrand lahf_lm abm 3dnowprefetch cpuid_fault invpcid_single pti ssbd ibrs ibpb stibp tpr_shadow vnmi flexpriority ept vpid fsgsbase tsc_adjust bmi1 avx2 smep bmi2 erms invpcid mpx rdseed adx smap clflushopt intel_pt xsaveopt xsavec xgetbv1 xsaves dtherm arat pln pts hwp hwp_notify hwp_act_window hwp_epp md_clear flush_l1d
bugs		: cpu_meltdown spectre_v1 spectre_v2 spec_store_bypass l1tf mds
bogomips	: 3984.00
clflush size	: 64
cache_alignment	: 64
address sizes	: 39 bits physical, 48 bits virtual
power management:

processor	: 1
vendor_id	: GenuineIntel
cpu family	: 6
model		: 78
model name	: Intel(R) Core(TM) i3-6006U CPU @ 2.00GHz
stepping	: 3
microcode	: 0xcc
cpu MHz		: 1999.999
cache size	: 3072 KB
physical id	: 0
siblings	: 4
core id		: 1
cpu cores	: 2
apicid		: 2
initial apicid	: 2
fpu		: yes
fpu_exception	: yes
cpuid level	: 22
wp		: yes
flags		: fpu vme de pse tsc msr pae mce cx8 apic sep mtrr pge mca cmov pat pse36 clflush dts acpi mmx fxsr sse sse2 ss ht tm pbe syscall nx pdpe1gb rdtscp lm constant_tsc art arch_perfmon pebs bts rep_good nopl xtopology nonstop_tsc cpuid aperfmperf tsc_known_freq pni pclmulqdq dtes64 monitor ds_cpl vmx est tm2 ssse3 sdbg fma cx16 xtpr pdcm pcid sse4_1 sse4_2 x2apic movbe popcnt tsc_deadline_timer aes xsave avx f16c rdrand lahf_lm abm 3dnowprefetch cpuid_fault invpcid_single pti ssbd ibrs ibpb stibp tpr_shadow vnmi flexpriority ept vpid fsgsbase tsc_adjust bmi1 avx2 smep bmi2 erms invpcid mpx rdseed adx smap clflushopt intel_pt xsaveopt xsavec xgetbv1 xsaves dtherm arat pln pts hwp hwp_notify hwp_act_window hwp_epp md_clear flush_l1d
bugs		: cpu_meltdown spectre_v1 spectre_v2 spec_store_bypass l1tf mds
bogomips	: 3984.00
clflush size	: 64
cache_alignment	: 64
address sizes	: 39 bits physical, 48 bits virtual
power management:

processor	: 2
vendor_id	: GenuineIntel
cpu family	: 6
model		: 78
model name	: Intel(R) Core(TM) i3-6006U CPU @ 2.00GHz
stepping	: 3
microcode	: 0xcc
cpu MHz		: 1999.999
cache size	: 3072 KB
physical id	: 0
siblings	: 4
core id		: 0
cpu cores	: 2
apicid		: 1
initial apicid	: 1
fpu		: yes
fpu_exception	: yes
cpuid level	: 22
wp		: yes
flags		: fpu vme de pse tsc msr pae mce cx8 apic sep mtrr pge mca cmov pat pse36 clflush dts acpi mmx fxsr sse sse2 ss ht tm pbe syscall nx pdpe1gb rdtscp lm constant_tsc art arch_perfmon pebs bts rep_good nopl xtopology nonstop_tsc cpuid aperfmperf tsc_known_freq pni pclmulqdq dtes64 monitor ds_cpl vmx est tm2 ssse3 sdbg fma cx16 xtpr pdcm pcid sse4_1 sse4_2 x2apic movbe popcnt tsc_deadline_timer aes xsave avx f16c rdrand lahf_lm abm 3dnowprefetch cpuid_fault invpcid_single pti ssbd ibrs ibpb stibp tpr_shadow vnmi flexpriority ept vpid fsgsbase tsc_adjust bmi1 avx2 smep bmi2 erms invpcid mpx rdseed adx smap clflushopt intel_pt xsaveopt xsavec xgetbv1 xsaves dtherm arat pln pts hwp hwp_notify hwp_act_window hwp_epp md_clear flush_l1d
bugs		: cpu_meltdown spectre_v1 spectre_v2 spec_store_bypass l1tf mds
bogomips	: 3984.00
clflush size	: 64
cache_alignment	: 64
address sizes	: 39 bits physical, 48 bits virtual
power management:

processor	: 3
vendor_id	: GenuineIntel
cpu family	: 6
model		: 78
model name	: Intel(R) Core(TM) i3-6006U CPU @ 2.00GHz
stepping	: 3
microcode	: 0xcc
cpu MHz		: 1999.999
cache size	: 3072 KB
physical id	: 0
siblings	: 4
core id		: 1
cpu cores	: 2
apicid		: 3
initial apicid	: 3
fpu		: yes
fpu_exception	: yes
cpuid level	: 22
wp		: yes
flags		: fpu vme de pse tsc msr pae mce cx8 apic sep mtrr pge mca cmov pat pse36 clflush dts acpi mmx fxsr sse sse2 ss ht tm pbe syscall nx pdpe1gb rdtscp lm constant_tsc art arch_perfmon pebs bts rep_good nopl xtopology nonstop_tsc cpuid aperfmperf tsc_known_freq pni pclmulqdq dtes64 monitor ds_cpl vmx est tm2 ssse3 sdbg fma cx16 xtpr pdcm pcid sse4_1 sse4_2 x2apic movbe popcnt tsc_deadline_timer aes xsave avx f16c rdrand lahf_lm abm 3dnowprefetch cpuid_fault invpcid_single pti ssbd ibrs ibpb stibp tpr_shadow vnmi flexpriority ept vpid fsgsbase tsc_adjust bmi1 avx2 smep bmi2 erms invpcid mpx rdseed adx smap clflushopt intel_pt xsaveopt xsavec xgetbv1 xsaves dtherm arat pln pts hwp hwp_notify hwp_act_window hwp_epp md_clear flush_l1d
bugs		: cpu_meltdown spectre_v1 spectre_v2 spec_store_bypass l1tf mds
bogomips	: 3984.00
clflush size	: 64
cache_alignment	: 64
address sizes	: 39 bits physical, 48 bits virtual
power management:



Memory: 4k page, physical 7946332k(3225284k free), swap 0k(0k free)

vm_info: Java HotSpot(TM) 64-Bit Server VM (25.201-b09) for linux-amd64 JRE (1.8.0_201-b09), built on Dec 15 2018 11:35:59 by "java_re" with gcc 7.3.0

time: Wed May 29 09:40:44 2019
timezone: CEST
elapsed time: 62 seconds (0d 0h 1m 2s)

